<?xml version="1.0" encoding="UTF-8"?>
<coverage generated="1773229785687" clover="3.2.0">
  <project timestamp="1773229785687" name="All files">
    <metrics statements="705" coveredstatements="649" conditionals="398" coveredconditionals="341" methods="153" coveredmethods="145" elements="1256" coveredelements="1135" complexity="0" loc="705" ncloc="705" packages="29" files="44" classes="44"/>
    <package name="features.accounts.application">
      <metrics statements="20" coveredstatements="20" conditionals="20" coveredconditionals="20" methods="3" coveredmethods="3"/>
      <file name="createAccount.ts" path="C:\workspace\projetoGit\workspaceRN\gofinances\src\features\accounts\application\createAccount.ts">
        <metrics statements="6" coveredstatements="6" conditionals="6" coveredconditionals="6" methods="1" coveredmethods="1"/>
        <line num="14" count="2" type="stmt"/>
        <line num="17" count="7" type="cond" truecount="2" falsecount="0"/>
        <line num="18" count="2" type="stmt"/>
        <line num="21" count="5" type="stmt"/>
        <line num="23" count="5" type="stmt"/>
        <line num="38" count="5" type="stmt"/>
      </file>
      <file name="createCreditCard.ts" path="C:\workspace\projetoGit\workspaceRN\gofinances\src\features\accounts\application\createCreditCard.ts">
        <metrics statements="12" coveredstatements="12" conditionals="14" coveredconditionals="14" methods="1" coveredmethods="1"/>
        <line num="16" count="1" type="stmt"/>
        <line num="19" count="8" type="cond" truecount="2" falsecount="0"/>
        <line num="20" count="1" type="stmt"/>
        <line num="23" count="7" type="cond" truecount="2" falsecount="0"/>
        <line num="24" count="1" type="stmt"/>
        <line num="27" count="6" type="cond" truecount="4" falsecount="0"/>
        <line num="28" count="2" type="stmt"/>
        <line num="31" count="4" type="cond" truecount="4" falsecount="0"/>
        <line num="32" count="2" type="stmt"/>
        <line num="35" count="2" type="stmt"/>
        <line num="37" count="2" type="stmt"/>
        <line num="53" count="2" type="stmt"/>
      </file>
      <file name="listAccounts.ts" path="C:\workspace\projetoGit\workspaceRN\gofinances\src\features\accounts\application\listAccounts.ts">
        <metrics statements="2" coveredstatements="2" conditionals="0" coveredconditionals="0" methods="1" coveredmethods="1"/>
        <line num="4" count="1" type="stmt"/>
        <line num="7" count="2" type="stmt"/>
      </file>
    </package>
    <package name="features.accounts.domain">
      <metrics statements="42" coveredstatements="42" conditionals="26" coveredconditionals="26" methods="8" coveredmethods="8"/>
      <file name="calculateAccountBalance.ts" path="C:\workspace\projetoGit\workspaceRN\gofinances\src\features\accounts\domain\calculateAccountBalance.ts">
        <metrics statements="11" coveredstatements="11" conditionals="8" coveredconditionals="8" methods="1" coveredmethods="1"/>
        <line num="14" count="19" type="stmt"/>
        <line num="15" count="19" type="stmt"/>
        <line num="16" count="19" type="stmt"/>
        <line num="18" count="19" type="stmt"/>
        <line num="19" count="43" type="cond" truecount="2" falsecount="0"/>
        <line num="20" count="41" type="cond" truecount="4" falsecount="0"/>
        <line num="22" count="40" type="stmt"/>
        <line num="24" count="40" type="cond" truecount="2" falsecount="0"/>
        <line num="25" count="22" type="stmt"/>
        <line num="28" count="18" type="stmt"/>
        <line num="32" count="19" type="stmt"/>
      </file>
      <file name="invoiceRules.ts" path="C:\workspace\projetoGit\workspaceRN\gofinances\src\features\accounts\domain\invoiceRules.ts">
        <metrics statements="31" coveredstatements="31" conditionals="18" coveredconditionals="18" methods="7" coveredmethods="7"/>
        <line num="5" count="3" type="stmt"/>
        <line num="6" count="5" type="stmt"/>
        <line num="7" count="4" type="stmt"/>
        <line num="19" count="7" type="stmt"/>
        <line num="21" count="7" type="cond" truecount="4" falsecount="0"/>
        <line num="22" count="1" type="stmt"/>
        <line num="25" count="6" type="stmt"/>
        <line num="26" count="6" type="stmt"/>
        <line num="27" count="6" type="stmt"/>
        <line num="29" count="6" type="cond" truecount="4" falsecount="0"/>
        <line num="30" count="2" type="stmt"/>
        <line num="33" count="4" type="cond" truecount="2" falsecount="0"/>
        <line num="34" count="2" type="cond" truecount="4" falsecount="0"/>
        <line num="35" count="1" type="stmt"/>
        <line num="37" count="1" type="stmt"/>
        <line num="40" count="2" type="stmt"/>
        <line num="56" count="4" type="stmt"/>
        <line num="60" count="16" type="stmt"/>
        <line num="64" count="4" type="stmt"/>
        <line num="66" count="4" type="stmt"/>
        <line num="67" count="4" type="stmt"/>
        <line num="69" count="4" type="stmt"/>
        <line num="71" count="4" type="stmt"/>
        <line num="72" count="4" type="stmt"/>
        <line num="74" count="4" type="cond" truecount="2" falsecount="0"/>
        <line num="75" count="3" type="stmt"/>
        <line num="76" count="3" type="cond" truecount="2" falsecount="0"/>
        <line num="77" count="1" type="stmt"/>
        <line num="78" count="1" type="stmt"/>
        <line num="82" count="4" type="stmt"/>
        <line num="84" count="4" type="stmt"/>
      </file>
    </package>
    <package name="features.budget.application">
      <metrics statements="11" coveredstatements="11" conditionals="4" coveredconditionals="4" methods="3" coveredmethods="3"/>
      <file name="createBudget.ts" path="C:\workspace\projetoGit\workspaceRN\gofinances\src\features\budget\application\createBudget.ts">
        <metrics statements="8" coveredstatements="8" conditionals="4" coveredconditionals="4" methods="1" coveredmethods="1"/>
        <line num="6" count="2" type="stmt"/>
        <line num="18" count="6" type="cond" truecount="2" falsecount="0"/>
        <line num="19" count="2" type="stmt"/>
        <line num="21" count="4" type="cond" truecount="2" falsecount="0"/>
        <line num="22" count="2" type="stmt"/>
        <line num="25" count="2" type="stmt"/>
        <line num="26" count="2" type="stmt"/>
        <line num="41" count="2" type="stmt"/>
      </file>
      <file name="listBudgets.ts" path="C:\workspace\projetoGit\workspaceRN\gofinances\src\features\budget\application\listBudgets.ts">
        <metrics statements="3" coveredstatements="3" conditionals="0" coveredconditionals="0" methods="2" coveredmethods="2"/>
        <line num="10" count="1" type="stmt"/>
        <line num="22" count="2" type="stmt"/>
        <line num="23" count="2" type="stmt"/>
      </file>
    </package>
    <package name="features.budget.domain">
      <metrics statements="11" coveredstatements="11" conditionals="8" coveredconditionals="8" methods="3" coveredmethods="3"/>
      <file name="budgetRules.ts" path="C:\workspace\projetoGit\workspaceRN\gofinances\src\features\budget\domain\budgetRules.ts">
        <metrics statements="11" coveredstatements="11" conditionals="8" coveredconditionals="8" methods="3" coveredmethods="3"/>
        <line num="11" count="6" type="cond" truecount="2" falsecount="0"/>
        <line num="12" count="1" type="stmt"/>
        <line num="15" count="5" type="stmt"/>
        <line num="28" count="7" type="cond" truecount="2" falsecount="0"/>
        <line num="30" count="6" type="stmt"/>
        <line num="32" count="6" type="cond" truecount="2" falsecount="0"/>
        <line num="33" count="4" type="cond" truecount="2" falsecount="0"/>
        <line num="34" count="2" type="stmt"/>
        <line num="44" count="4" type="stmt"/>
        <line num="45" count="4" type="stmt"/>
        <line num="46" count="4" type="stmt"/>
      </file>
    </package>
    <package name="features.calendar.application">
      <metrics statements="15" coveredstatements="15" conditionals="9" coveredconditionals="7" methods="2" coveredmethods="2"/>
      <file name="createReminder.ts" path="C:\workspace\projetoGit\workspaceRN\gofinances\src\features\calendar\application\createReminder.ts">
        <metrics statements="11" coveredstatements="11" conditionals="8" coveredconditionals="7" methods="1" coveredmethods="1"/>
        <line num="6" count="1" type="stmt"/>
        <line num="18" count="7" type="cond" truecount="2" falsecount="0"/>
        <line num="19" count="2" type="stmt"/>
        <line num="21" count="5" type="cond" truecount="2" falsecount="0"/>
        <line num="22" count="1" type="stmt"/>
        <line num="25" count="4" type="stmt"/>
        <line num="26" count="4" type="stmt"/>
        <line num="39" count="4" type="stmt"/>
        <line num="41" count="4" type="stmt"/>
        <line num="42" count="4" type="stmt"/>
        <line num="52" count="4" type="stmt"/>
      </file>
      <file name="getUpcomingDues.ts" path="C:\workspace\projetoGit\workspaceRN\gofinances\src\features\calendar\application\getUpcomingDues.ts">
        <metrics statements="4" coveredstatements="4" conditionals="1" coveredconditionals="0" methods="1" coveredmethods="1"/>
        <line num="5" count="1" type="stmt"/>
        <line num="8" count="1" type="stmt"/>
        <line num="9" count="1" type="stmt"/>
        <line num="10" count="1" type="stmt"/>
      </file>
    </package>
    <package name="features.calendar.domain">
      <metrics statements="9" coveredstatements="9" conditionals="6" coveredconditionals="6" methods="4" coveredmethods="4"/>
      <file name="upcomingDues.ts" path="C:\workspace\projetoGit\workspaceRN\gofinances\src\features\calendar\domain\upcomingDues.ts">
        <metrics statements="9" coveredstatements="9" conditionals="6" coveredconditionals="6" methods="4" coveredmethods="4"/>
        <line num="16" count="7" type="stmt"/>
        <line num="18" count="7" type="stmt"/>
        <line num="20" count="24" type="cond" truecount="2" falsecount="0"/>
        <line num="21" count="18" type="stmt"/>
        <line num="22" count="18" type="stmt"/>
        <line num="23" count="18" type="cond" truecount="2" falsecount="0"/>
        <line num="25" count="5" type="stmt"/>
        <line num="29" count="4" type="stmt"/>
        <line num="30" count="4" type="cond" truecount="2" falsecount="0"/>
      </file>
    </package>
    <package name="features.calendar.infra">
      <metrics statements="41" coveredstatements="7" conditionals="20" coveredconditionals="2" methods="7" coveredmethods="2"/>
      <file name="notificationService.ts" path="C:\workspace\projetoGit\workspaceRN\gofinances\src\features\calendar\infra\notificationService.ts">
        <metrics statements="41" coveredstatements="7" conditionals="20" coveredconditionals="2" methods="7" coveredmethods="2"/>
        <line num="4" count="1" type="stmt"/>
        <line num="7" count="4" type="cond" truecount="1" falsecount="1"/>
        <line num="8" count="4" type="stmt"/>
        <line num="9" count="4" type="stmt"/>
        <line num="10" count="0" type="stmt"/>
        <line num="11" count="0" type="stmt"/>
        <line num="19" count="0" type="stmt"/>
        <line num="21" count="4" type="stmt"/>
        <line num="26" count="0" type="stmt"/>
        <line num="27" count="0" type="cond" truecount="0" falsecount="2"/>
        <line num="29" count="0" type="stmt"/>
        <line num="30" count="0" type="stmt"/>
        <line num="31" count="0" type="cond" truecount="0" falsecount="2"/>
        <line num="33" count="0" type="stmt"/>
        <line num="34" count="0" type="stmt"/>
        <line num="36" count="0" type="stmt"/>
        <line num="46" count="4" type="stmt"/>
        <line num="47" count="4" type="cond" truecount="1" falsecount="1"/>
        <line num="49" count="0" type="stmt"/>
        <line num="50" count="0" type="cond" truecount="0" falsecount="2"/>
        <line num="52" count="0" type="stmt"/>
        <line num="53" count="0" type="stmt"/>
        <line num="55" count="0" type="stmt"/>
        <line num="56" count="0" type="cond" truecount="0" falsecount="2"/>
        <line num="58" count="0" type="stmt"/>
        <line num="59" count="0" type="stmt"/>
        <line num="70" count="0" type="stmt"/>
        <line num="72" count="0" type="stmt"/>
        <line num="77" count="0" type="stmt"/>
        <line num="78" count="0" type="cond" truecount="0" falsecount="2"/>
        <line num="79" count="0" type="stmt"/>
        <line num="80" count="0" type="stmt"/>
        <line num="87" count="0" type="stmt"/>
        <line num="88" count="0" type="cond" truecount="0" falsecount="2"/>
        <line num="89" count="0" type="stmt"/>
        <line num="90" count="0" type="stmt"/>
        <line num="97" count="0" type="cond" truecount="0" falsecount="2"/>
        <line num="98" count="0" type="stmt"/>
        <line num="99" count="0" type="cond" truecount="0" falsecount="2"/>
        <line num="100" count="0" type="stmt"/>
        <line num="101" count="0" type="stmt"/>
      </file>
    </package>
    <package name="features.cashflow.application">
      <metrics statements="14" coveredstatements="14" conditionals="0" coveredconditionals="0" methods="3" coveredmethods="3"/>
      <file name="getCashFlowProjection.ts" path="C:\workspace\projetoGit\workspaceRN\gofinances\src\features\cashflow\application\getCashFlowProjection.ts">
        <metrics statements="14" coveredstatements="14" conditionals="0" coveredconditionals="0" methods="3" coveredmethods="3"/>
        <line num="12" count="1" type="stmt"/>
        <line num="13" count="1" type="stmt"/>
        <line num="25" count="5" type="stmt"/>
        <line num="30" count="5" type="stmt"/>
        <line num="31" count="5" type="stmt"/>
        <line num="33" count="5" type="stmt"/>
        <line num="34" count="5" type="stmt"/>
        <line num="37" count="5" type="stmt"/>
        <line num="38" count="5" type="stmt"/>
        <line num="39" count="5" type="stmt"/>
        <line num="42" count="5" type="stmt"/>
        <line num="43" count="5" type="stmt"/>
        <line num="46" count="5" type="stmt"/>
        <line num="48" count="5" type="stmt"/>
      </file>
    </package>
    <package name="features.cashflow.domain">
      <metrics statements="71" coveredstatements="69" conditionals="32" coveredconditionals="28" methods="12" coveredmethods="12"/>
      <file name="cashFlowRules.ts" path="C:\workspace\projetoGit\workspaceRN\gofinances\src\features\cashflow\domain\cashFlowRules.ts">
        <metrics statements="71" coveredstatements="69" conditionals="32" coveredconditionals="28" methods="12" coveredmethods="12"/>
        <line num="33" count="14" type="cond" truecount="2" falsecount="0"/>
        <line num="35" count="9" type="stmt"/>
        <line num="36" count="9" type="stmt"/>
        <line num="37" count="13" type="stmt"/>
        <line num="38" count="13" type="cond" truecount="2" falsecount="0"/>
        <line num="39" count="13" type="stmt"/>
        <line num="40" count="13" type="stmt"/>
        <line num="43" count="9" type="stmt"/>
        <line num="45" count="9" type="stmt"/>
        <line num="46" count="5" type="cond" truecount="2" falsecount="0"/>
        <line num="48" count="8" type="stmt"/>
        <line num="50" count="4" type="stmt"/>
        <line num="51" count="12" type="stmt"/>
        <line num="52" count="12" type="stmt"/>
        <line num="54" count="4" type="stmt"/>
        <line num="64" count="9" type="stmt"/>
        <line num="75" count="9" type="cond" truecount="2" falsecount="0"/>
        <line num="77" count="8" type="stmt"/>
        <line num="78" count="8" type="stmt"/>
        <line num="80" count="8" type="stmt"/>
        <line num="82" count="8" type="stmt"/>
        <line num="83" count="4" type="stmt"/>
        <line num="85" count="4" type="stmt"/>
        <line num="86" count="4" type="stmt"/>
        <line num="89" count="4" type="cond" truecount="1" falsecount="1"/>
        <line num="90" count="0" type="stmt"/>
        <line num="91" count="0" type="stmt"/>
        <line num="94" count="4" type="stmt"/>
        <line num="95" count="7" type="stmt"/>
        <line num="102" count="7" type="stmt"/>
        <line num="103" count="7" type="stmt"/>
        <line num="104" count="7" type="stmt"/>
        <line num="105" count="7" type="stmt"/>
        <line num="109" count="8" type="stmt"/>
        <line num="121" count="8" type="stmt"/>
        <line num="122" count="8" type="stmt"/>
        <line num="124" count="8" type="stmt"/>
        <line num="125" count="8" type="stmt"/>
        <line num="126" count="11" type="cond" truecount="4" falsecount="0"/>
        <line num="127" count="8" type="cond" truecount="2" falsecount="0"/>
        <line num="128" count="8" type="stmt"/>
        <line num="129" count="8" type="stmt"/>
        <line num="132" count="8" type="stmt"/>
        <line num="134" count="8" type="stmt"/>
        <line num="135" count="4" type="stmt"/>
        <line num="136" count="4" type="cond" truecount="2" falsecount="2"/>
        <line num="139" count="4" type="stmt"/>
        <line num="140" count="4" type="stmt"/>
        <line num="141" count="4" type="cond" truecount="1" falsecount="1"/>
        <line num="143" count="4" type="cond" truecount="2" falsecount="0"/>
        <line num="145" count="3" type="stmt"/>
        <line num="146" count="3" type="stmt"/>
        <line num="148" count="3" type="stmt"/>
        <line num="149" count="19" type="stmt"/>
        <line num="150" count="19" type="stmt"/>
        <line num="152" count="19" type="cond" truecount="4" falsecount="0"/>
        <line num="153" count="6" type="stmt"/>
        <line num="163" count="8" type="stmt"/>
        <line num="174" count="9" type="stmt"/>
        <line num="180" count="9" type="stmt"/>
        <line num="181" count="27" type="stmt"/>
        <line num="182" count="27" type="stmt"/>
        <line num="184" count="27" type="stmt"/>
        <line num="185" count="33" type="cond" truecount="2" falsecount="0"/>
        <line num="188" count="27" type="stmt"/>
        <line num="189" count="27" type="stmt"/>
        <line num="191" count="27" type="stmt"/>
        <line num="192" count="27" type="cond" truecount="2" falsecount="0"/>
        <line num="193" count="20" type="stmt"/>
        <line num="196" count="27" type="stmt"/>
        <line num="208" count="11" type="stmt"/>
      </file>
    </package>
    <package name="features.goals.application">
      <metrics statements="25" coveredstatements="22" conditionals="20" coveredconditionals="19" methods="3" coveredmethods="2"/>
      <file name="contributeToGoal.ts" path="C:\workspace\projetoGit\workspaceRN\gofinances\src\features\goals\application\contributeToGoal.ts">
        <metrics statements="15" coveredstatements="14" conditionals="12" coveredconditionals="11" methods="1" coveredmethods="1"/>
        <line num="5" count="1" type="stmt"/>
        <line num="8" count="6" type="cond" truecount="2" falsecount="0"/>
        <line num="9" count="2" type="stmt"/>
        <line num="12" count="4" type="stmt"/>
        <line num="13" count="4" type="cond" truecount="2" falsecount="0"/>
        <line num="14" count="1" type="stmt"/>
        <line num="16" count="3" type="cond" truecount="2" falsecount="0"/>
        <line num="17" count="1" type="stmt"/>
        <line num="20" count="2" type="stmt"/>
        <line num="21" count="2" type="cond" truecount="1" falsecount="1"/>
        <line num="22" count="0" type="stmt"/>
        <line num="25" count="2" type="cond" truecount="4" falsecount="0"/>
        <line num="26" count="1" type="stmt"/>
        <line num="27" count="1" type="stmt"/>
        <line num="30" count="1" type="stmt"/>
      </file>
      <file name="createGoal.ts" path="C:\workspace\projetoGit\workspaceRN\gofinances\src\features\goals\application\createGoal.ts">
        <metrics statements="8" coveredstatements="8" conditionals="8" coveredconditionals="8" methods="1" coveredmethods="1"/>
        <line num="6" count="1" type="stmt"/>
        <line num="18" count="5" type="cond" truecount="2" falsecount="0"/>
        <line num="19" count="1" type="stmt"/>
        <line num="21" count="4" type="cond" truecount="2" falsecount="0"/>
        <line num="22" count="2" type="stmt"/>
        <line num="25" count="2" type="stmt"/>
        <line num="26" count="2" type="stmt"/>
        <line num="42" count="2" type="stmt"/>
      </file>
      <file name="listGoals.ts" path="C:\workspace\projetoGit\workspaceRN\gofinances\src\features\goals\application\listGoals.ts">
        <metrics statements="2" coveredstatements="0" conditionals="0" coveredconditionals="0" methods="1" coveredmethods="0"/>
        <line num="4" count="0" type="stmt"/>
        <line num="7" count="0" type="stmt"/>
      </file>
    </package>
    <package name="features.goals.domain">
      <metrics statements="13" coveredstatements="13" conditionals="12" coveredconditionals="12" methods="5" coveredmethods="5"/>
      <file name="goalRules.ts" path="C:\workspace\projetoGit\workspaceRN\gofinances\src\features\goals\domain\goalRules.ts">
        <metrics statements="13" coveredstatements="13" conditionals="12" coveredconditionals="12" methods="5" coveredmethods="5"/>
        <line num="4" count="5" type="cond" truecount="2" falsecount="0"/>
        <line num="5" count="4" type="stmt"/>
        <line num="9" count="8" type="stmt"/>
        <line num="17" count="5" type="stmt"/>
        <line num="18" count="5" type="cond" truecount="2" falsecount="0"/>
        <line num="19" count="4" type="cond" truecount="2" falsecount="0"/>
        <line num="20" count="2" type="stmt"/>
        <line num="28" count="4" type="cond" truecount="2" falsecount="0"/>
        <line num="29" count="3" type="cond" truecount="2" falsecount="0"/>
        <line num="30" count="2" type="stmt"/>
        <line num="34" count="3" type="cond" truecount="2" falsecount="0"/>
        <line num="35" count="2" type="stmt"/>
        <line num="36" count="2" type="stmt"/>
      </file>
    </package>
    <package name="features.import-export.application">
      <metrics statements="7" coveredstatements="7" conditionals="0" coveredconditionals="0" methods="3" coveredmethods="3"/>
      <file name="exportTransactions.ts" path="C:\workspace\projetoGit\workspaceRN\gofinances\src\features\import-export\application\exportTransactions.ts">
        <metrics statements="1" coveredstatements="1" conditionals="0" coveredconditionals="0" methods="1" coveredmethods="1"/>
        <line num="5" count="2" type="stmt"/>
      </file>
      <file name="importTransactions.ts" path="C:\workspace\projetoGit\workspaceRN\gofinances\src\features\import-export\application\importTransactions.ts">
        <metrics statements="6" coveredstatements="6" conditionals="0" coveredconditionals="0" methods="2" coveredmethods="2"/>
        <line num="18" count="5" type="stmt"/>
        <line num="19" count="5" type="stmt"/>
        <line num="20" count="5" type="stmt"/>
        <line num="22" count="5" type="stmt"/>
        <line num="23" count="7" type="stmt"/>
        <line num="40" count="5" type="stmt"/>
      </file>
    </package>
    <package name="features.import-export.domain">
      <metrics statements="81" coveredstatements="76" conditionals="56" coveredconditionals="47" methods="10" coveredmethods="10"/>
      <file name="csvExporter.ts" path="C:\workspace\projetoGit\workspaceRN\gofinances\src\features\import-export\domain\csvExporter.ts">
        <metrics statements="6" coveredstatements="6" conditionals="2" coveredconditionals="2" methods="2" coveredmethods="2"/>
        <line num="5" count="7" type="stmt"/>
        <line num="6" count="7" type="stmt"/>
        <line num="7" count="8" type="stmt"/>
        <line num="8" count="8" type="cond" truecount="2" falsecount="0"/>
        <line num="9" count="8" type="stmt"/>
        <line num="11" count="7" type="stmt"/>
      </file>
      <file name="csvParser.ts" path="C:\workspace\projetoGit\workspaceRN\gofinances\src\features\import-export\domain\csvParser.ts">
        <metrics statements="75" coveredstatements="70" conditionals="54" coveredconditionals="45" methods="8" coveredmethods="8"/>
        <line num="27" count="23" type="stmt"/>
        <line num="28" count="23" type="stmt"/>
        <line num="29" count="23" type="cond" truecount="2" falsecount="0"/>
        <line num="31" count="23" type="stmt"/>
        <line num="35" count="23" type="cond" truecount="2" falsecount="0"/>
        <line num="37" count="12" type="stmt"/>
        <line num="38" count="12" type="stmt"/>
        <line num="41" count="11" type="stmt"/>
        <line num="44" count="23" type="stmt"/>
        <line num="45" count="23" type="cond" truecount="2" falsecount="0"/>
        <line num="49" count="19" type="stmt"/>
        <line num="52" count="19" type="cond" truecount="2" falsecount="0"/>
        <line num="53" count="1" type="stmt"/>
        <line num="57" count="18" type="stmt"/>
        <line num="58" count="18" type="cond" truecount="1" falsecount="1"/>
        <line num="59" count="18" type="stmt"/>
        <line num="60" count="18" type="stmt"/>
        <line num="61" count="18" type="stmt"/>
        <line num="62" count="18" type="cond" truecount="2" falsecount="0"/>
        <line num="63" count="1" type="stmt"/>
        <line num="65" count="18" type="stmt"/>
        <line num="68" count="0" type="stmt"/>
        <line num="72" count="28" type="stmt"/>
        <line num="73" count="28" type="stmt"/>
        <line num="74" count="28" type="stmt"/>
        <line num="76" count="28" type="stmt"/>
        <line num="77" count="840" type="stmt"/>
        <line num="78" count="840" type="cond" truecount="2" falsecount="0"/>
        <line num="79" count="14" type="stmt"/>
        <line num="80" count="826" type="cond" truecount="4" falsecount="0"/>
        <line num="81" count="80" type="stmt"/>
        <line num="82" count="80" type="stmt"/>
        <line num="84" count="746" type="stmt"/>
        <line num="87" count="28" type="stmt"/>
        <line num="88" count="28" type="stmt"/>
        <line num="92" count="11" type="cond" truecount="2" falsecount="0"/>
        <line num="93" count="29" type="stmt"/>
        <line num="95" count="11" type="cond" truecount="1" falsecount="1"/>
        <line num="96" count="0" type="stmt"/>
        <line num="99" count="42" type="stmt"/>
        <line num="101" count="11" type="stmt"/>
        <line num="102" count="11" type="stmt"/>
        <line num="103" count="11" type="stmt"/>
        <line num="104" count="11" type="cond" truecount="2" falsecount="0"/>
        <line num="106" count="11" type="cond" truecount="1" falsecount="1"/>
        <line num="107" count="0" type="stmt"/>
        <line num="109" count="11" type="cond" truecount="1" falsecount="1"/>
        <line num="110" count="0" type="stmt"/>
        <line num="112" count="11" type="cond" truecount="1" falsecount="1"/>
        <line num="113" count="0" type="stmt"/>
        <line num="115" count="11" type="cond" truecount="4" falsecount="0"/>
        <line num="116" count="1" type="stmt"/>
        <line num="119" count="10" type="stmt"/>
        <line num="120" count="10" type="stmt"/>
        <line num="122" count="10" type="stmt"/>
        <line num="123" count="17" type="stmt"/>
        <line num="125" count="17" type="cond" truecount="1" falsecount="1"/>
        <line num="126" count="17" type="cond" truecount="1" falsecount="1"/>
        <line num="127" count="17" type="cond" truecount="1" falsecount="1"/>
        <line num="128" count="17" type="cond" truecount="3" falsecount="1"/>
        <line num="130" count="17" type="cond" truecount="2" falsecount="0"/>
        <line num="131" count="2" type="stmt"/>
        <line num="132" count="2" type="stmt"/>
        <line num="135" count="15" type="stmt"/>
        <line num="138" count="15" type="cond" truecount="2" falsecount="0"/>
        <line num="139" count="13" type="cond" truecount="2" falsecount="0"/>
        <line num="141" count="2" type="cond" truecount="2" falsecount="0"/>
        <line num="144" count="15" type="stmt"/>
        <line num="152" count="10" type="stmt"/>
        <line num="156" count="7" type="stmt"/>
        <line num="157" count="7" type="stmt"/>
        <line num="158" count="13" type="stmt"/>
        <line num="159" count="13" type="cond" truecount="2" falsecount="0"/>
        <line num="160" count="11" type="stmt"/>
        <line num="161" count="11" type="stmt"/>
      </file>
    </package>
    <package name="features.insights.application">
      <metrics statements="44" coveredstatements="44" conditionals="24" coveredconditionals="16" methods="5" coveredmethods="5"/>
      <file name="generateInsights.ts" path="C:\workspace\projetoGit\workspaceRN\gofinances\src\features\insights\application\generateInsights.ts">
        <metrics statements="44" coveredstatements="44" conditionals="24" coveredconditionals="16" methods="5" coveredmethods="5"/>
        <line num="11" count="1" type="stmt"/>
        <line num="14" count="4" type="stmt"/>
        <line num="15" count="4" type="stmt"/>
        <line num="16" count="14" type="stmt"/>
        <line num="17" count="14" type="cond" truecount="2" falsecount="0"/>
        <line num="18" count="14" type="stmt"/>
        <line num="19" count="14" type="stmt"/>
        <line num="21" count="4" type="stmt"/>
        <line num="35" count="5" type="stmt"/>
        <line num="36" count="5" type="cond" truecount="2" falsecount="0"/>
        <line num="38" count="4" type="stmt"/>
        <line num="39" count="4" type="stmt"/>
        <line num="41" count="4" type="stmt"/>
        <line num="42" count="4" type="stmt"/>
        <line num="44" count="4" type="cond" truecount="1" falsecount="1"/>
        <line num="45" count="4" type="stmt"/>
        <line num="46" count="14" type="stmt"/>
        <line num="50" count="4" type="stmt"/>
        <line num="51" count="4" type="stmt"/>
        <line num="52" count="2" type="stmt"/>
        <line num="67" count="10" type="cond" truecount="1" falsecount="1"/>
        <line num="68" count="4" type="stmt"/>
        <line num="69" count="4" type="stmt"/>
        <line num="70" count="1" type="stmt"/>
        <line num="85" count="4" type="cond" truecount="1" falsecount="1"/>
        <line num="86" count="4" type="stmt"/>
        <line num="87" count="4" type="cond" truecount="1" falsecount="1"/>
        <line num="89" count="4" type="stmt"/>
        <line num="90" count="4" type="stmt"/>
        <line num="92" count="4" type="stmt"/>
        <line num="94" count="4" type="stmt"/>
        <line num="95" count="4" type="cond" truecount="1" falsecount="1"/>
        <line num="96" count="4" type="cond" truecount="1" falsecount="1"/>
        <line num="97" count="4" type="stmt"/>
        <line num="99" count="4" type="cond" truecount="2" falsecount="0"/>
        <line num="100" count="3" type="cond" truecount="1" falsecount="1"/>
        <line num="101" count="3" type="stmt"/>
        <line num="102" count="3" type="stmt"/>
        <line num="118" count="4" type="stmt"/>
        <line num="122" count="8" type="stmt"/>
        <line num="123" count="8" type="stmt"/>
        <line num="124" count="8" type="cond" truecount="1" falsecount="1"/>
        <line num="125" count="8" type="cond" truecount="2" falsecount="0"/>
        <line num="127" count="8" type="stmt"/>
      </file>
    </package>
    <package name="features.insights.domain">
      <metrics statements="47" coveredstatements="47" conditionals="28" coveredconditionals="26" methods="12" coveredmethods="12"/>
      <file name="insightRules.ts" path="C:\workspace\projetoGit\workspaceRN\gofinances\src\features\insights\domain\insightRules.ts">
        <metrics statements="47" coveredstatements="47" conditionals="28" coveredconditionals="26" methods="12" coveredmethods="12"/>
        <line num="25" count="37" type="stmt"/>
        <line num="27" count="11" type="stmt"/>
        <line num="28" count="11" type="stmt"/>
        <line num="29" count="34" type="stmt"/>
        <line num="30" count="34" type="cond" truecount="2" falsecount="0"/>
        <line num="31" count="34" type="stmt"/>
        <line num="32" count="34" type="stmt"/>
        <line num="35" count="11" type="stmt"/>
        <line num="37" count="11" type="stmt"/>
        <line num="38" count="34" type="stmt"/>
        <line num="39" count="11" type="cond" truecount="2" falsecount="0"/>
        <line num="41" count="27" type="stmt"/>
        <line num="42" count="27" type="stmt"/>
        <line num="44" count="22" type="stmt"/>
        <line num="45" count="8" type="cond" truecount="2" falsecount="0"/>
        <line num="47" count="6" type="stmt"/>
        <line num="56" count="11" type="stmt"/>
        <line num="67" count="9" type="cond" truecount="2" falsecount="0"/>
        <line num="69" count="9" type="stmt"/>
        <line num="70" count="8" type="stmt"/>
        <line num="72" count="8" type="stmt"/>
        <line num="73" count="8" type="stmt"/>
        <line num="74" count="21" type="stmt"/>
        <line num="75" count="19" type="stmt"/>
        <line num="76" count="19" type="stmt"/>
        <line num="77" count="20" type="cond" truecount="2" falsecount="0"/>
        <line num="78" count="20" type="stmt"/>
        <line num="79" count="20" type="stmt"/>
        <line num="83" count="8" type="stmt"/>
        <line num="85" count="8" type="stmt"/>
        <line num="86" count="8" type="stmt"/>
        <line num="87" count="8" type="cond" truecount="3" falsecount="1"/>
        <line num="89" count="20" type="stmt"/>
        <line num="90" count="8" type="cond" truecount="1" falsecount="1"/>
        <line num="92" count="8" type="stmt"/>
        <line num="93" count="8" type="cond" truecount="2" falsecount="0"/>
        <line num="94" count="3" type="stmt"/>
        <line num="103" count="8" type="stmt"/>
        <line num="110" count="10" type="cond" truecount="4" falsecount="0"/>
        <line num="111" count="8" type="stmt"/>
        <line num="112" count="8" type="cond" truecount="2" falsecount="0"/>
        <line num="113" count="4" type="cond" truecount="2" falsecount="0"/>
        <line num="114" count="3" type="stmt"/>
        <line num="118" count="27" type="stmt"/>
        <line num="119" count="27" type="stmt"/>
        <line num="120" count="28" type="cond" truecount="2" falsecount="0"/>
        <line num="122" count="27" type="stmt"/>
      </file>
    </package>
    <package name="features.open-finance.application">
      <metrics statements="11" coveredstatements="0" conditionals="4" coveredconditionals="0" methods="2" coveredmethods="0"/>
      <file name="syncOpenFinance.ts" path="C:\workspace\projetoGit\workspaceRN\gofinances\src\features\open-finance\application\syncOpenFinance.ts">
        <metrics statements="11" coveredstatements="0" conditionals="4" coveredconditionals="0" methods="2" coveredmethods="0"/>
        <line num="12" count="0" type="stmt"/>
        <line num="25" count="0" type="cond" truecount="0" falsecount="2"/>
        <line num="26" count="0" type="stmt"/>
        <line num="32" count="0" type="stmt"/>
        <line num="34" count="0" type="stmt"/>
        <line num="35" count="0" type="stmt"/>
        <line num="38" count="0" type="stmt"/>
        <line num="39" count="0" type="stmt"/>
        <line num="41" count="0" type="cond" truecount="0" falsecount="2"/>
        <line num="42" count="0" type="stmt"/>
        <line num="45" count="0" type="stmt"/>
      </file>
    </package>
    <package name="features.open-finance.domain">
      <metrics statements="14" coveredstatements="14" conditionals="6" coveredconditionals="6" methods="7" coveredmethods="7"/>
      <file name="openFinanceRules.ts" path="C:\workspace\projetoGit\workspaceRN\gofinances\src\features\open-finance\domain\openFinanceRules.ts">
        <metrics statements="14" coveredstatements="14" conditionals="6" coveredconditionals="6" methods="7" coveredmethods="7"/>
        <line num="14" count="1" type="stmt"/>
        <line num="24" count="4" type="stmt"/>
        <line num="47" count="4" type="cond" truecount="2" falsecount="0"/>
        <line num="48" count="2" type="stmt"/>
        <line num="55" count="3" type="stmt"/>
        <line num="56" count="3" type="stmt"/>
        <line num="57" count="3" type="stmt"/>
        <line num="68" count="4" type="stmt"/>
        <line num="69" count="3" type="stmt"/>
        <line num="72" count="4" type="stmt"/>
        <line num="73" count="7" type="stmt"/>
        <line num="74" count="7" type="stmt"/>
        <line num="79" count="4" type="stmt"/>
        <line num="89" count="4" type="cond" truecount="2" falsecount="0"/>
      </file>
    </package>
    <package name="features.resume.application">
      <metrics statements="14" coveredstatements="14" conditionals="6" coveredconditionals="6" methods="5" coveredmethods="5"/>
      <file name="getCategoryBreakdown.ts" path="C:\workspace\projetoGit\workspaceRN\gofinances\src\features\resume\application\getCategoryBreakdown.ts">
        <metrics statements="14" coveredstatements="14" conditionals="6" coveredconditionals="6" methods="5" coveredmethods="5"/>
        <line num="5" count="1" type="stmt"/>
        <line num="21" count="2" type="stmt"/>
        <line num="23" count="2" type="stmt"/>
        <line num="24" count="2" type="stmt"/>
        <line num="26" count="2" type="cond" truecount="2" falsecount="0"/>
        <line num="28" count="1" type="stmt"/>
        <line num="30" count="1" type="stmt"/>
        <line num="31" count="6" type="stmt"/>
        <line num="32" count="6" type="stmt"/>
        <line num="33" count="12" type="cond" truecount="2" falsecount="0"/>
        <line num="34" count="2" type="stmt"/>
        <line num="38" count="6" type="cond" truecount="2" falsecount="0"/>
        <line num="39" count="2" type="stmt"/>
        <line num="50" count="1" type="stmt"/>
      </file>
    </package>
    <package name="features.resume.domain">
      <metrics statements="17" coveredstatements="17" conditionals="9" coveredconditionals="9" methods="3" coveredmethods="3"/>
      <file name="aggregateByCategory.ts" path="C:\workspace\projetoGit\workspaceRN\gofinances\src\features\resume\domain\aggregateByCategory.ts">
        <metrics statements="17" coveredstatements="17" conditionals="9" coveredconditionals="9" methods="3" coveredmethods="3"/>
        <line num="25" count="17" type="stmt"/>
        <line num="26" count="45" type="stmt"/>
        <line num="27" count="45" type="cond" truecount="3" falsecount="0"/>
        <line num="30" count="23" type="stmt"/>
        <line num="32" count="17" type="cond" truecount="2" falsecount="0"/>
        <line num="33" count="2" type="stmt"/>
        <line num="36" count="15" type="stmt"/>
        <line num="38" count="15" type="stmt"/>
        <line num="39" count="90" type="stmt"/>
        <line num="41" count="90" type="stmt"/>
        <line num="42" count="138" type="cond" truecount="2" falsecount="0"/>
        <line num="43" count="23" type="stmt"/>
        <line num="47" count="90" type="cond" truecount="2" falsecount="0"/>
        <line num="48" count="22" type="stmt"/>
        <line num="53" count="22" type="stmt"/>
        <line num="55" count="22" type="stmt"/>
        <line num="66" count="15" type="stmt"/>
      </file>
    </package>
    <package name="features.sharing.application">
      <metrics statements="13" coveredstatements="13" conditionals="7" coveredconditionals="6" methods="3" coveredmethods="3"/>
      <file name="inviteUser.ts" path="C:\workspace\projetoGit\workspaceRN\gofinances\src\features\sharing\application\inviteUser.ts">
        <metrics statements="11" coveredstatements="11" conditionals="7" coveredconditionals="6" methods="2" coveredmethods="2"/>
        <line num="6" count="1" type="stmt"/>
        <line num="13" count="4" type="stmt"/>
        <line num="14" count="4" type="cond" truecount="2" falsecount="0"/>
        <line num="15" count="2" type="stmt"/>
        <line num="18" count="2" type="stmt"/>
        <line num="19" count="2" type="stmt"/>
        <line num="20" count="1" type="cond" truecount="2" falsecount="1"/>
        <line num="22" count="2" type="cond" truecount="2" falsecount="0"/>
        <line num="23" count="1" type="stmt"/>
        <line num="26" count="1" type="stmt"/>
        <line num="38" count="1" type="stmt"/>
      </file>
      <file name="revokeAccess.ts" path="C:\workspace\projetoGit\workspaceRN\gofinances\src\features\sharing\application\revokeAccess.ts">
        <metrics statements="2" coveredstatements="2" conditionals="0" coveredconditionals="0" methods="1" coveredmethods="1"/>
        <line num="4" count="1" type="stmt"/>
        <line num="7" count="1" type="stmt"/>
      </file>
    </package>
    <package name="features.sharing.domain">
      <metrics statements="16" coveredstatements="16" conditionals="19" coveredconditionals="19" methods="8" coveredmethods="8"/>
      <file name="sharingRules.ts" path="C:\workspace\projetoGit\workspaceRN\gofinances\src\features\sharing\domain\sharingRules.ts">
        <metrics statements="16" coveredstatements="16" conditionals="19" coveredconditionals="19" methods="8" coveredmethods="8"/>
        <line num="8" count="6" type="cond" truecount="2" falsecount="0"/>
        <line num="10" count="5" type="stmt"/>
        <line num="12" count="4" type="cond" truecount="4" falsecount="0"/>
        <line num="23" count="3" type="cond" truecount="2" falsecount="0"/>
        <line num="25" count="2" type="stmt"/>
        <line num="26" count="2" type="cond" truecount="3" falsecount="0"/>
        <line num="34" count="2" type="stmt"/>
        <line num="41" count="9" type="cond" truecount="4" falsecount="0"/>
        <line num="42" count="2" type="stmt"/>
        <line num="45" count="7" type="stmt"/>
        <line num="46" count="7" type="cond" truecount="2" falsecount="0"/>
        <line num="47" count="1" type="stmt"/>
        <line num="50" count="6" type="cond" truecount="2" falsecount="0"/>
        <line num="51" count="2" type="stmt"/>
        <line num="54" count="4" type="stmt"/>
        <line num="61" count="4" type="stmt"/>
      </file>
    </package>
    <package name="features.sync.application">
      <metrics statements="17" coveredstatements="17" conditionals="2" coveredconditionals="2" methods="3" coveredmethods="3"/>
      <file name="syncService.ts" path="C:\workspace\projetoGit\workspaceRN\gofinances\src\features\sync\application\syncService.ts">
        <metrics statements="17" coveredstatements="17" conditionals="2" coveredconditionals="2" methods="3" coveredmethods="3"/>
        <line num="4" count="10" type="stmt"/>
        <line num="12" count="27" type="stmt"/>
        <line num="13" count="27" type="stmt"/>
        <line num="17" count="1" type="stmt"/>
        <line num="25" count="2" type="stmt"/>
        <line num="26" count="2" type="stmt"/>
        <line num="27" count="2" type="stmt"/>
        <line num="29" count="2" type="stmt"/>
        <line num="30" count="3" type="stmt"/>
        <line num="32" count="3" type="stmt"/>
        <line num="34" count="3" type="cond" truecount="2" falsecount="0"/>
        <line num="35" count="2" type="stmt"/>
        <line num="36" count="2" type="stmt"/>
        <line num="38" count="1" type="stmt"/>
        <line num="39" count="1" type="stmt"/>
        <line num="43" count="2" type="stmt"/>
        <line num="44" count="2" type="stmt"/>
      </file>
    </package>
    <package name="features.sync.domain">
      <metrics statements="13" coveredstatements="13" conditionals="16" coveredconditionals="12" methods="3" coveredmethods="3"/>
      <file name="syncQueue.ts" path="C:\workspace\projetoGit\workspaceRN\gofinances\src\features\sync\domain\syncQueue.ts">
        <metrics statements="13" coveredstatements="13" conditionals="16" coveredconditionals="12" methods="3" coveredmethods="3"/>
        <line num="34" count="33" type="stmt"/>
        <line num="47" count="9" type="cond" truecount="2" falsecount="0"/>
        <line num="48" count="3" type="cond" truecount="1" falsecount="1"/>
        <line num="50" count="6" type="cond" truecount="2" falsecount="0"/>
        <line num="51" count="2" type="cond" truecount="1" falsecount="1"/>
        <line num="55" count="4" type="stmt"/>
        <line num="56" count="4" type="stmt"/>
        <line num="58" count="4" type="cond" truecount="2" falsecount="0"/>
        <line num="59" count="2" type="cond" truecount="1" falsecount="1"/>
        <line num="63" count="2" type="cond" truecount="1" falsecount="1"/>
        <line num="71" count="6" type="stmt"/>
        <line num="72" count="6" type="stmt"/>
        <line num="73" count="6" type="cond" truecount="2" falsecount="0"/>
      </file>
    </package>
    <package name="features.transactions.application">
      <metrics statements="30" coveredstatements="30" conditionals="16" coveredconditionals="14" methods="6" coveredmethods="6"/>
      <file name="createTransaction.ts" path="C:\workspace\projetoGit\workspaceRN\gofinances\src\features\transactions\application\createTransaction.ts">
        <metrics statements="7" coveredstatements="7" conditionals="2" coveredconditionals="1" methods="1" coveredmethods="1"/>
        <line num="6" count="2" type="stmt"/>
        <line num="16" count="2" type="stmt"/>
        <line num="22" count="10" type="stmt"/>
        <line num="24" count="10" type="stmt"/>
        <line num="25" count="10" type="stmt"/>
        <line num="27" count="10" type="stmt"/>
        <line num="44" count="10" type="stmt"/>
      </file>
      <file name="getTransactionSummary.ts" path="C:\workspace\projetoGit\workspaceRN\gofinances\src\features\transactions\application\getTransactionSummary.ts">
        <metrics statements="23" coveredstatements="23" conditionals="14" coveredconditionals="13" methods="5" coveredmethods="5"/>
        <line num="4" count="1" type="stmt"/>
        <line num="27" count="7" type="stmt"/>
        <line num="35" count="12" type="cond" truecount="2" falsecount="0"/>
        <line num="36" count="7" type="stmt"/>
        <line num="37" count="6" type="stmt"/>
        <line num="41" count="6" type="stmt"/>
        <line num="43" count="6" type="stmt"/>
        <line num="44" count="6" type="stmt"/>
        <line num="45" count="6" type="stmt"/>
        <line num="46" count="6" type="stmt"/>
        <line num="48" count="6" type="stmt"/>
        <line num="49" count="7" type="cond" truecount="2" falsecount="0"/>
        <line num="50" count="5" type="stmt"/>
        <line num="51" count="5" type="stmt"/>
        <line num="52" count="2" type="cond" truecount="1" falsecount="1"/>
        <line num="53" count="2" type="stmt"/>
        <line num="54" count="2" type="stmt"/>
        <line num="57" count="7" type="stmt"/>
        <line num="67" count="6" type="stmt"/>
        <line num="68" count="6" type="stmt"/>
        <line num="70" count="6" type="stmt"/>
        <line num="72" count="6" type="stmt"/>
        <line num="87" count="6" type="stmt"/>
      </file>
    </package>
    <package name="features.transactions.domain">
      <metrics statements="61" coveredstatements="60" conditionals="38" coveredconditionals="36" methods="8" coveredmethods="8"/>
      <file name="calculateSummary.ts" path="C:\workspace\projetoGit\workspaceRN\gofinances\src\features\transactions\domain\calculateSummary.ts">
        <metrics statements="18" coveredstatements="18" conditionals="12" coveredconditionals="12" methods="2" coveredmethods="2"/>
        <line num="19" count="12" type="stmt"/>
        <line num="20" count="12" type="stmt"/>
        <line num="21" count="12" type="stmt"/>
        <line num="22" count="12" type="stmt"/>
        <line num="24" count="12" type="stmt"/>
        <line num="25" count="25" type="stmt"/>
        <line num="26" count="25" type="stmt"/>
        <line num="28" count="25" type="cond" truecount="2" falsecount="0"/>
        <line num="29" count="12" type="stmt"/>
        <line num="30" count="12" type="cond" truecount="4" falsecount="0"/>
        <line num="31" count="9" type="stmt"/>
        <line num="34" count="13" type="stmt"/>
        <line num="35" count="13" type="cond" truecount="4" falsecount="0"/>
        <line num="36" count="10" type="stmt"/>
        <line num="41" count="12" type="stmt"/>
        <line num="51" count="2" type="cond" truecount="2" falsecount="0"/>
        <line num="52" count="1" type="stmt"/>
        <line num="54" count="1" type="stmt"/>
      </file>
      <file name="editDeleteRules.ts" path="C:\workspace\projetoGit\workspaceRN\gofinances\src\features\transactions\domain\editDeleteRules.ts">
        <metrics statements="12" coveredstatements="12" conditionals="14" coveredconditionals="13" methods="3" coveredmethods="3"/>
        <line num="16" count="5" type="stmt"/>
        <line num="18" count="5" type="cond" truecount="4" falsecount="0"/>
        <line num="19" count="1" type="stmt"/>
        <line num="22" count="5" type="cond" truecount="4" falsecount="0"/>
        <line num="23" count="2" type="stmt"/>
        <line num="26" count="5" type="stmt"/>
        <line num="30" count="8" type="cond" truecount="2" falsecount="0"/>
        <line num="31" count="2" type="stmt"/>
        <line num="39" count="5" type="cond" truecount="2" falsecount="0"/>
        <line num="40" count="2" type="stmt"/>
        <line num="43" count="3" type="cond" truecount="1" falsecount="1"/>
        <line num="45" count="3" type="stmt"/>
      </file>
      <file name="installments.ts" path="C:\workspace\projetoGit\workspaceRN\gofinances\src\features\transactions\domain\installments.ts">
        <metrics statements="16" coveredstatements="16" conditionals="6" coveredconditionals="6" methods="1" coveredmethods="1"/>
        <line num="26" count="11" type="stmt"/>
        <line num="28" count="11" type="cond" truecount="2" falsecount="0"/>
        <line num="29" count="1" type="stmt"/>
        <line num="32" count="10" type="cond" truecount="2" falsecount="0"/>
        <line num="33" count="1" type="stmt"/>
        <line num="36" count="9" type="stmt"/>
        <line num="37" count="9" type="stmt"/>
        <line num="38" count="9" type="stmt"/>
        <line num="39" count="9" type="stmt"/>
        <line num="40" count="9" type="stmt"/>
        <line num="42" count="9" type="stmt"/>
        <line num="44" count="9" type="stmt"/>
        <line num="45" count="28" type="stmt"/>
        <line num="46" count="28" type="cond" truecount="2" falsecount="0"/>
        <line num="48" count="28" type="stmt"/>
        <line num="70" count="9" type="stmt"/>
      </file>
      <file name="recurring.ts" path="C:\workspace\projetoGit\workspaceRN\gofinances\src\features\transactions\domain\recurring.ts">
        <metrics statements="15" coveredstatements="14" conditionals="6" coveredconditionals="5" methods="2" coveredmethods="2"/>
        <line num="19" count="32" type="cond" truecount="3" falsecount="1"/>
        <line num="21" count="0" type="stmt"/>
        <line num="23" count="4" type="stmt"/>
        <line num="25" count="25" type="stmt"/>
        <line num="27" count="3" type="stmt"/>
        <line num="42" count="10" type="stmt"/>
        <line num="44" count="10" type="stmt"/>
        <line num="45" count="10" type="stmt"/>
        <line num="46" count="10" type="stmt"/>
        <line num="47" count="10" type="stmt"/>
        <line num="49" count="10" type="stmt"/>
        <line num="51" count="10" type="cond" truecount="2" falsecount="0"/>
        <line num="52" count="32" type="stmt"/>
        <line num="70" count="32" type="stmt"/>
        <line num="73" count="10" type="stmt"/>
      </file>
    </package>
    <package name="shared.domain.errors">
      <metrics statements="4" coveredstatements="4" conditionals="0" coveredconditionals="0" methods="1" coveredmethods="1"/>
      <file name="AppError.ts" path="C:\workspace\projetoGit\workspaceRN\gofinances\src\shared\domain\errors\AppError.ts">
        <metrics statements="4" coveredstatements="4" conditionals="0" coveredconditionals="0" methods="1" coveredmethods="1"/>
        <line num="15" count="35" type="stmt"/>
        <line num="16" count="35" type="stmt"/>
        <line num="17" count="35" type="stmt"/>
        <line num="18" count="35" type="stmt"/>
      </file>
    </package>
    <package name="shared.domain.value-objects">
      <metrics statements="23" coveredstatements="23" conditionals="6" coveredconditionals="6" methods="19" coveredmethods="19"/>
      <file name="Money.ts" path="C:\workspace\projetoGit\workspaceRN\gofinances\src\shared\domain\value-objects\Money.ts">
        <metrics statements="23" coveredstatements="23" conditionals="6" coveredconditionals="6" methods="19" coveredmethods="19"/>
        <line num="5" count="65" type="cond" truecount="2" falsecount="0"/>
        <line num="6" count="1" type="stmt"/>
        <line num="8" count="64" type="stmt"/>
        <line num="12" count="9" type="stmt"/>
        <line num="16" count="2" type="stmt"/>
        <line num="17" count="2" type="cond" truecount="2" falsecount="0"/>
        <line num="18" count="1" type="stmt"/>
        <line num="20" count="1" type="stmt"/>
        <line num="24" count="1" type="stmt"/>
        <line num="28" count="15" type="stmt"/>
        <line num="32" count="1" type="stmt"/>
        <line num="36" count="43" type="stmt"/>
        <line num="43" count="2" type="stmt"/>
        <line num="47" count="1" type="stmt"/>
        <line num="51" count="2" type="stmt"/>
        <line num="55" count="2" type="stmt"/>
        <line num="59" count="2" type="stmt"/>
        <line num="63" count="2" type="stmt"/>
        <line num="67" count="1" type="stmt"/>
        <line num="71" count="1" type="stmt"/>
        <line num="75" count="1" type="stmt"/>
        <line num="79" count="1" type="stmt"/>
        <line num="83" count="1" type="stmt"/>
      </file>
    </package>
    <package name="shared.infra.database">
      <metrics statements="20" coveredstatements="20" conditionals="4" coveredconditionals="4" methods="2" coveredmethods="2"/>
      <file name="database.ts" path="C:\workspace\projetoGit\workspaceRN\gofinances\src\shared\infra\database\database.ts">
        <metrics statements="11" coveredstatements="11" conditionals="4" coveredconditionals="4" methods="2" coveredmethods="2"/>
        <line num="4" count="11" type="stmt"/>
        <line num="7" count="76" type="cond" truecount="2" falsecount="0"/>
        <line num="9" count="29" type="stmt"/>
        <line num="11" count="29" type="stmt"/>
        <line num="12" count="29" type="stmt"/>
        <line num="14" count="29" type="stmt"/>
        <line num="15" count="232" type="stmt"/>
        <line num="18" count="29" type="stmt"/>
        <line num="22" count="44" type="cond" truecount="2" falsecount="0"/>
        <line num="23" count="21" type="stmt"/>
        <line num="24" count="21" type="stmt"/>
      </file>
      <file name="schema.ts" path="C:\workspace\projetoGit\workspaceRN\gofinances\src\shared\infra\database\schema.ts">
        <metrics statements="9" coveredstatements="9" conditionals="0" coveredconditionals="0" methods="0" coveredmethods="0"/>
        <line num="1" count="11" type="stmt"/>
        <line num="18" count="11" type="stmt"/>
        <line num="37" count="11" type="stmt"/>
        <line num="62" count="11" type="stmt"/>
        <line num="82" count="11" type="stmt"/>
        <line num="100" count="11" type="stmt"/>
        <line num="118" count="11" type="stmt"/>
        <line num="136" count="11" type="stmt"/>
        <line num="149" count="11" type="stmt"/>
      </file>
    </package>
    <package name="shared.utils">
      <metrics statements="1" coveredstatements="1" conditionals="0" coveredconditionals="0" methods="0" coveredmethods="0"/>
      <file name="categories.ts" path="C:\workspace\projetoGit\workspaceRN\gofinances\src\shared\utils\categories.ts">
        <metrics statements="1" coveredstatements="1" conditionals="0" coveredconditionals="0" methods="0" coveredmethods="0"/>
        <line num="1" count="5" type="stmt"/>
      </file>
    </package>
  </project>
</coverage>
