{"C:\\workspace\\projetoGit\\workspaceRN\\gofinances\\src\\features\\accounts\\application\\createAccount.ts": {"path":"C:\\workspace\\projetoGit\\workspaceRN\\gofinances\\src\\features\\accounts\\application\\createAccount.ts","statementMap":{"0":{"start":{"line":14,"column":20},"end":{"line":14,"column":43}},"1":{"start":{"line":17,"column":2},"end":{"line":19,"column":3}},"2":{"start":{"line":18,"column":4},"end":{"line":18,"column":74}},"3":{"start":{"line":21,"column":14},"end":{"line":21,"column":38}},"4":{"start":{"line":23,"column":27},"end":{"line":36,"column":3}},"5":{"start":{"line":38,"column":2},"end":{"line":38,"column":37}}},"fnMap":{"0":{"name":"createAccount","decl":{"start":{"line":16,"column":22},"end":{"line":16,"column":35}},"loc":{"start":{"line":16,"column":81},"end":{"line":39,"column":1}},"line":16}},"branchMap":{"0":{"loc":{"start":{"line":17,"column":2},"end":{"line":19,"column":3}},"type":"if","locations":[{"start":{"line":17,"column":2},"end":{"line":19,"column":3}},{"start":{},"end":{}}],"line":17},"1":{"loc":{"start":{"line":29,"column":11},"end":{"line":29,"column":35}},"type":"binary-expr","locations":[{"start":{"line":29,"column":11},"end":{"line":29,"column":22}},{"start":{"line":29,"column":26},"end":{"line":29,"column":35}}],"line":29},"2":{"loc":{"start":{"line":30,"column":10},"end":{"line":30,"column":32}},"type":"binary-expr","locations":[{"start":{"line":30,"column":10},"end":{"line":30,"column":20}},{"start":{"line":30,"column":24},"end":{"line":30,"column":32}}],"line":30}},"s":{"0":2,"1":7,"2":2,"3":5,"4":5,"5":5},"f":{"0":7},"b":{"0":[2,5],"1":[5,4],"2":[5,4]},"_coverageSchema":"1a1c01bbd47fc00a2c39e90264f33305004495a9","hash":"a4d5e70f6316590d603fc6c3b1b331dd8f659fa7"}
,"C:\\workspace\\projetoGit\\workspaceRN\\gofinances\\src\\features\\accounts\\application\\createCreditCard.ts": {"path":"C:\\workspace\\projetoGit\\workspaceRN\\gofinances\\src\\features\\accounts\\application\\createCreditCard.ts","statementMap":{"0":{"start":{"line":16,"column":17},"end":{"line":16,"column":43}},"1":{"start":{"line":19,"column":2},"end":{"line":21,"column":3}},"2":{"start":{"line":20,"column":4},"end":{"line":20,"column":75}},"3":{"start":{"line":23,"column":2},"end":{"line":25,"column":3}},"4":{"start":{"line":24,"column":4},"end":{"line":24,"column":77}},"5":{"start":{"line":27,"column":2},"end":{"line":29,"column":3}},"6":{"start":{"line":28,"column":4},"end":{"line":28,"column":73}},"7":{"start":{"line":31,"column":2},"end":{"line":33,"column":3}},"8":{"start":{"line":32,"column":4},"end":{"line":32,"column":73}},"9":{"start":{"line":35,"column":14},"end":{"line":35,"column":38}},"10":{"start":{"line":37,"column":27},"end":{"line":51,"column":3}},"11":{"start":{"line":53,"column":2},"end":{"line":53,"column":31}}},"fnMap":{"0":{"name":"createCreditCard","decl":{"start":{"line":18,"column":22},"end":{"line":18,"column":38}},"loc":{"start":{"line":18,"column":90},"end":{"line":54,"column":1}},"line":18}},"branchMap":{"0":{"loc":{"start":{"line":19,"column":2},"end":{"line":21,"column":3}},"type":"if","locations":[{"start":{"line":19,"column":2},"end":{"line":21,"column":3}},{"start":{},"end":{}}],"line":19},"1":{"loc":{"start":{"line":23,"column":2},"end":{"line":25,"column":3}},"type":"if","locations":[{"start":{"line":23,"column":2},"end":{"line":25,"column":3}},{"start":{},"end":{}}],"line":23},"2":{"loc":{"start":{"line":27,"column":2},"end":{"line":29,"column":3}},"type":"if","locations":[{"start":{"line":27,"column":2},"end":{"line":29,"column":3}},{"start":{},"end":{}}],"line":27},"3":{"loc":{"start":{"line":27,"column":6},"end":{"line":27,"column":53}},"type":"binary-expr","locations":[{"start":{"line":27,"column":6},"end":{"line":27,"column":27}},{"start":{"line":27,"column":31},"end":{"line":27,"column":53}}],"line":27},"4":{"loc":{"start":{"line":31,"column":2},"end":{"line":33,"column":3}},"type":"if","locations":[{"start":{"line":31,"column":2},"end":{"line":33,"column":3}},{"start":{},"end":{}}],"line":31},"5":{"loc":{"start":{"line":31,"column":6},"end":{"line":31,"column":45}},"type":"binary-expr","locations":[{"start":{"line":31,"column":6},"end":{"line":31,"column":23}},{"start":{"line":31,"column":27},"end":{"line":31,"column":45}}],"line":31},"6":{"loc":{"start":{"line":44,"column":11},"end":{"line":44,"column":35}},"type":"binary-expr","locations":[{"start":{"line":44,"column":11},"end":{"line":44,"column":22}},{"start":{"line":44,"column":26},"end":{"line":44,"column":35}}],"line":44}},"s":{"0":1,"1":8,"2":1,"3":7,"4":1,"5":6,"6":2,"7":4,"8":2,"9":2,"10":2,"11":2},"f":{"0":8},"b":{"0":[1,7],"1":[1,6],"2":[2,4],"3":[6,5],"4":[2,2],"5":[4,3],"6":[2,1]},"_coverageSchema":"1a1c01bbd47fc00a2c39e90264f33305004495a9","hash":"6d30f12c8fef760023f13a6873776d87c8b9b6b1"}
,"C:\\workspace\\projetoGit\\workspaceRN\\gofinances\\src\\features\\accounts\\application\\listAccounts.ts": {"path":"C:\\workspace\\projetoGit\\workspaceRN\\gofinances\\src\\features\\accounts\\application\\listAccounts.ts","statementMap":{"0":{"start":{"line":4,"column":20},"end":{"line":4,"column":43}},"1":{"start":{"line":7,"column":2},"end":{"line":7,"column":40}}},"fnMap":{"0":{"name":"listAccounts","decl":{"start":{"line":6,"column":22},"end":{"line":6,"column":34}},"loc":{"start":{"line":6,"column":71},"end":{"line":8,"column":1}},"line":6}},"branchMap":{},"s":{"0":1,"1":2},"f":{"0":2},"b":{},"_coverageSchema":"1a1c01bbd47fc00a2c39e90264f33305004495a9","hash":"5506bef7643f85f76e4357f20dfe7e7613bd5b70"}
,"C:\\workspace\\projetoGit\\workspaceRN\\gofinances\\src\\features\\accounts\\domain\\calculateAccountBalance.ts": {"path":"C:\\workspace\\projetoGit\\workspaceRN\\gofinances\\src\\features\\accounts\\domain\\calculateAccountBalance.ts","statementMap":{"0":{"start":{"line":14,"column":21},"end":{"line":14,"column":22}},"1":{"start":{"line":15,"column":22},"end":{"line":15,"column":23}},"2":{"start":{"line":16,"column":26},"end":{"line":16,"column":27}},"3":{"start":{"line":18,"column":2},"end":{"line":30,"column":3}},"4":{"start":{"line":19,"column":4},"end":{"line":19,"column":43}},"5":{"start":{"line":19,"column":34},"end":{"line":19,"column":43}},"6":{"start":{"line":20,"column":4},"end":{"line":20,"column":58}},"7":{"start":{"line":20,"column":49},"end":{"line":20,"column":58}},"8":{"start":{"line":22,"column":4},"end":{"line":22,"column":24}},"9":{"start":{"line":24,"column":4},"end":{"line":29,"column":5}},"10":{"start":{"line":25,"column":6},"end":{"line":25,"column":37}},"11":{"start":{"line":28,"column":6},"end":{"line":28,"column":38}},"12":{"start":{"line":32,"column":2},"end":{"line":37,"column":4}}},"fnMap":{"0":{"name":"calculateAccountBalance","decl":{"start":{"line":10,"column":16},"end":{"line":10,"column":39}},"loc":{"start":{"line":13,"column":24},"end":{"line":38,"column":1}},"line":13}},"branchMap":{"0":{"loc":{"start":{"line":19,"column":4},"end":{"line":19,"column":43}},"type":"if","locations":[{"start":{"line":19,"column":4},"end":{"line":19,"column":43}},{"start":{},"end":{}}],"line":19},"1":{"loc":{"start":{"line":20,"column":4},"end":{"line":20,"column":58}},"type":"if","locations":[{"start":{"line":20,"column":4},"end":{"line":20,"column":58}},{"start":{},"end":{}}],"line":20},"2":{"loc":{"start":{"line":20,"column":8},"end":{"line":20,"column":47}},"type":"binary-expr","locations":[{"start":{"line":20,"column":8},"end":{"line":20,"column":17}},{"start":{"line":20,"column":21},"end":{"line":20,"column":47}}],"line":20},"3":{"loc":{"start":{"line":24,"column":4},"end":{"line":29,"column":5}},"type":"if","locations":[{"start":{"line":24,"column":4},"end":{"line":29,"column":5}},{"start":{"line":26,"column":11},"end":{"line":29,"column":5}}],"line":24}},"s":{"0":19,"1":19,"2":19,"3":19,"4":43,"5":2,"6":41,"7":1,"8":40,"9":40,"10":22,"11":18,"12":19},"f":{"0":19},"b":{"0":[2,41],"1":[1,40],"2":[41,3],"3":[22,18]},"_coverageSchema":"1a1c01bbd47fc00a2c39e90264f33305004495a9","hash":"75d94fbfa19c707c091f0372d72bb48cbed4eebd"}
,"C:\\workspace\\projetoGit\\workspaceRN\\gofinances\\src\\features\\accounts\\domain\\invoiceRules.ts": {"path":"C:\\workspace\\projetoGit\\workspaceRN\\gofinances\\src\\features\\accounts\\domain\\invoiceRules.ts","statementMap":{"0":{"start":{"line":5,"column":2},"end":{"line":7,"column":49}},"1":{"start":{"line":6,"column":19},"end":{"line":6,"column":43}},"2":{"start":{"line":7,"column":24},"end":{"line":7,"column":44}},"3":{"start":{"line":19,"column":69},"end":{"line":19,"column":74}},"4":{"start":{"line":21,"column":2},"end":{"line":23,"column":3}},"5":{"start":{"line":22,"column":4},"end":{"line":22,"column":18}},"6":{"start":{"line":25,"column":20},"end":{"line":25,"column":35}},"7":{"start":{"line":26,"column":18},"end":{"line":26,"column":36}},"8":{"start":{"line":27,"column":22},"end":{"line":27,"column":44}},"9":{"start":{"line":29,"column":2},"end":{"line":31,"column":3}},"10":{"start":{"line":30,"column":4},"end":{"line":30,"column":21}},"11":{"start":{"line":33,"column":2},"end":{"line":38,"column":3}},"12":{"start":{"line":34,"column":4},"end":{"line":36,"column":5}},"13":{"start":{"line":35,"column":6},"end":{"line":35,"column":30}},"14":{"start":{"line":37,"column":4},"end":{"line":37,"column":20}},"15":{"start":{"line":40,"column":2},"end":{"line":40,"column":16}},"16":{"start":{"line":56,"column":2},"end":{"line":56,"column":44}},"17":{"start":{"line":60,"column":2},"end":{"line":60,"column":39}},"18":{"start":{"line":64,"column":46},"end":{"line":64,"column":51}},"19":{"start":{"line":66,"column":24},"end":{"line":66,"column":48}},"20":{"start":{"line":67,"column":28},"end":{"line":67,"column":63}},"21":{"start":{"line":69,"column":23},"end":{"line":69,"column":78}},"22":{"start":{"line":71,"column":17},"end":{"line":71,"column":22}},"23":{"start":{"line":72,"column":16},"end":{"line":72,"column":20}},"24":{"start":{"line":74,"column":2},"end":{"line":80,"column":3}},"25":{"start":{"line":75,"column":4},"end":{"line":75,"column":25}},"26":{"start":{"line":76,"column":4},"end":{"line":79,"column":5}},"27":{"start":{"line":77,"column":6},"end":{"line":77,"column":19}},"28":{"start":{"line":78,"column":6},"end":{"line":78,"column":25}},"29":{"start":{"line":82,"column":19},"end":{"line":82,"column":69}},"30":{"start":{"line":84,"column":2},"end":{"line":84,"column":36}}},"fnMap":{"0":{"name":"calculateInvoiceTotal","decl":{"start":{"line":4,"column":16},"end":{"line":4,"column":37}},"loc":{"start":{"line":4,"column":75},"end":{"line":8,"column":1}},"line":4},"1":{"name":"(anonymous_1)","decl":{"start":{"line":6,"column":12},"end":{"line":6,"column":13}},"loc":{"start":{"line":6,"column":19},"end":{"line":6,"column":43}},"line":6},"2":{"name":"(anonymous_2)","decl":{"start":{"line":7,"column":12},"end":{"line":7,"column":13}},"loc":{"start":{"line":7,"column":24},"end":{"line":7,"column":44}},"line":7},"3":{"name":"getInvoiceStatus","decl":{"start":{"line":18,"column":16},"end":{"line":18,"column":32}},"loc":{"start":{"line":18,"column":75},"end":{"line":41,"column":1}},"line":18},"4":{"name":"daysInMonth","decl":{"start":{"line":55,"column":9},"end":{"line":55,"column":20}},"loc":{"start":{"line":55,"column":58},"end":{"line":57,"column":1}},"line":55},"5":{"name":"padTwo","decl":{"start":{"line":59,"column":9},"end":{"line":59,"column":15}},"loc":{"start":{"line":59,"column":35},"end":{"line":61,"column":1}},"line":59},"6":{"name":"generateInvoiceDates","decl":{"start":{"line":63,"column":16},"end":{"line":63,"column":36}},"loc":{"start":{"line":63,"column":83},"end":{"line":85,"column":1}},"line":63}},"branchMap":{"0":{"loc":{"start":{"line":21,"column":2},"end":{"line":23,"column":3}},"type":"if","locations":[{"start":{"line":21,"column":2},"end":{"line":23,"column":3}},{"start":{},"end":{}}],"line":21},"1":{"loc":{"start":{"line":21,"column":6},"end":{"line":21,"column":50}},"type":"binary-expr","locations":[{"start":{"line":21,"column":6},"end":{"line":21,"column":31}},{"start":{"line":21,"column":35},"end":{"line":21,"column":50}}],"line":21},"2":{"loc":{"start":{"line":29,"column":2},"end":{"line":31,"column":3}},"type":"if","locations":[{"start":{"line":29,"column":2},"end":{"line":31,"column":3}},{"start":{},"end":{}}],"line":29},"3":{"loc":{"start":{"line":29,"column":6},"end":{"line":29,"column":53}},"type":"binary-expr","locations":[{"start":{"line":29,"column":6},"end":{"line":29,"column":25}},{"start":{"line":29,"column":29},"end":{"line":29,"column":53}}],"line":29},"4":{"loc":{"start":{"line":33,"column":2},"end":{"line":38,"column":3}},"type":"if","locations":[{"start":{"line":33,"column":2},"end":{"line":38,"column":3}},{"start":{},"end":{}}],"line":33},"5":{"loc":{"start":{"line":34,"column":4},"end":{"line":36,"column":5}},"type":"if","locations":[{"start":{"line":34,"column":4},"end":{"line":36,"column":5}},{"start":{},"end":{}}],"line":34},"6":{"loc":{"start":{"line":34,"column":8},"end":{"line":34,"column":50}},"type":"binary-expr","locations":[{"start":{"line":34,"column":8},"end":{"line":34,"column":22}},{"start":{"line":34,"column":26},"end":{"line":34,"column":50}}],"line":34},"7":{"loc":{"start":{"line":74,"column":2},"end":{"line":80,"column":3}},"type":"if","locations":[{"start":{"line":74,"column":2},"end":{"line":80,"column":3}},{"start":{},"end":{}}],"line":74},"8":{"loc":{"start":{"line":76,"column":4},"end":{"line":79,"column":5}},"type":"if","locations":[{"start":{"line":76,"column":4},"end":{"line":79,"column":5}},{"start":{},"end":{}}],"line":76}},"s":{"0":3,"1":5,"2":4,"3":7,"4":7,"5":1,"6":6,"7":6,"8":6,"9":6,"10":2,"11":4,"12":2,"13":1,"14":1,"15":2,"16":4,"17":16,"18":4,"19":4,"20":4,"21":4,"22":4,"23":4,"24":4,"25":3,"26":3,"27":1,"28":1,"29":4,"30":4},"f":{"0":3,"1":5,"2":4,"3":7,"4":4,"5":16,"6":4},"b":{"0":[1,6],"1":[7,2],"2":[2,4],"3":[6,2],"4":[2,2],"5":[1,1],"6":[2,1],"7":[3,1],"8":[1,2]},"_coverageSchema":"1a1c01bbd47fc00a2c39e90264f33305004495a9","hash":"cda7e739609cea58dde492ebac6273c885bbf3f8"}
,"C:\\workspace\\projetoGit\\workspaceRN\\gofinances\\src\\features\\budget\\application\\createBudget.ts": {"path":"C:\\workspace\\projetoGit\\workspaceRN\\gofinances\\src\\features\\budget\\application\\createBudget.ts","statementMap":{"0":{"start":{"line":6,"column":19},"end":{"line":6,"column":41}},"1":{"start":{"line":18,"column":2},"end":{"line":20,"column":3}},"2":{"start":{"line":19,"column":4},"end":{"line":19,"column":70}},"3":{"start":{"line":21,"column":2},"end":{"line":23,"column":3}},"4":{"start":{"line":22,"column":4},"end":{"line":22,"column":77}},"5":{"start":{"line":25,"column":14},"end":{"line":25,"column":38}},"6":{"start":{"line":26,"column":25},"end":{"line":39,"column":3}},"7":{"start":{"line":41,"column":2},"end":{"line":41,"column":35}}},"fnMap":{"0":{"name":"createBudget","decl":{"start":{"line":17,"column":22},"end":{"line":17,"column":34}},"loc":{"start":{"line":17,"column":78},"end":{"line":42,"column":1}},"line":17}},"branchMap":{"0":{"loc":{"start":{"line":18,"column":2},"end":{"line":20,"column":3}},"type":"if","locations":[{"start":{"line":18,"column":2},"end":{"line":20,"column":3}},{"start":{},"end":{}}],"line":18},"1":{"loc":{"start":{"line":21,"column":2},"end":{"line":23,"column":3}},"type":"if","locations":[{"start":{"line":21,"column":2},"end":{"line":23,"column":3}},{"start":{},"end":{}}],"line":21}},"s":{"0":2,"1":6,"2":2,"3":4,"4":2,"5":2,"6":2,"7":2},"f":{"0":6},"b":{"0":[2,4],"1":[2,2]},"_coverageSchema":"1a1c01bbd47fc00a2c39e90264f33305004495a9","hash":"0c6c3f9360198ae699b52ee1c59bc39b10b3d612"}
,"C:\\workspace\\projetoGit\\workspaceRN\\gofinances\\src\\features\\budget\\application\\listBudgets.ts": {"path":"C:\\workspace\\projetoGit\\workspaceRN\\gofinances\\src\\features\\budget\\application\\listBudgets.ts","statementMap":{"0":{"start":{"line":10,"column":19},"end":{"line":10,"column":41}},"1":{"start":{"line":22,"column":18},"end":{"line":22,"column":66}},"2":{"start":{"line":23,"column":2},"end":{"line":27,"column":6}},"3":{"start":{"line":23,"column":29},"end":{"line":27,"column":3}}},"fnMap":{"0":{"name":"listBudgets","decl":{"start":{"line":17,"column":22},"end":{"line":17,"column":33}},"loc":{"start":{"line":21,"column":31},"end":{"line":28,"column":1}},"line":21},"1":{"name":"(anonymous_1)","decl":{"start":{"line":23,"column":21},"end":{"line":23,"column":22}},"loc":{"start":{"line":23,"column":29},"end":{"line":27,"column":3}},"line":23}},"branchMap":{},"s":{"0":1,"1":2,"2":2,"3":1},"f":{"0":2,"1":1},"b":{},"_coverageSchema":"1a1c01bbd47fc00a2c39e90264f33305004495a9","hash":"7505c051c515325412ad070bf447b4b86c815744"}
,"C:\\workspace\\projetoGit\\workspaceRN\\gofinances\\src\\features\\budget\\domain\\budgetRules.ts": {"path":"C:\\workspace\\projetoGit\\workspaceRN\\gofinances\\src\\features\\budget\\domain\\budgetRules.ts","statementMap":{"0":{"start":{"line":11,"column":2},"end":{"line":13,"column":3}},"1":{"start":{"line":12,"column":4},"end":{"line":12,"column":59}},"2":{"start":{"line":15,"column":2},"end":{"line":19,"column":4}},"3":{"start":{"line":28,"column":2},"end":{"line":28,"column":37}},"4":{"start":{"line":28,"column":25},"end":{"line":28,"column":37}},"5":{"start":{"line":30,"column":18},"end":{"line":30,"column":51}},"6":{"start":{"line":32,"column":2},"end":{"line":32,"column":40}},"7":{"start":{"line":32,"column":22},"end":{"line":32,"column":40}},"8":{"start":{"line":33,"column":2},"end":{"line":33,"column":38}},"9":{"start":{"line":33,"column":21},"end":{"line":33,"column":38}},"10":{"start":{"line":34,"column":2},"end":{"line":34,"column":14}},"11":{"start":{"line":44,"column":28},"end":{"line":44,"column":83}},"12":{"start":{"line":45,"column":19},"end":{"line":45,"column":64}},"13":{"start":{"line":46,"column":2},"end":{"line":46,"column":31}}},"fnMap":{"0":{"name":"calculateBudgetConsumption","decl":{"start":{"line":7,"column":16},"end":{"line":7,"column":42}},"loc":{"start":{"line":10,"column":21},"end":{"line":20,"column":1}},"line":10},"1":{"name":"checkBudgetAlert","decl":{"start":{"line":24,"column":16},"end":{"line":24,"column":32}},"loc":{"start":{"line":27,"column":27},"end":{"line":35,"column":1}},"line":27},"2":{"name":"applyRollover","decl":{"start":{"line":43,"column":16},"end":{"line":43,"column":29}},"loc":{"start":{"line":43,"column":60},"end":{"line":47,"column":1}},"line":43}},"branchMap":{"0":{"loc":{"start":{"line":11,"column":2},"end":{"line":13,"column":3}},"type":"if","locations":[{"start":{"line":11,"column":2},"end":{"line":13,"column":3}},{"start":{},"end":{}}],"line":11},"1":{"loc":{"start":{"line":28,"column":2},"end":{"line":28,"column":37}},"type":"if","locations":[{"start":{"line":28,"column":2},"end":{"line":28,"column":37}},{"start":{},"end":{}}],"line":28},"2":{"loc":{"start":{"line":32,"column":2},"end":{"line":32,"column":40}},"type":"if","locations":[{"start":{"line":32,"column":2},"end":{"line":32,"column":40}},{"start":{},"end":{}}],"line":32},"3":{"loc":{"start":{"line":33,"column":2},"end":{"line":33,"column":38}},"type":"if","locations":[{"start":{"line":33,"column":2},"end":{"line":33,"column":38}},{"start":{},"end":{}}],"line":33}},"s":{"0":6,"1":1,"2":5,"3":7,"4":1,"5":6,"6":6,"7":2,"8":4,"9":2,"10":2,"11":4,"12":4,"13":4},"f":{"0":6,"1":7,"2":4},"b":{"0":[1,5],"1":[1,6],"2":[2,4],"3":[2,2]},"_coverageSchema":"1a1c01bbd47fc00a2c39e90264f33305004495a9","hash":"dc5446fcad31879776a9876325850fe9fdfab1a2"}
,"C:\\workspace\\projetoGit\\workspaceRN\\gofinances\\src\\features\\calendar\\application\\createReminder.ts": {"path":"C:\\workspace\\projetoGit\\workspaceRN\\gofinances\\src\\features\\calendar\\application\\createReminder.ts","statementMap":{"0":{"start":{"line":6,"column":21},"end":{"line":6,"column":45}},"1":{"start":{"line":18,"column":2},"end":{"line":20,"column":3}},"2":{"start":{"line":19,"column":4},"end":{"line":19,"column":67}},"3":{"start":{"line":21,"column":2},"end":{"line":23,"column":3}},"4":{"start":{"line":22,"column":4},"end":{"line":22,"column":79}},"5":{"start":{"line":25,"column":14},"end":{"line":25,"column":38}},"6":{"start":{"line":26,"column":29},"end":{"line":37,"column":3}},"7":{"start":{"line":39,"column":18},"end":{"line":39,"column":53}},"8":{"start":{"line":41,"column":2},"end":{"line":50,"column":3}},"9":{"start":{"line":42,"column":4},"end":{"line":47,"column":6}},"10":{"start":{"line":52,"column":2},"end":{"line":52,"column":17}}},"fnMap":{"0":{"name":"createReminder","decl":{"start":{"line":17,"column":22},"end":{"line":17,"column":36}},"loc":{"start":{"line":17,"column":84},"end":{"line":53,"column":1}},"line":17}},"branchMap":{"0":{"loc":{"start":{"line":18,"column":2},"end":{"line":20,"column":3}},"type":"if","locations":[{"start":{"line":18,"column":2},"end":{"line":20,"column":3}},{"start":{},"end":{}}],"line":18},"1":{"loc":{"start":{"line":21,"column":2},"end":{"line":23,"column":3}},"type":"if","locations":[{"start":{"line":21,"column":2},"end":{"line":23,"column":3}},{"start":{},"end":{}}],"line":21},"2":{"loc":{"start":{"line":33,"column":24},"end":{"line":33,"column":53}},"type":"binary-expr","locations":[{"start":{"line":33,"column":24},"end":{"line":33,"column":48}},{"start":{"line":33,"column":52},"end":{"line":33,"column":53}}],"line":33},"3":{"loc":{"start":{"line":46,"column":6},"end":{"line":46,"column":37}},"type":"binary-expr","locations":[{"start":{"line":46,"column":6},"end":{"line":46,"column":32}},{"start":{"line":46,"column":36},"end":{"line":46,"column":37}}],"line":46}},"s":{"0":1,"1":7,"2":2,"3":5,"4":1,"5":4,"6":4,"7":4,"8":4,"9":4,"10":4},"f":{"0":7},"b":{"0":[2,5],"1":[1,4],"2":[4,3],"3":[4,0]},"_coverageSchema":"1a1c01bbd47fc00a2c39e90264f33305004495a9","hash":"7b2fafc93aad125d0b164e7db12a4d1f62bde230"}
,"C:\\workspace\\projetoGit\\workspaceRN\\gofinances\\src\\features\\calendar\\application\\getUpcomingDues.ts": {"path":"C:\\workspace\\projetoGit\\workspaceRN\\gofinances\\src\\features\\calendar\\application\\getUpcomingDues.ts","statementMap":{"0":{"start":{"line":5,"column":21},"end":{"line":5,"column":45}},"1":{"start":{"line":8,"column":20},"end":{"line":8,"column":58}},"2":{"start":{"line":9,"column":16},"end":{"line":9,"column":48}},"3":{"start":{"line":10,"column":2},"end":{"line":10,"column":60}}},"fnMap":{"0":{"name":"getUpcomingDues","decl":{"start":{"line":7,"column":22},"end":{"line":7,"column":37}},"loc":{"start":{"line":7,"column":77},"end":{"line":11,"column":1}},"line":7}},"branchMap":{"0":{"loc":{"start":{"line":7,"column":54},"end":{"line":7,"column":75}},"type":"default-arg","locations":[{"start":{"line":7,"column":74},"end":{"line":7,"column":75}}],"line":7}},"s":{"0":1,"1":1,"2":1,"3":1},"f":{"0":1},"b":{"0":[0]},"_coverageSchema":"1a1c01bbd47fc00a2c39e90264f33305004495a9","hash":"45e0612f59067aa4c5feb0bf7014581dc3e086ba"}
,"C:\\workspace\\projetoGit\\workspaceRN\\gofinances\\src\\features\\calendar\\domain\\upcomingDues.ts": {"path":"C:\\workspace\\projetoGit\\workspaceRN\\gofinances\\src\\features\\calendar\\domain\\upcomingDues.ts","statementMap":{"0":{"start":{"line":16,"column":16},"end":{"line":16,"column":34}},"1":{"start":{"line":18,"column":2},"end":{"line":25,"column":85}},"2":{"start":{"line":20,"column":6},"end":{"line":20,"column":39}},"3":{"start":{"line":20,"column":26},"end":{"line":20,"column":39}},"4":{"start":{"line":21,"column":18},"end":{"line":21,"column":38}},"5":{"start":{"line":22,"column":19},"end":{"line":22,"column":47}},"6":{"start":{"line":23,"column":6},"end":{"line":23,"column":44}},"7":{"start":{"line":25,"column":20},"end":{"line":25,"column":83}},"8":{"start":{"line":29,"column":15},"end":{"line":29,"column":67}},"9":{"start":{"line":30,"column":2},"end":{"line":30,"column":41}}},"fnMap":{"0":{"name":"calculateUpcomingDues","decl":{"start":{"line":11,"column":16},"end":{"line":11,"column":37}},"loc":{"start":{"line":15,"column":17},"end":{"line":26,"column":1}},"line":15},"1":{"name":"(anonymous_1)","decl":{"start":{"line":19,"column":12},"end":{"line":19,"column":13}},"loc":{"start":{"line":19,"column":19},"end":{"line":24,"column":5}},"line":19},"2":{"name":"(anonymous_2)","decl":{"start":{"line":25,"column":10},"end":{"line":25,"column":11}},"loc":{"start":{"line":25,"column":20},"end":{"line":25,"column":83}},"line":25},"3":{"name":"shouldNotify","decl":{"start":{"line":28,"column":16},"end":{"line":28,"column":28}},"loc":{"start":{"line":28,"column":90},"end":{"line":31,"column":1}},"line":28}},"branchMap":{"0":{"loc":{"start":{"line":20,"column":6},"end":{"line":20,"column":39}},"type":"if","locations":[{"start":{"line":20,"column":6},"end":{"line":20,"column":39}},{"start":{},"end":{}}],"line":20},"1":{"loc":{"start":{"line":23,"column":13},"end":{"line":23,"column":43}},"type":"binary-expr","locations":[{"start":{"line":23,"column":13},"end":{"line":23,"column":22}},{"start":{"line":23,"column":26},"end":{"line":23,"column":43}}],"line":23},"2":{"loc":{"start":{"line":30,"column":9},"end":{"line":30,"column":40}},"type":"binary-expr","locations":[{"start":{"line":30,"column":9},"end":{"line":30,"column":18}},{"start":{"line":30,"column":22},"end":{"line":30,"column":40}}],"line":30}},"s":{"0":7,"1":7,"2":24,"3":6,"4":18,"5":18,"6":18,"7":5,"8":4,"9":4},"f":{"0":7,"1":24,"2":5,"3":4},"b":{"0":[6,18],"1":[18,13],"2":[4,3]},"_coverageSchema":"1a1c01bbd47fc00a2c39e90264f33305004495a9","hash":"97fdfd9339dc675e1b4668e6e41c0c2f59f8c877"}
,"C:\\workspace\\projetoGit\\workspaceRN\\gofinances\\src\\features\\calendar\\infra\\notificationService.ts": {"path":"C:\\workspace\\projetoGit\\workspaceRN\\gofinances\\src\\features\\calendar\\infra\\notificationService.ts","statementMap":{"0":{"start":{"line":4,"column":64},"end":{"line":4,"column":68}},"1":{"start":{"line":7,"column":2},"end":{"line":7,"column":42}},"2":{"start":{"line":7,"column":21},"end":{"line":7,"column":42}},"3":{"start":{"line":8,"column":2},"end":{"line":22,"column":3}},"4":{"start":{"line":9,"column":4},"end":{"line":9,"column":55}},"5":{"start":{"line":10,"column":4},"end":{"line":18,"column":7}},"6":{"start":{"line":11,"column":39},"end":{"line":17,"column":7}},"7":{"start":{"line":19,"column":4},"end":{"line":19,"column":25}},"8":{"start":{"line":21,"column":4},"end":{"line":21,"column":16}},"9":{"start":{"line":26,"column":14},"end":{"line":26,"column":38}},"10":{"start":{"line":27,"column":2},"end":{"line":27,"column":25}},"11":{"start":{"line":27,"column":12},"end":{"line":27,"column":25}},"12":{"start":{"line":29,"column":2},"end":{"line":37,"column":3}},"13":{"start":{"line":30,"column":33},"end":{"line":30,"column":64}},"14":{"start":{"line":31,"column":4},"end":{"line":31,"column":44}},"15":{"start":{"line":31,"column":32},"end":{"line":31,"column":44}},"16":{"start":{"line":33,"column":23},"end":{"line":33,"column":58}},"17":{"start":{"line":34,"column":4},"end":{"line":34,"column":32}},"18":{"start":{"line":36,"column":4},"end":{"line":36,"column":17}},"19":{"start":{"line":46,"column":14},"end":{"line":46,"column":38}},"20":{"start":{"line":47,"column":2},"end":{"line":47,"column":24}},"21":{"start":{"line":47,"column":12},"end":{"line":47,"column":24}},"22":{"start":{"line":49,"column":24},"end":{"line":49,"column":62}},"23":{"start":{"line":50,"column":2},"end":{"line":50,"column":34}},"24":{"start":{"line":50,"column":22},"end":{"line":50,"column":34}},"25":{"start":{"line":52,"column":22},"end":{"line":52,"column":60}},"26":{"start":{"line":53,"column":2},"end":{"line":53,"column":35}},"27":{"start":{"line":55,"column":23},"end":{"line":55,"column":67}},"28":{"start":{"line":56,"column":2},"end":{"line":56,"column":37}},"29":{"start":{"line":56,"column":25},"end":{"line":56,"column":37}},"30":{"start":{"line":58,"column":2},"end":{"line":73,"column":3}},"31":{"start":{"line":59,"column":15},"end":{"line":69,"column":6}},"32":{"start":{"line":70,"column":4},"end":{"line":70,"column":14}},"33":{"start":{"line":72,"column":4},"end":{"line":72,"column":16}},"34":{"start":{"line":77,"column":14},"end":{"line":77,"column":38}},"35":{"start":{"line":78,"column":2},"end":{"line":78,"column":19}},"36":{"start":{"line":78,"column":12},"end":{"line":78,"column":19}},"37":{"start":{"line":79,"column":2},"end":{"line":83,"column":3}},"38":{"start":{"line":80,"column":4},"end":{"line":80,"column":63}},"39":{"start":{"line":87,"column":14},"end":{"line":87,"column":38}},"40":{"start":{"line":88,"column":2},"end":{"line":88,"column":19}},"41":{"start":{"line":88,"column":12},"end":{"line":88,"column":19}},"42":{"start":{"line":89,"column":2},"end":{"line":93,"column":3}},"43":{"start":{"line":90,"column":4},"end":{"line":90,"column":53}},"44":{"start":{"line":97,"column":2},"end":{"line":97,"column":40}},"45":{"start":{"line":97,"column":33},"end":{"line":97,"column":40}},"46":{"start":{"line":98,"column":14},"end":{"line":98,"column":38}},"47":{"start":{"line":99,"column":2},"end":{"line":99,"column":19}},"48":{"start":{"line":99,"column":12},"end":{"line":99,"column":19}},"49":{"start":{"line":100,"column":2},"end":{"line":108,"column":3}},"50":{"start":{"line":101,"column":4},"end":{"line":105,"column":7}}},"fnMap":{"0":{"name":"getNotifications","decl":{"start":{"line":6,"column":15},"end":{"line":6,"column":31}},"loc":{"start":{"line":6,"column":34},"end":{"line":23,"column":1}},"line":6},"1":{"name":"(anonymous_1)","decl":{"start":{"line":11,"column":26},"end":{"line":11,"column":27}},"loc":{"start":{"line":11,"column":39},"end":{"line":17,"column":7}},"line":11},"2":{"name":"requestNotificationPermissions","decl":{"start":{"line":25,"column":22},"end":{"line":25,"column":52}},"loc":{"start":{"line":25,"column":73},"end":{"line":38,"column":1}},"line":25},"3":{"name":"scheduleReminderNotification","decl":{"start":{"line":40,"column":22},"end":{"line":40,"column":50}},"loc":{"start":{"line":45,"column":26},"end":{"line":74,"column":1}},"line":45},"4":{"name":"cancelNotification","decl":{"start":{"line":76,"column":22},"end":{"line":76,"column":40}},"loc":{"start":{"line":76,"column":80},"end":{"line":84,"column":1}},"line":76},"5":{"name":"cancelAllNotifications","decl":{"start":{"line":86,"column":22},"end":{"line":86,"column":44}},"loc":{"start":{"line":86,"column":62},"end":{"line":94,"column":1}},"line":86},"6":{"name":"setupNotificationChannel","decl":{"start":{"line":96,"column":22},"end":{"line":96,"column":46}},"loc":{"start":{"line":96,"column":64},"end":{"line":109,"column":1}},"line":96}},"branchMap":{"0":{"loc":{"start":{"line":7,"column":2},"end":{"line":7,"column":42}},"type":"if","locations":[{"start":{"line":7,"column":2},"end":{"line":7,"column":42}},{"start":{},"end":{}}],"line":7},"1":{"loc":{"start":{"line":27,"column":2},"end":{"line":27,"column":25}},"type":"if","locations":[{"start":{"line":27,"column":2},"end":{"line":27,"column":25}},{"start":{},"end":{}}],"line":27},"2":{"loc":{"start":{"line":31,"column":4},"end":{"line":31,"column":44}},"type":"if","locations":[{"start":{"line":31,"column":4},"end":{"line":31,"column":44}},{"start":{},"end":{}}],"line":31},"3":{"loc":{"start":{"line":47,"column":2},"end":{"line":47,"column":24}},"type":"if","locations":[{"start":{"line":47,"column":2},"end":{"line":47,"column":24}},{"start":{},"end":{}}],"line":47},"4":{"loc":{"start":{"line":50,"column":2},"end":{"line":50,"column":34}},"type":"if","locations":[{"start":{"line":50,"column":2},"end":{"line":50,"column":34}},{"start":{},"end":{}}],"line":50},"5":{"loc":{"start":{"line":56,"column":2},"end":{"line":56,"column":37}},"type":"if","locations":[{"start":{"line":56,"column":2},"end":{"line":56,"column":37}},{"start":{},"end":{}}],"line":56},"6":{"loc":{"start":{"line":78,"column":2},"end":{"line":78,"column":19}},"type":"if","locations":[{"start":{"line":78,"column":2},"end":{"line":78,"column":19}},{"start":{},"end":{}}],"line":78},"7":{"loc":{"start":{"line":88,"column":2},"end":{"line":88,"column":19}},"type":"if","locations":[{"start":{"line":88,"column":2},"end":{"line":88,"column":19}},{"start":{},"end":{}}],"line":88},"8":{"loc":{"start":{"line":97,"column":2},"end":{"line":97,"column":40}},"type":"if","locations":[{"start":{"line":97,"column":2},"end":{"line":97,"column":40}},{"start":{},"end":{}}],"line":97},"9":{"loc":{"start":{"line":99,"column":2},"end":{"line":99,"column":19}},"type":"if","locations":[{"start":{"line":99,"column":2},"end":{"line":99,"column":19}},{"start":{},"end":{}}],"line":99}},"s":{"0":1,"1":4,"2":0,"3":4,"4":4,"5":0,"6":0,"7":0,"8":4,"9":0,"10":0,"11":0,"12":0,"13":0,"14":0,"15":0,"16":0,"17":0,"18":0,"19":4,"20":4,"21":4,"22":0,"23":0,"24":0,"25":0,"26":0,"27":0,"28":0,"29":0,"30":0,"31":0,"32":0,"33":0,"34":0,"35":0,"36":0,"37":0,"38":0,"39":0,"40":0,"41":0,"42":0,"43":0,"44":0,"45":0,"46":0,"47":0,"48":0,"49":0,"50":0},"f":{"0":4,"1":0,"2":0,"3":4,"4":0,"5":0,"6":0},"b":{"0":[0,4],"1":[0,0],"2":[0,0],"3":[4,0],"4":[0,0],"5":[0,0],"6":[0,0],"7":[0,0],"8":[0,0],"9":[0,0]},"_coverageSchema":"1a1c01bbd47fc00a2c39e90264f33305004495a9","hash":"d32c96d3a2f362d253699c27af54992910b89677"}
,"C:\\workspace\\projetoGit\\workspaceRN\\gofinances\\src\\features\\cashflow\\application\\getCashFlowProjection.ts": {"path":"C:\\workspace\\projetoGit\\workspaceRN\\gofinances\\src\\features\\cashflow\\application\\getCashFlowProjection.ts","statementMap":{"0":{"start":{"line":12,"column":15},"end":{"line":12,"column":42}},"1":{"start":{"line":13,"column":20},"end":{"line":13,"column":43}},"2":{"start":{"line":25,"column":35},"end":{"line":28,"column":4}},"3":{"start":{"line":30,"column":25},"end":{"line":30,"column":60}},"4":{"start":{"line":30,"column":48},"end":{"line":30,"column":59}},"5":{"start":{"line":31,"column":25},"end":{"line":31,"column":84}},"6":{"start":{"line":31,"column":59},"end":{"line":31,"column":80}},"7":{"start":{"line":33,"column":19},"end":{"line":33,"column":29}},"8":{"start":{"line":34,"column":40},"end":{"line":34,"column":42}},"9":{"start":{"line":37,"column":19},"end":{"line":37,"column":56}},"10":{"start":{"line":38,"column":25},"end":{"line":38,"column":65}},"11":{"start":{"line":39,"column":2},"end":{"line":39,"column":39}},"12":{"start":{"line":42,"column":27},"end":{"line":42,"column":74}},"13":{"start":{"line":43,"column":2},"end":{"line":43,"column":41}},"14":{"start":{"line":46,"column":18},"end":{"line":46,"column":73}},"15":{"start":{"line":48,"column":2},"end":{"line":51,"column":4}}},"fnMap":{"0":{"name":"getCashFlowProjection","decl":{"start":{"line":24,"column":22},"end":{"line":24,"column":43}},"loc":{"start":{"line":24,"column":85},"end":{"line":52,"column":1}},"line":24},"1":{"name":"(anonymous_1)","decl":{"start":{"line":30,"column":41},"end":{"line":30,"column":42}},"loc":{"start":{"line":30,"column":48},"end":{"line":30,"column":59}},"line":30},"2":{"name":"(anonymous_2)","decl":{"start":{"line":31,"column":47},"end":{"line":31,"column":48}},"loc":{"start":{"line":31,"column":59},"end":{"line":31,"column":80}},"line":31}},"branchMap":{},"s":{"0":1,"1":1,"2":5,"3":5,"4":5,"5":5,"6":4,"7":5,"8":5,"9":5,"10":5,"11":5,"12":5,"13":5,"14":5,"15":5},"f":{"0":5,"1":5,"2":4},"b":{},"_coverageSchema":"1a1c01bbd47fc00a2c39e90264f33305004495a9","hash":"cd9124126cedab26d90c4b1c27eb78f04fa9da8f"}
,"C:\\workspace\\projetoGit\\workspaceRN\\gofinances\\src\\features\\cashflow\\domain\\cashFlowRules.ts": {"path":"C:\\workspace\\projetoGit\\workspaceRN\\gofinances\\src\\features\\cashflow\\domain\\cashFlowRules.ts","statementMap":{"0":{"start":{"line":33,"column":20},"end":{"line":33,"column":98}},"1":{"start":{"line":33,"column":48},"end":{"line":33,"column":97}},"2":{"start":{"line":35,"column":17},"end":{"line":35,"column":49}},"3":{"start":{"line":36,"column":2},"end":{"line":41,"column":3}},"4":{"start":{"line":37,"column":16},"end":{"line":37,"column":37}},"5":{"start":{"line":38,"column":17},"end":{"line":38,"column":38}},"6":{"start":{"line":39,"column":4},"end":{"line":39,"column":18}},"7":{"start":{"line":40,"column":4},"end":{"line":40,"column":26}},"8":{"start":{"line":43,"column":39},"end":{"line":43,"column":41}},"9":{"start":{"line":45,"column":2},"end":{"line":62,"column":3}},"10":{"start":{"line":46,"column":4},"end":{"line":46,"column":33}},"11":{"start":{"line":46,"column":24},"end":{"line":46,"column":33}},"12":{"start":{"line":48,"column":19},"end":{"line":48,"column":99}},"13":{"start":{"line":48,"column":43},"end":{"line":48,"column":98}},"14":{"start":{"line":50,"column":23},"end":{"line":50,"column":48}},"15":{"start":{"line":51,"column":17},"end":{"line":51,"column":64}},"16":{"start":{"line":51,"column":36},"end":{"line":51,"column":63}},"17":{"start":{"line":52,"column":23},"end":{"line":52,"column":80}},"18":{"start":{"line":52,"column":56},"end":{"line":52,"column":61}},"19":{"start":{"line":54,"column":4},"end":{"line":61,"column":7}},"20":{"start":{"line":64,"column":2},"end":{"line":64,"column":18}},"21":{"start":{"line":75,"column":2},"end":{"line":75,"column":32}},"22":{"start":{"line":75,"column":22},"end":{"line":75,"column":32}},"23":{"start":{"line":77,"column":18},"end":{"line":77,"column":36}},"24":{"start":{"line":78,"column":2},"end":{"line":78,"column":49}},"25":{"start":{"line":80,"column":33},"end":{"line":80,"column":35}},"26":{"start":{"line":82,"column":2},"end":{"line":107,"column":3}},"27":{"start":{"line":83,"column":18},"end":{"line":83,"column":36}},"28":{"start":{"line":85,"column":4},"end":{"line":85,"column":45}},"29":{"start":{"line":86,"column":4},"end":{"line":86,"column":73}},"30":{"start":{"line":89,"column":4},"end":{"line":92,"column":5}},"31":{"start":{"line":90,"column":6},"end":{"line":90,"column":47}},"32":{"start":{"line":91,"column":6},"end":{"line":91,"column":75}},"33":{"start":{"line":94,"column":4},"end":{"line":106,"column":5}},"34":{"start":{"line":95,"column":6},"end":{"line":100,"column":9}},"35":{"start":{"line":102,"column":24},"end":{"line":102,"column":41}},"36":{"start":{"line":103,"column":6},"end":{"line":103,"column":51}},"37":{"start":{"line":104,"column":6},"end":{"line":104,"column":79}},"38":{"start":{"line":105,"column":6},"end":{"line":105,"column":26}},"39":{"start":{"line":109,"column":2},"end":{"line":109,"column":15}},"40":{"start":{"line":121,"column":18},"end":{"line":121,"column":36}},"41":{"start":{"line":122,"column":2},"end":{"line":122,"column":49}},"42":{"start":{"line":124,"column":17},"end":{"line":124,"column":49}},"43":{"start":{"line":125,"column":2},"end":{"line":130,"column":3}},"44":{"start":{"line":126,"column":4},"end":{"line":126,"column":68}},"45":{"start":{"line":126,"column":59},"end":{"line":126,"column":68}},"46":{"start":{"line":127,"column":17},"end":{"line":127,"column":58}},"47":{"start":{"line":128,"column":4},"end":{"line":128,"column":18}},"48":{"start":{"line":129,"column":4},"end":{"line":129,"column":46}},"49":{"start":{"line":132,"column":33},"end":{"line":132,"column":35}},"50":{"start":{"line":134,"column":2},"end":{"line":161,"column":3}},"51":{"start":{"line":135,"column":19},"end":{"line":137,"column":5}},"52":{"start":{"line":136,"column":16},"end":{"line":136,"column":73}},"53":{"start":{"line":139,"column":17},"end":{"line":139,"column":42}},"54":{"start":{"line":140,"column":18},"end":{"line":140,"column":41}},"55":{"start":{"line":141,"column":23},"end":{"line":141,"column":55}},"56":{"start":{"line":143,"column":4},"end":{"line":143,"column":38}},"57":{"start":{"line":143,"column":29},"end":{"line":143,"column":38}},"58":{"start":{"line":145,"column":21},"end":{"line":145,"column":40}},"59":{"start":{"line":146,"column":22},"end":{"line":146,"column":40}},"60":{"start":{"line":148,"column":4},"end":{"line":160,"column":5}},"61":{"start":{"line":148,"column":17},"end":{"line":148,"column":18}},"62":{"start":{"line":149,"column":23},"end":{"line":149,"column":41}},"63":{"start":{"line":150,"column":6},"end":{"line":150,"column":49}},"64":{"start":{"line":152,"column":6},"end":{"line":159,"column":7}},"65":{"start":{"line":153,"column":8},"end":{"line":158,"column":11}},"66":{"start":{"line":163,"column":2},"end":{"line":163,"column":15}},"67":{"start":{"line":174,"column":18},"end":{"line":178,"column":3}},"68":{"start":{"line":180,"column":2},"end":{"line":204,"column":5}},"69":{"start":{"line":181,"column":19},"end":{"line":181,"column":37}},"70":{"start":{"line":182,"column":4},"end":{"line":182,"column":44}},"71":{"start":{"line":184,"column":24},"end":{"line":186,"column":5}},"72":{"start":{"line":185,"column":16},"end":{"line":185,"column":78}},"73":{"start":{"line":188,"column":22},"end":{"line":188,"column":23}},"74":{"start":{"line":189,"column":23},"end":{"line":189,"column":24}},"75":{"start":{"line":191,"column":4},"end":{"line":194,"column":5}},"76":{"start":{"line":192,"column":6},"end":{"line":193,"column":45}},"77":{"start":{"line":192,"column":34},"end":{"line":192,"column":67}},"78":{"start":{"line":193,"column":11},"end":{"line":193,"column":45}},"79":{"start":{"line":196,"column":4},"end":{"line":203,"column":6}},"80":{"start":{"line":208,"column":2},"end":{"line":208,"column":72}}},"fnMap":{"0":{"name":"detectRecurringPatterns","decl":{"start":{"line":32,"column":16},"end":{"line":32,"column":39}},"loc":{"start":{"line":32,"column":89},"end":{"line":65,"column":1}},"line":32},"1":{"name":"(anonymous_1)","decl":{"start":{"line":33,"column":40},"end":{"line":33,"column":41}},"loc":{"start":{"line":33,"column":48},"end":{"line":33,"column":97}},"line":33},"2":{"name":"(anonymous_2)","decl":{"start":{"line":48,"column":33},"end":{"line":48,"column":34}},"loc":{"start":{"line":48,"column":43},"end":{"line":48,"column":98}},"line":48},"3":{"name":"(anonymous_3)","decl":{"start":{"line":51,"column":28},"end":{"line":51,"column":29}},"loc":{"start":{"line":51,"column":36},"end":{"line":51,"column":63}},"line":51},"4":{"name":"(anonymous_4)","decl":{"start":{"line":52,"column":46},"end":{"line":52,"column":47}},"loc":{"start":{"line":52,"column":56},"end":{"line":52,"column":61}},"line":52},"5":{"name":"projectRecurring","decl":{"start":{"line":70,"column":16},"end":{"line":70,"column":32}},"loc":{"start":{"line":74,"column":19},"end":{"line":110,"column":1}},"line":74},"6":{"name":"projectInstallments","decl":{"start":{"line":116,"column":16},"end":{"line":116,"column":35}},"loc":{"start":{"line":120,"column":19},"end":{"line":164,"column":1}},"line":120},"7":{"name":"(anonymous_7)","decl":{"start":{"line":136,"column":6},"end":{"line":136,"column":7}},"loc":{"start":{"line":136,"column":16},"end":{"line":136,"column":73}},"line":136},"8":{"name":"buildProjection","decl":{"start":{"line":169,"column":16},"end":{"line":169,"column":31}},"loc":{"start":{"line":173,"column":22},"end":{"line":205,"column":1}},"line":173},"9":{"name":"(anonymous_9)","decl":{"start":{"line":180,"column":21},"end":{"line":180,"column":22}},"loc":{"start":{"line":180,"column":42},"end":{"line":204,"column":3}},"line":180},"10":{"name":"(anonymous_10)","decl":{"start":{"line":185,"column":6},"end":{"line":185,"column":7}},"loc":{"start":{"line":185,"column":16},"end":{"line":185,"column":78}},"line":185},"11":{"name":"daysInMonth","decl":{"start":{"line":207,"column":9},"end":{"line":207,"column":20}},"loc":{"start":{"line":207,"column":41},"end":{"line":209,"column":1}},"line":207}},"branchMap":{"0":{"loc":{"start":{"line":33,"column":48},"end":{"line":33,"column":97}},"type":"binary-expr","locations":[{"start":{"line":33,"column":48},"end":{"line":33,"column":73}},{"start":{"line":33,"column":77},"end":{"line":33,"column":97}}],"line":33},"1":{"loc":{"start":{"line":38,"column":17},"end":{"line":38,"column":38}},"type":"binary-expr","locations":[{"start":{"line":38,"column":17},"end":{"line":38,"column":32}},{"start":{"line":38,"column":36},"end":{"line":38,"column":38}}],"line":38},"2":{"loc":{"start":{"line":46,"column":4},"end":{"line":46,"column":33}},"type":"if","locations":[{"start":{"line":46,"column":4},"end":{"line":46,"column":33}},{"start":{},"end":{}}],"line":46},"3":{"loc":{"start":{"line":75,"column":2},"end":{"line":75,"column":32}},"type":"if","locations":[{"start":{"line":75,"column":2},"end":{"line":75,"column":32}},{"start":{},"end":{}}],"line":75},"4":{"loc":{"start":{"line":89,"column":4},"end":{"line":92,"column":5}},"type":"if","locations":[{"start":{"line":89,"column":4},"end":{"line":92,"column":5}},{"start":{},"end":{}}],"line":89},"5":{"loc":{"start":{"line":126,"column":4},"end":{"line":126,"column":68}},"type":"if","locations":[{"start":{"line":126,"column":4},"end":{"line":126,"column":68}},{"start":{},"end":{}}],"line":126},"6":{"loc":{"start":{"line":126,"column":8},"end":{"line":126,"column":57}},"type":"binary-expr","locations":[{"start":{"line":126,"column":8},"end":{"line":126,"column":32}},{"start":{"line":126,"column":36},"end":{"line":126,"column":57}}],"line":126},"7":{"loc":{"start":{"line":127,"column":17},"end":{"line":127,"column":58}},"type":"binary-expr","locations":[{"start":{"line":127,"column":17},"end":{"line":127,"column":52}},{"start":{"line":127,"column":56},"end":{"line":127,"column":58}}],"line":127},"8":{"loc":{"start":{"line":136,"column":17},"end":{"line":136,"column":42}},"type":"binary-expr","locations":[{"start":{"line":136,"column":17},"end":{"line":136,"column":37}},{"start":{"line":136,"column":41},"end":{"line":136,"column":42}}],"line":136},"9":{"loc":{"start":{"line":136,"column":47},"end":{"line":136,"column":72}},"type":"binary-expr","locations":[{"start":{"line":136,"column":47},"end":{"line":136,"column":67}},{"start":{"line":136,"column":71},"end":{"line":136,"column":72}}],"line":136},"10":{"loc":{"start":{"line":141,"column":23},"end":{"line":141,"column":55}},"type":"binary-expr","locations":[{"start":{"line":141,"column":23},"end":{"line":141,"column":46}},{"start":{"line":141,"column":50},"end":{"line":141,"column":55}}],"line":141},"11":{"loc":{"start":{"line":143,"column":4},"end":{"line":143,"column":38}},"type":"if","locations":[{"start":{"line":143,"column":4},"end":{"line":143,"column":38}},{"start":{},"end":{}}],"line":143},"12":{"loc":{"start":{"line":152,"column":6},"end":{"line":159,"column":7}},"type":"if","locations":[{"start":{"line":152,"column":6},"end":{"line":159,"column":7}},{"start":{},"end":{}}],"line":152},"13":{"loc":{"start":{"line":152,"column":10},"end":{"line":152,"column":51}},"type":"binary-expr","locations":[{"start":{"line":152,"column":10},"end":{"line":152,"column":29}},{"start":{"line":152,"column":33},"end":{"line":152,"column":51}}],"line":152},"14":{"loc":{"start":{"line":185,"column":16},"end":{"line":185,"column":78}},"type":"binary-expr","locations":[{"start":{"line":185,"column":16},"end":{"line":185,"column":44}},{"start":{"line":185,"column":48},"end":{"line":185,"column":78}}],"line":185},"15":{"loc":{"start":{"line":192,"column":6},"end":{"line":193,"column":45}},"type":"if","locations":[{"start":{"line":192,"column":6},"end":{"line":193,"column":45}},{"start":{"line":193,"column":11},"end":{"line":193,"column":45}}],"line":192}},"s":{"0":9,"1":14,"2":9,"3":9,"4":13,"5":13,"6":13,"7":13,"8":9,"9":9,"10":5,"11":1,"12":4,"13":8,"14":4,"15":4,"16":12,"17":4,"18":12,"19":4,"20":9,"21":9,"22":1,"23":8,"24":8,"25":8,"26":8,"27":4,"28":4,"29":4,"30":4,"31":0,"32":0,"33":4,"34":7,"35":7,"36":7,"37":7,"38":7,"39":8,"40":8,"41":8,"42":8,"43":8,"44":11,"45":3,"46":8,"47":8,"48":8,"49":8,"50":8,"51":4,"52":4,"53":4,"54":4,"55":4,"56":4,"57":1,"58":3,"59":3,"60":3,"61":3,"62":19,"63":19,"64":19,"65":6,"66":8,"67":9,"68":9,"69":27,"70":27,"71":27,"72":33,"73":27,"74":27,"75":27,"76":27,"77":7,"78":20,"79":27,"80":11},"f":{"0":9,"1":14,"2":8,"3":12,"4":12,"5":9,"6":8,"7":4,"8":9,"9":27,"10":33,"11":11},"b":{"0":[14,13],"1":[13,5],"2":[1,4],"3":[1,8],"4":[0,4],"5":[3,8],"6":[11,8],"7":[8,4],"8":[4,0],"9":[4,0],"10":[4,0],"11":[1,3],"12":[6,13],"13":[19,19],"14":[33,27],"15":[7,20]},"_coverageSchema":"1a1c01bbd47fc00a2c39e90264f33305004495a9","hash":"55c1d85f866ebe33fc48404671e4cc664559def5"}
,"C:\\workspace\\projetoGit\\workspaceRN\\gofinances\\src\\features\\goals\\application\\contributeToGoal.ts": {"path":"C:\\workspace\\projetoGit\\workspaceRN\\gofinances\\src\\features\\goals\\application\\contributeToGoal.ts","statementMap":{"0":{"start":{"line":5,"column":17},"end":{"line":5,"column":37}},"1":{"start":{"line":8,"column":2},"end":{"line":10,"column":3}},"2":{"start":{"line":9,"column":4},"end":{"line":9,"column":76}},"3":{"start":{"line":12,"column":15},"end":{"line":12,"column":45}},"4":{"start":{"line":13,"column":2},"end":{"line":15,"column":3}},"5":{"start":{"line":14,"column":4},"end":{"line":14,"column":59}},"6":{"start":{"line":16,"column":2},"end":{"line":18,"column":3}},"7":{"start":{"line":17,"column":4},"end":{"line":17,"column":88}},"8":{"start":{"line":20,"column":18},"end":{"line":20,"column":64}},"9":{"start":{"line":21,"column":2},"end":{"line":23,"column":3}},"10":{"start":{"line":22,"column":4},"end":{"line":22,"column":66}},"11":{"start":{"line":25,"column":2},"end":{"line":28,"column":3}},"12":{"start":{"line":26,"column":4},"end":{"line":26,"column":63}},"13":{"start":{"line":27,"column":4},"end":{"line":27,"column":47}},"14":{"start":{"line":30,"column":2},"end":{"line":30,"column":17}}},"fnMap":{"0":{"name":"contributeToGoal","decl":{"start":{"line":7,"column":22},"end":{"line":7,"column":38}},"loc":{"start":{"line":7,"column":91},"end":{"line":31,"column":1}},"line":7}},"branchMap":{"0":{"loc":{"start":{"line":8,"column":2},"end":{"line":10,"column":3}},"type":"if","locations":[{"start":{"line":8,"column":2},"end":{"line":10,"column":3}},{"start":{},"end":{}}],"line":8},"1":{"loc":{"start":{"line":13,"column":2},"end":{"line":15,"column":3}},"type":"if","locations":[{"start":{"line":13,"column":2},"end":{"line":15,"column":3}},{"start":{},"end":{}}],"line":13},"2":{"loc":{"start":{"line":16,"column":2},"end":{"line":18,"column":3}},"type":"if","locations":[{"start":{"line":16,"column":2},"end":{"line":18,"column":3}},{"start":{},"end":{}}],"line":16},"3":{"loc":{"start":{"line":21,"column":2},"end":{"line":23,"column":3}},"type":"if","locations":[{"start":{"line":21,"column":2},"end":{"line":23,"column":3}},{"start":{},"end":{}}],"line":21},"4":{"loc":{"start":{"line":25,"column":2},"end":{"line":28,"column":3}},"type":"if","locations":[{"start":{"line":25,"column":2},"end":{"line":28,"column":3}},{"start":{},"end":{}}],"line":25},"5":{"loc":{"start":{"line":25,"column":6},"end":{"line":25,"column":82}},"type":"binary-expr","locations":[{"start":{"line":25,"column":6},"end":{"line":25,"column":51}},{"start":{"line":25,"column":55},"end":{"line":25,"column":82}}],"line":25}},"s":{"0":1,"1":6,"2":2,"3":4,"4":4,"5":1,"6":3,"7":1,"8":2,"9":2,"10":0,"11":2,"12":1,"13":1,"14":1},"f":{"0":6},"b":{"0":[2,4],"1":[1,3],"2":[1,2],"3":[0,2],"4":[1,1],"5":[2,1]},"_coverageSchema":"1a1c01bbd47fc00a2c39e90264f33305004495a9","hash":"8b65ad7343b1027a1e1e2ff87eacbb65ca3ad211"}
,"C:\\workspace\\projetoGit\\workspaceRN\\gofinances\\src\\features\\goals\\application\\createGoal.ts": {"path":"C:\\workspace\\projetoGit\\workspaceRN\\gofinances\\src\\features\\goals\\application\\createGoal.ts","statementMap":{"0":{"start":{"line":6,"column":17},"end":{"line":6,"column":37}},"1":{"start":{"line":18,"column":2},"end":{"line":20,"column":3}},"2":{"start":{"line":19,"column":4},"end":{"line":19,"column":73}},"3":{"start":{"line":21,"column":2},"end":{"line":23,"column":3}},"4":{"start":{"line":22,"column":4},"end":{"line":22,"column":84}},"5":{"start":{"line":25,"column":14},"end":{"line":25,"column":38}},"6":{"start":{"line":26,"column":21},"end":{"line":40,"column":3}},"7":{"start":{"line":42,"column":2},"end":{"line":42,"column":31}}},"fnMap":{"0":{"name":"createGoal","decl":{"start":{"line":17,"column":22},"end":{"line":17,"column":32}},"loc":{"start":{"line":17,"column":72},"end":{"line":43,"column":1}},"line":17}},"branchMap":{"0":{"loc":{"start":{"line":18,"column":2},"end":{"line":20,"column":3}},"type":"if","locations":[{"start":{"line":18,"column":2},"end":{"line":20,"column":3}},{"start":{},"end":{}}],"line":18},"1":{"loc":{"start":{"line":21,"column":2},"end":{"line":23,"column":3}},"type":"if","locations":[{"start":{"line":21,"column":2},"end":{"line":23,"column":3}},{"start":{},"end":{}}],"line":21},"2":{"loc":{"start":{"line":34,"column":11},"end":{"line":34,"column":35}},"type":"binary-expr","locations":[{"start":{"line":34,"column":11},"end":{"line":34,"column":22}},{"start":{"line":34,"column":26},"end":{"line":34,"column":35}}],"line":34},"3":{"loc":{"start":{"line":35,"column":10},"end":{"line":35,"column":30}},"type":"binary-expr","locations":[{"start":{"line":35,"column":10},"end":{"line":35,"column":20}},{"start":{"line":35,"column":24},"end":{"line":35,"column":30}}],"line":35}},"s":{"0":1,"1":5,"2":1,"3":4,"4":2,"5":2,"6":2,"7":2},"f":{"0":5},"b":{"0":[1,4],"1":[2,2],"2":[2,1],"3":[2,1]},"_coverageSchema":"1a1c01bbd47fc00a2c39e90264f33305004495a9","hash":"3f51d649566d6ca0d021df826b28a699d07c929b"}
,"C:\\workspace\\projetoGit\\workspaceRN\\gofinances\\src\\features\\goals\\application\\listGoals.ts": {"path":"C:\\workspace\\projetoGit\\workspaceRN\\gofinances\\src\\features\\goals\\application\\listGoals.ts","statementMap":{"0":{"start":{"line":4,"column":17},"end":{"line":4,"column":37}},"1":{"start":{"line":7,"column":2},"end":{"line":7,"column":45}}},"fnMap":{"0":{"name":"listGoals","decl":{"start":{"line":6,"column":22},"end":{"line":6,"column":31}},"loc":{"start":{"line":6,"column":86},"end":{"line":8,"column":1}},"line":6}},"branchMap":{},"s":{"0":0,"1":0},"f":{"0":0},"b":{}}
,"C:\\workspace\\projetoGit\\workspaceRN\\gofinances\\src\\features\\goals\\domain\\goalRules.ts": {"path":"C:\\workspace\\projetoGit\\workspaceRN\\gofinances\\src\\features\\goals\\domain\\goalRules.ts","statementMap":{"0":{"start":{"line":4,"column":2},"end":{"line":4,"column":33}},"1":{"start":{"line":4,"column":24},"end":{"line":4,"column":33}},"2":{"start":{"line":5,"column":2},"end":{"line":5,"column":71}},"3":{"start":{"line":9,"column":2},"end":{"line":9,"column":49}},"4":{"start":{"line":17,"column":20},"end":{"line":17,"column":60}},"5":{"start":{"line":18,"column":2},"end":{"line":18,"column":31}},"6":{"start":{"line":18,"column":22},"end":{"line":18,"column":31}},"7":{"start":{"line":19,"column":2},"end":{"line":19,"column":40}},"8":{"start":{"line":19,"column":23},"end":{"line":19,"column":40}},"9":{"start":{"line":20,"column":2},"end":{"line":20,"column":43}},"10":{"start":{"line":28,"column":2},"end":{"line":28,"column":32}},"11":{"start":{"line":28,"column":19},"end":{"line":28,"column":32}},"12":{"start":{"line":29,"column":2},"end":{"line":29,"column":48}},"13":{"start":{"line":29,"column":35},"end":{"line":29,"column":48}},"14":{"start":{"line":30,"column":2},"end":{"line":30,"column":43}},"15":{"start":{"line":34,"column":2},"end":{"line":34,"column":31}},"16":{"start":{"line":34,"column":19},"end":{"line":34,"column":31}},"17":{"start":{"line":35,"column":15},"end":{"line":35,"column":73}},"18":{"start":{"line":36,"column":2},"end":{"line":36,"column":27}}},"fnMap":{"0":{"name":"goalProgress","decl":{"start":{"line":3,"column":16},"end":{"line":3,"column":28}},"loc":{"start":{"line":3,"column":80},"end":{"line":6,"column":1}},"line":3},"1":{"name":"goalRemaining","decl":{"start":{"line":8,"column":16},"end":{"line":8,"column":29}},"loc":{"start":{"line":8,"column":81},"end":{"line":10,"column":1}},"line":8},"2":{"name":"monthlyProjection","decl":{"start":{"line":12,"column":16},"end":{"line":12,"column":33}},"loc":{"start":{"line":16,"column":10},"end":{"line":21,"column":1}},"line":16},"3":{"name":"isGoalDelayed","decl":{"start":{"line":23,"column":16},"end":{"line":23,"column":29}},"loc":{"start":{"line":27,"column":11},"end":{"line":31,"column":1}},"line":27},"4":{"name":"daysUntilTarget","decl":{"start":{"line":33,"column":16},"end":{"line":33,"column":31}},"loc":{"start":{"line":33,"column":68},"end":{"line":37,"column":1}},"line":33}},"branchMap":{"0":{"loc":{"start":{"line":4,"column":2},"end":{"line":4,"column":33}},"type":"if","locations":[{"start":{"line":4,"column":2},"end":{"line":4,"column":33}},{"start":{},"end":{}}],"line":4},"1":{"loc":{"start":{"line":18,"column":2},"end":{"line":18,"column":31}},"type":"if","locations":[{"start":{"line":18,"column":2},"end":{"line":18,"column":31}},{"start":{},"end":{}}],"line":18},"2":{"loc":{"start":{"line":19,"column":2},"end":{"line":19,"column":40}},"type":"if","locations":[{"start":{"line":19,"column":2},"end":{"line":19,"column":40}},{"start":{},"end":{}}],"line":19},"3":{"loc":{"start":{"line":28,"column":2},"end":{"line":28,"column":32}},"type":"if","locations":[{"start":{"line":28,"column":2},"end":{"line":28,"column":32}},{"start":{},"end":{}}],"line":28},"4":{"loc":{"start":{"line":29,"column":2},"end":{"line":29,"column":48}},"type":"if","locations":[{"start":{"line":29,"column":2},"end":{"line":29,"column":48}},{"start":{},"end":{}}],"line":29},"5":{"loc":{"start":{"line":34,"column":2},"end":{"line":34,"column":31}},"type":"if","locations":[{"start":{"line":34,"column":2},"end":{"line":34,"column":31}},{"start":{},"end":{}}],"line":34}},"s":{"0":5,"1":1,"2":4,"3":8,"4":5,"5":5,"6":1,"7":4,"8":2,"9":2,"10":4,"11":1,"12":3,"13":1,"14":2,"15":3,"16":1,"17":2,"18":2},"f":{"0":5,"1":8,"2":5,"3":4,"4":3},"b":{"0":[1,4],"1":[1,4],"2":[2,2],"3":[1,3],"4":[1,2],"5":[1,2]},"_coverageSchema":"1a1c01bbd47fc00a2c39e90264f33305004495a9","hash":"85c0c5c34448adfddcbc5c62c004565db8a4b3f5"}
,"C:\\workspace\\projetoGit\\workspaceRN\\gofinances\\src\\features\\import-export\\application\\exportTransactions.ts": {"path":"C:\\workspace\\projetoGit\\workspaceRN\\gofinances\\src\\features\\import-export\\application\\exportTransactions.ts","statementMap":{"0":{"start":{"line":5,"column":2},"end":{"line":5,"column":41}}},"fnMap":{"0":{"name":"exportToCSV","decl":{"start":{"line":4,"column":16},"end":{"line":4,"column":27}},"loc":{"start":{"line":4,"column":65},"end":{"line":6,"column":1}},"line":4}},"branchMap":{},"s":{"0":2},"f":{"0":2},"b":{},"_coverageSchema":"1a1c01bbd47fc00a2c39e90264f33305004495a9","hash":"a4bacf0156ae81fcaa88104808d2c38afbcd961a"}
,"C:\\workspace\\projetoGit\\workspaceRN\\gofinances\\src\\features\\import-export\\application\\importTransactions.ts": {"path":"C:\\workspace\\projetoGit\\workspaceRN\\gofinances\\src\\features\\import-export\\application\\importTransactions.ts","statementMap":{"0":{"start":{"line":18,"column":17},"end":{"line":18,"column":46}},"1":{"start":{"line":19,"column":21},"end":{"line":19,"column":51}},"2":{"start":{"line":20,"column":21},"end":{"line":20,"column":59}},"3":{"start":{"line":22,"column":14},"end":{"line":22,"column":38}},"4":{"start":{"line":23,"column":38},"end":{"line":38,"column":5}},"5":{"start":{"line":23,"column":63},"end":{"line":38,"column":3}},"6":{"start":{"line":40,"column":2},"end":{"line":47,"column":4}}},"fnMap":{"0":{"name":"processCSVImport","decl":{"start":{"line":11,"column":16},"end":{"line":11,"column":32}},"loc":{"start":{"line":17,"column":57},"end":{"line":48,"column":1}},"line":17},"1":{"name":"(anonymous_1)","decl":{"start":{"line":23,"column":53},"end":{"line":23,"column":54}},"loc":{"start":{"line":23,"column":63},"end":{"line":38,"column":3}},"line":23}},"branchMap":{},"s":{"0":5,"1":5,"2":5,"3":5,"4":5,"5":7,"6":5},"f":{"0":5,"1":7},"b":{},"_coverageSchema":"1a1c01bbd47fc00a2c39e90264f33305004495a9","hash":"098f5f7ef99b5420554aea7feec4528e9f90aa44"}
,"C:\\workspace\\projetoGit\\workspaceRN\\gofinances\\src\\features\\import-export\\domain\\csvExporter.ts": {"path":"C:\\workspace\\projetoGit\\workspaceRN\\gofinances\\src\\features\\import-export\\domain\\csvExporter.ts","statementMap":{"0":{"start":{"line":5,"column":17},"end":{"line":5,"column":60}},"1":{"start":{"line":6,"column":16},"end":{"line":10,"column":4}},"2":{"start":{"line":7,"column":19},"end":{"line":7,"column":65}},"3":{"start":{"line":8,"column":24},"end":{"line":8,"column":72}},"4":{"start":{"line":9,"column":4},"end":{"line":9,"column":95}},"5":{"start":{"line":11,"column":2},"end":{"line":11,"column":39}}},"fnMap":{"0":{"name":"transactionsToCSV","decl":{"start":{"line":4,"column":16},"end":{"line":4,"column":33}},"loc":{"start":{"line":4,"column":71},"end":{"line":12,"column":1}},"line":4},"1":{"name":"(anonymous_1)","decl":{"start":{"line":6,"column":33},"end":{"line":6,"column":34}},"loc":{"start":{"line":6,"column":41},"end":{"line":10,"column":3}},"line":6}},"branchMap":{"0":{"loc":{"start":{"line":8,"column":24},"end":{"line":8,"column":72}},"type":"cond-expr","locations":[{"start":{"line":8,"column":48},"end":{"line":8,"column":62}},{"start":{"line":8,"column":65},"end":{"line":8,"column":72}}],"line":8}},"s":{"0":7,"1":7,"2":8,"3":8,"4":8,"5":7},"f":{"0":7,"1":8},"b":{"0":[1,7]},"_coverageSchema":"1a1c01bbd47fc00a2c39e90264f33305004495a9","hash":"c7dc3fe4e60a0fd3bb13565b458c7d723158a94e"}
,"C:\\workspace\\projetoGit\\workspaceRN\\gofinances\\src\\features\\import-export\\domain\\csvParser.ts": {"path":"C:\\workspace\\projetoGit\\workspaceRN\\gofinances\\src\\features\\import-export\\domain\\csvParser.ts","statementMap":{"0":{"start":{"line":27,"column":14},"end":{"line":27,"column":24}},"1":{"start":{"line":28,"column":21},"end":{"line":28,"column":42}},"2":{"start":{"line":29,"column":2},"end":{"line":29,"column":52}},"3":{"start":{"line":29,"column":18},"end":{"line":29,"column":52}},"4":{"start":{"line":31,"column":2},"end":{"line":31,"column":39}},"5":{"start":{"line":35,"column":2},"end":{"line":42,"column":3}},"6":{"start":{"line":37,"column":18},"end":{"line":37,"column":60}},"7":{"start":{"line":38,"column":4},"end":{"line":38,"column":32}},"8":{"start":{"line":41,"column":4},"end":{"line":41,"column":32}},"9":{"start":{"line":44,"column":16},"end":{"line":44,"column":41}},"10":{"start":{"line":45,"column":2},"end":{"line":45,"column":37}},"11":{"start":{"line":49,"column":18},"end":{"line":49,"column":28}},"12":{"start":{"line":52,"column":2},"end":{"line":54,"column":3}},"13":{"start":{"line":53,"column":4},"end":{"line":53,"column":19}},"14":{"start":{"line":57,"column":16},"end":{"line":57,"column":66}},"15":{"start":{"line":58,"column":2},"end":{"line":66,"column":3}},"16":{"start":{"line":59,"column":16},"end":{"line":59,"column":24}},"17":{"start":{"line":60,"column":18},"end":{"line":60,"column":26}},"18":{"start":{"line":61,"column":15},"end":{"line":61,"column":23}},"19":{"start":{"line":62,"column":4},"end":{"line":64,"column":5}},"20":{"start":{"line":63,"column":6},"end":{"line":63,"column":25}},"21":{"start":{"line":65,"column":4},"end":{"line":65,"column":37}},"22":{"start":{"line":68,"column":2},"end":{"line":68,"column":17}},"23":{"start":{"line":72,"column":27},"end":{"line":72,"column":29}},"24":{"start":{"line":73,"column":16},"end":{"line":73,"column":18}},"25":{"start":{"line":74,"column":17},"end":{"line":74,"column":22}},"26":{"start":{"line":76,"column":2},"end":{"line":86,"column":3}},"27":{"start":{"line":76,"column":15},"end":{"line":76,"column":16}},"28":{"start":{"line":77,"column":17},"end":{"line":77,"column":24}},"29":{"start":{"line":78,"column":4},"end":{"line":85,"column":5}},"30":{"start":{"line":79,"column":6},"end":{"line":79,"column":27}},"31":{"start":{"line":80,"column":11},"end":{"line":85,"column":5}},"32":{"start":{"line":81,"column":6},"end":{"line":81,"column":34}},"33":{"start":{"line":82,"column":6},"end":{"line":82,"column":19}},"34":{"start":{"line":84,"column":6},"end":{"line":84,"column":22}},"35":{"start":{"line":87,"column":2},"end":{"line":87,"column":30}},"36":{"start":{"line":88,"column":2},"end":{"line":88,"column":16}},"37":{"start":{"line":92,"column":20},"end":{"line":92,"column":44}},"38":{"start":{"line":93,"column":16},"end":{"line":93,"column":66}},"39":{"start":{"line":93,"column":46},"end":{"line":93,"column":65}},"40":{"start":{"line":95,"column":2},"end":{"line":97,"column":3}},"41":{"start":{"line":96,"column":4},"end":{"line":96,"column":36}},"42":{"start":{"line":99,"column":18},"end":{"line":99,"column":86}},"43":{"start":{"line":99,"column":63},"end":{"line":99,"column":85}},"44":{"start":{"line":101,"column":18},"end":{"line":101,"column":61}},"45":{"start":{"line":102,"column":18},"end":{"line":102,"column":61}},"46":{"start":{"line":103,"column":20},"end":{"line":103,"column":65}},"47":{"start":{"line":104,"column":18},"end":{"line":104,"column":81}},"48":{"start":{"line":106,"column":2},"end":{"line":108,"column":3}},"49":{"start":{"line":107,"column":4},"end":{"line":107,"column":62}},"50":{"start":{"line":109,"column":2},"end":{"line":111,"column":3}},"51":{"start":{"line":110,"column":4},"end":{"line":110,"column":62}},"52":{"start":{"line":112,"column":2},"end":{"line":114,"column":3}},"53":{"start":{"line":113,"column":4},"end":{"line":113,"column":64}},"54":{"start":{"line":115,"column":2},"end":{"line":117,"column":3}},"55":{"start":{"line":116,"column":4},"end":{"line":116,"column":62}},"56":{"start":{"line":119,"column":28},"end":{"line":119,"column":30}},"57":{"start":{"line":120,"column":34},"end":{"line":120,"column":36}},"58":{"start":{"line":122,"column":2},"end":{"line":150,"column":3}},"59":{"start":{"line":122,"column":15},"end":{"line":122,"column":16}},"60":{"start":{"line":123,"column":19},"end":{"line":123,"column":52}},"61":{"start":{"line":125,"column":20},"end":{"line":125,"column":41}},"62":{"start":{"line":126,"column":20},"end":{"line":126,"column":41}},"63":{"start":{"line":127,"column":22},"end":{"line":127,"column":45}},"64":{"start":{"line":128,"column":20},"end":{"line":128,"column":63}},"65":{"start":{"line":130,"column":4},"end":{"line":133,"column":5}},"66":{"start":{"line":131,"column":6},"end":{"line":131,"column":60}},"67":{"start":{"line":132,"column":6},"end":{"line":132,"column":15}},"68":{"start":{"line":135,"column":24},"end":{"line":135,"column":52}},"69":{"start":{"line":138,"column":4},"end":{"line":142,"column":5}},"70":{"start":{"line":139,"column":6},"end":{"line":139,"column":78}},"71":{"start":{"line":141,"column":6},"end":{"line":141,"column":52}},"72":{"start":{"line":144,"column":4},"end":{"line":149,"column":7}},"73":{"start":{"line":152,"column":2},"end":{"line":152,"column":26}},"74":{"start":{"line":156,"column":15},"end":{"line":156,"column":32}},"75":{"start":{"line":157,"column":2},"end":{"line":162,"column":5}},"76":{"start":{"line":158,"column":17},"end":{"line":158,"column":74}},"77":{"start":{"line":159,"column":4},"end":{"line":159,"column":37}},"78":{"start":{"line":159,"column":24},"end":{"line":159,"column":37}},"79":{"start":{"line":160,"column":4},"end":{"line":160,"column":19}},"80":{"start":{"line":161,"column":4},"end":{"line":161,"column":16}}},"fnMap":{"0":{"name":"normalizeAmountBR","decl":{"start":{"line":26,"column":16},"end":{"line":26,"column":33}},"loc":{"start":{"line":26,"column":55},"end":{"line":46,"column":1}},"line":26},"1":{"name":"normalizeDateBR","decl":{"start":{"line":48,"column":16},"end":{"line":48,"column":31}},"loc":{"start":{"line":48,"column":53},"end":{"line":69,"column":1}},"line":48},"2":{"name":"splitCSVLine","decl":{"start":{"line":71,"column":9},"end":{"line":71,"column":21}},"loc":{"start":{"line":71,"column":65},"end":{"line":89,"column":1}},"line":71},"3":{"name":"parseCSV","decl":{"start":{"line":91,"column":16},"end":{"line":91,"column":24}},"loc":{"start":{"line":91,"column":78},"end":{"line":153,"column":1}},"line":91},"4":{"name":"(anonymous_4)","decl":{"start":{"line":93,"column":39},"end":{"line":93,"column":40}},"loc":{"start":{"line":93,"column":46},"end":{"line":93,"column":65}},"line":93},"5":{"name":"(anonymous_5)","decl":{"start":{"line":99,"column":56},"end":{"line":99,"column":57}},"loc":{"start":{"line":99,"column":63},"end":{"line":99,"column":85}},"line":99},"6":{"name":"deduplicateByHash","decl":{"start":{"line":155,"column":16},"end":{"line":155,"column":33}},"loc":{"start":{"line":155,"column":66},"end":{"line":163,"column":1}},"line":155},"7":{"name":"(anonymous_7)","decl":{"start":{"line":157,"column":21},"end":{"line":157,"column":22}},"loc":{"start":{"line":157,"column":30},"end":{"line":162,"column":3}},"line":157}},"branchMap":{"0":{"loc":{"start":{"line":29,"column":2},"end":{"line":29,"column":52}},"type":"if","locations":[{"start":{"line":29,"column":2},"end":{"line":29,"column":52}},{"start":{},"end":{}}],"line":29},"1":{"loc":{"start":{"line":35,"column":2},"end":{"line":42,"column":3}},"type":"if","locations":[{"start":{"line":35,"column":2},"end":{"line":42,"column":3}},{"start":{"line":39,"column":9},"end":{"line":42,"column":3}}],"line":35},"2":{"loc":{"start":{"line":45,"column":9},"end":{"line":45,"column":36}},"type":"cond-expr","locations":[{"start":{"line":45,"column":22},"end":{"line":45,"column":28}},{"start":{"line":45,"column":31},"end":{"line":45,"column":36}}],"line":45},"3":{"loc":{"start":{"line":52,"column":2},"end":{"line":54,"column":3}},"type":"if","locations":[{"start":{"line":52,"column":2},"end":{"line":54,"column":3}},{"start":{},"end":{}}],"line":52},"4":{"loc":{"start":{"line":58,"column":2},"end":{"line":66,"column":3}},"type":"if","locations":[{"start":{"line":58,"column":2},"end":{"line":66,"column":3}},{"start":{},"end":{}}],"line":58},"5":{"loc":{"start":{"line":62,"column":4},"end":{"line":64,"column":5}},"type":"if","locations":[{"start":{"line":62,"column":4},"end":{"line":64,"column":5}},{"start":{},"end":{}}],"line":62},"6":{"loc":{"start":{"line":78,"column":4},"end":{"line":85,"column":5}},"type":"if","locations":[{"start":{"line":78,"column":4},"end":{"line":85,"column":5}},{"start":{"line":80,"column":11},"end":{"line":85,"column":5}}],"line":78},"7":{"loc":{"start":{"line":80,"column":11},"end":{"line":85,"column":5}},"type":"if","locations":[{"start":{"line":80,"column":11},"end":{"line":85,"column":5}},{"start":{"line":83,"column":11},"end":{"line":85,"column":5}}],"line":80},"8":{"loc":{"start":{"line":80,"column":15},"end":{"line":80,"column":46}},"type":"binary-expr","locations":[{"start":{"line":80,"column":15},"end":{"line":80,"column":33}},{"start":{"line":80,"column":37},"end":{"line":80,"column":46}}],"line":80},"9":{"loc":{"start":{"line":92,"column":20},"end":{"line":92,"column":44}},"type":"binary-expr","locations":[{"start":{"line":92,"column":20},"end":{"line":92,"column":37}},{"start":{"line":92,"column":41},"end":{"line":92,"column":44}}],"line":92},"10":{"loc":{"start":{"line":95,"column":2},"end":{"line":97,"column":3}},"type":"if","locations":[{"start":{"line":95,"column":2},"end":{"line":97,"column":3}},{"start":{},"end":{}}],"line":95},"11":{"loc":{"start":{"line":104,"column":18},"end":{"line":104,"column":81}},"type":"cond-expr","locations":[{"start":{"line":104,"column":33},"end":{"line":104,"column":76}},{"start":{"line":104,"column":79},"end":{"line":104,"column":81}}],"line":104},"12":{"loc":{"start":{"line":106,"column":2},"end":{"line":108,"column":3}},"type":"if","locations":[{"start":{"line":106,"column":2},"end":{"line":108,"column":3}},{"start":{},"end":{}}],"line":106},"13":{"loc":{"start":{"line":109,"column":2},"end":{"line":111,"column":3}},"type":"if","locations":[{"start":{"line":109,"column":2},"end":{"line":111,"column":3}},{"start":{},"end":{}}],"line":109},"14":{"loc":{"start":{"line":112,"column":2},"end":{"line":114,"column":3}},"type":"if","locations":[{"start":{"line":112,"column":2},"end":{"line":114,"column":3}},{"start":{},"end":{}}],"line":112},"15":{"loc":{"start":{"line":115,"column":2},"end":{"line":117,"column":3}},"type":"if","locations":[{"start":{"line":115,"column":2},"end":{"line":117,"column":3}},{"start":{},"end":{}}],"line":115},"16":{"loc":{"start":{"line":115,"column":6},"end":{"line":115,"column":36}},"type":"binary-expr","locations":[{"start":{"line":115,"column":6},"end":{"line":115,"column":18}},{"start":{"line":115,"column":22},"end":{"line":115,"column":36}}],"line":115},"17":{"loc":{"start":{"line":125,"column":20},"end":{"line":125,"column":41}},"type":"binary-expr","locations":[{"start":{"line":125,"column":20},"end":{"line":125,"column":35}},{"start":{"line":125,"column":39},"end":{"line":125,"column":41}}],"line":125},"18":{"loc":{"start":{"line":126,"column":20},"end":{"line":126,"column":41}},"type":"binary-expr","locations":[{"start":{"line":126,"column":20},"end":{"line":126,"column":35}},{"start":{"line":126,"column":39},"end":{"line":126,"column":41}}],"line":126},"19":{"loc":{"start":{"line":127,"column":22},"end":{"line":127,"column":45}},"type":"binary-expr","locations":[{"start":{"line":127,"column":22},"end":{"line":127,"column":39}},{"start":{"line":127,"column":43},"end":{"line":127,"column":45}}],"line":127},"20":{"loc":{"start":{"line":128,"column":20},"end":{"line":128,"column":63}},"type":"cond-expr","locations":[{"start":{"line":128,"column":36},"end":{"line":128,"column":57}},{"start":{"line":128,"column":61},"end":{"line":128,"column":63}}],"line":128},"21":{"loc":{"start":{"line":128,"column":36},"end":{"line":128,"column":57}},"type":"binary-expr","locations":[{"start":{"line":128,"column":36},"end":{"line":128,"column":51}},{"start":{"line":128,"column":55},"end":{"line":128,"column":57}}],"line":128},"22":{"loc":{"start":{"line":130,"column":4},"end":{"line":133,"column":5}},"type":"if","locations":[{"start":{"line":130,"column":4},"end":{"line":133,"column":5}},{"start":{},"end":{}}],"line":130},"23":{"loc":{"start":{"line":138,"column":4},"end":{"line":142,"column":5}},"type":"if","locations":[{"start":{"line":138,"column":4},"end":{"line":142,"column":5}},{"start":{"line":140,"column":11},"end":{"line":142,"column":5}}],"line":138},"24":{"loc":{"start":{"line":139,"column":13},"end":{"line":139,"column":77}},"type":"cond-expr","locations":[{"start":{"line":139,"column":57},"end":{"line":139,"column":65}},{"start":{"line":139,"column":68},"end":{"line":139,"column":77}}],"line":139},"25":{"loc":{"start":{"line":141,"column":13},"end":{"line":141,"column":51}},"type":"cond-expr","locations":[{"start":{"line":141,"column":31},"end":{"line":141,"column":40}},{"start":{"line":141,"column":43},"end":{"line":141,"column":51}}],"line":141},"26":{"loc":{"start":{"line":159,"column":4},"end":{"line":159,"column":37}},"type":"if","locations":[{"start":{"line":159,"column":4},"end":{"line":159,"column":37}},{"start":{},"end":{}}],"line":159}},"s":{"0":23,"1":23,"2":23,"3":2,"4":23,"5":23,"6":12,"7":12,"8":11,"9":23,"10":23,"11":19,"12":19,"13":1,"14":18,"15":18,"16":18,"17":18,"18":18,"19":18,"20":1,"21":18,"22":0,"23":28,"24":28,"25":28,"26":28,"27":28,"28":840,"29":840,"30":14,"31":826,"32":80,"33":80,"34":746,"35":28,"36":28,"37":11,"38":11,"39":29,"40":11,"41":0,"42":11,"43":42,"44":11,"45":11,"46":11,"47":11,"48":11,"49":0,"50":11,"51":0,"52":11,"53":0,"54":11,"55":1,"56":10,"57":10,"58":10,"59":10,"60":17,"61":17,"62":17,"63":17,"64":17,"65":17,"66":2,"67":2,"68":15,"69":15,"70":13,"71":2,"72":15,"73":10,"74":7,"75":7,"76":13,"77":13,"78":2,"79":11,"80":11},"f":{"0":23,"1":19,"2":28,"3":11,"4":29,"5":42,"6":7,"7":13},"b":{"0":[2,21],"1":[12,11],"2":[2,21],"3":[1,18],"4":[18,0],"5":[1,17],"6":[14,826],"7":[80,746],"8":[826,87],"9":[11,10],"10":[0,11],"11":[10,1],"12":[0,11],"13":[0,11],"14":[0,11],"15":[1,10],"16":[11,10],"17":[17,0],"18":[17,0],"19":[17,0],"20":[15,2],"21":[15,0],"22":[2,15],"23":[13,2],"24":[3,10],"25":[1,1],"26":[2,11]},"_coverageSchema":"1a1c01bbd47fc00a2c39e90264f33305004495a9","hash":"d58c02683047209474fd6363ce5cee4aa7f8797f"}
,"C:\\workspace\\projetoGit\\workspaceRN\\gofinances\\src\\features\\insights\\application\\generateInsights.ts": {"path":"C:\\workspace\\projetoGit\\workspaceRN\\gofinances\\src\\features\\insights\\application\\generateInsights.ts","statementMap":{"0":{"start":{"line":11,"column":15},"end":{"line":11,"column":42}},"1":{"start":{"line":14,"column":14},"end":{"line":14,"column":46}},"2":{"start":{"line":15,"column":2},"end":{"line":20,"column":3}},"3":{"start":{"line":16,"column":16},"end":{"line":16,"column":35}},"4":{"start":{"line":17,"column":17},"end":{"line":17,"column":35}},"5":{"start":{"line":18,"column":4},"end":{"line":18,"column":18}},"6":{"start":{"line":19,"column":4},"end":{"line":19,"column":23}},"7":{"start":{"line":21,"column":2},"end":{"line":21,"column":13}},"8":{"start":{"line":35,"column":17},"end":{"line":35,"column":48}},"9":{"start":{"line":36,"column":2},"end":{"line":36,"column":37}},"10":{"start":{"line":36,"column":27},"end":{"line":36,"column":37}},"11":{"start":{"line":38,"column":30},"end":{"line":38,"column":32}},"12":{"start":{"line":39,"column":14},"end":{"line":39,"column":38}},"13":{"start":{"line":41,"column":26},"end":{"line":41,"column":73}},"14":{"start":{"line":42,"column":18},"end":{"line":42,"column":38}},"15":{"start":{"line":44,"column":26},"end":{"line":44,"column":60}},"16":{"start":{"line":45,"column":28},"end":{"line":47,"column":11}},"17":{"start":{"line":46,"column":19},"end":{"line":46,"column":38}},"18":{"start":{"line":50,"column":20},"end":{"line":50,"column":51}},"19":{"start":{"line":51,"column":2},"end":{"line":64,"column":3}},"20":{"start":{"line":52,"column":4},"end":{"line":63,"column":7}},"21":{"start":{"line":67,"column":29},"end":{"line":67,"column":79}},"22":{"start":{"line":67,"column":58},"end":{"line":67,"column":78}},"23":{"start":{"line":68,"column":20},"end":{"line":68,"column":80}},"24":{"start":{"line":69,"column":2},"end":{"line":82,"column":3}},"25":{"start":{"line":70,"column":4},"end":{"line":81,"column":7}},"26":{"start":{"line":85,"column":2},"end":{"line":116,"column":3}},"27":{"start":{"line":86,"column":25},"end":{"line":86,"column":72}},"28":{"start":{"line":87,"column":25},"end":{"line":87,"column":56}},"29":{"start":{"line":89,"column":30},"end":{"line":89,"column":68}},"30":{"start":{"line":90,"column":27},"end":{"line":90,"column":62}},"31":{"start":{"line":92,"column":26},"end":{"line":92,"column":90}},"32":{"start":{"line":94,"column":4},"end":{"line":115,"column":5}},"33":{"start":{"line":95,"column":22},"end":{"line":95,"column":53}},"34":{"start":{"line":96,"column":23},"end":{"line":96,"column":51}},"35":{"start":{"line":97,"column":20},"end":{"line":97,"column":54}},"36":{"start":{"line":99,"column":6},"end":{"line":114,"column":7}},"37":{"start":{"line":100,"column":26},"end":{"line":100,"column":66}},"38":{"start":{"line":101,"column":21},"end":{"line":101,"column":49}},"39":{"start":{"line":102,"column":8},"end":{"line":113,"column":11}},"40":{"start":{"line":118,"column":2},"end":{"line":118,"column":18}},"41":{"start":{"line":122,"column":14},"end":{"line":122,"column":39}},"42":{"start":{"line":123,"column":2},"end":{"line":126,"column":3}},"43":{"start":{"line":124,"column":4},"end":{"line":124,"column":40}},"44":{"start":{"line":124,"column":31},"end":{"line":124,"column":40}},"45":{"start":{"line":125,"column":4},"end":{"line":125,"column":78}},"46":{"start":{"line":127,"column":2},"end":{"line":127,"column":13}}},"fnMap":{"0":{"name":"groupByMonth","decl":{"start":{"line":13,"column":9},"end":{"line":13,"column":21}},"loc":{"start":{"line":13,"column":70},"end":{"line":22,"column":1}},"line":13},"1":{"name":"generateInsights","decl":{"start":{"line":30,"column":22},"end":{"line":30,"column":38}},"loc":{"start":{"line":34,"column":22},"end":{"line":119,"column":1}},"line":34},"2":{"name":"(anonymous_2)","decl":{"start":{"line":46,"column":12},"end":{"line":46,"column":13}},"loc":{"start":{"line":46,"column":19},"end":{"line":46,"column":38}},"line":46},"3":{"name":"(anonymous_3)","decl":{"start":{"line":67,"column":51},"end":{"line":67,"column":52}},"loc":{"start":{"line":67,"column":58},"end":{"line":67,"column":78}},"line":67},"4":{"name":"sumExpensesByCategory","decl":{"start":{"line":121,"column":9},"end":{"line":121,"column":30}},"loc":{"start":{"line":121,"column":72},"end":{"line":128,"column":1}},"line":121}},"branchMap":{"0":{"loc":{"start":{"line":17,"colum
[...]
,"C:\\workspace\\projetoGit\\workspaceRN\\gofinances\\src\\features\\transactions\\domain\\editDeleteRules.ts": {"path":"C:\\workspace\\projetoGit\\workspaceRN\\gofinances\\src\\features\\transactions\\domain\\editDeleteRules.ts","statementMap":{"0":{"start":{"line":16,"column":27},"end":{"line":16,"column":29}},"1":{"start":{"line":18,"column":2},"end":{"line":20,"column":3}},"2":{"start":{"line":19,"column":4},"end":{"line":19,"column":38}},"3":{"start":{"line":22,"column":2},"end":{"line":24,"column":3}},"4":{"start":{"line":23,"column":4},"end":{"line":23,"column":49}},"5":{"start":{"line":26,"column":2},"end":{"line":26,"column":48}},"6":{"start":{"line":30,"column":2},"end":{"line":30,"column":51}},"7":{"start":{"line":30,"column":28},"end":{"line":30,"column":51}},"8":{"start":{"line":31,"column":2},"end":{"line":31,"column":26}},"9":{"start":{"line":39,"column":2},"end":{"line":41,"column":3}},"10":{"start":{"line":40,"column":4},"end":{"line":40,"column":35}},"11":{"start":{"line":43,"column":2},"end":{"line":43,"column":23}},"12":{"start":{"line":43,"column":14},"end":{"line":43,"column":23}},"13":{"start":{"line":45,"column":2},"end":{"line":45,"column":57}}},"fnMap":{"0":{"name":"validateTransactionEdit","decl":{"start":{"line":15,"column":16},"end":{"line":15,"column":39}},"loc":{"start":{"line":15,"column":78},"end":{"line":27,"column":1}},"line":15},"1":{"name":"effectiveAmount","decl":{"start":{"line":29,"column":9},"end":{"line":29,"column":24}},"loc":{"start":{"line":29,"column":50},"end":{"line":32,"column":1}},"line":29},"2":{"name":"computeBalanceImpact","decl":{"start":{"line":34,"column":16},"end":{"line":34,"column":36}},"loc":{"start":{"line":38,"column":10},"end":{"line":46,"column":1}},"line":38}},"branchMap":{"0":{"loc":{"start":{"line":18,"column":2},"end":{"line":20,"column":3}},"type":"if","locations":[{"start":{"line":18,"column":2},"end":{"line":20,"column":3}},{"start":{},"end":{}}],"line":18},"1":{"loc":{"start":{"line":18,"column":6},"end":{"line":18,"column":54}},"type":"binary-expr","locations":[{"start":{"line":18,"column":6},"end":{"line":18,"column":31}},{"start":{"line":18,"column":35},"end":{"line":18,"column":54}}],"line":18},"2":{"loc":{"start":{"line":22,"column":2},"end":{"line":24,"column":3}},"type":"if","locations":[{"start":{"line":22,"column":2},"end":{"line":24,"column":3}},{"start":{},"end":{}}],"line":22},"3":{"loc":{"start":{"line":22,"column":6},"end":{"line":22,"column":67}},"type":"binary-expr","locations":[{"start":{"line":22,"column":6},"end":{"line":22,"column":39}},{"start":{"line":22,"column":43},"end":{"line":22,"column":67}}],"line":22},"4":{"loc":{"start":{"line":30,"column":2},"end":{"line":30,"column":51}},"type":"if","locations":[{"start":{"line":30,"column":2},"end":{"line":30,"column":51}},{"start":{},"end":{}}],"line":30},"5":{"loc":{"start":{"line":39,"column":2},"end":{"line":41,"column":3}},"type":"if","locations":[{"start":{"line":39,"column":2},"end":{"line":41,"column":3}},{"start":{},"end":{}}],"line":39},"6":{"loc":{"start":{"line":43,"column":2},"end":{"line":43,"column":23}},"type":"if","locations":[{"start":{"line":43,"column":2},"end":{"line":43,"column":23}},{"start":{},"end":{}}],"line":43}},"s":{"0":5,"1":5,"2":1,"3":5,"4":2,"5":5,"6":8,"7":6,"8":2,"9":5,"10":2,"11":3,"12":0,"13":3},"f":{"0":5,"1":8,"2":5},"b":{"0":[1,4],"1":[5,3],"2":[2,3],"3":[5,3],"4":[6,2],"5":[2,3],"6":[0,3]},"_coverageSchema":"1a1c01bbd47fc00a2c39e90264f33305004495a9","hash":"1944d21f2048aaec397c02b011dc28893424be45"}
,"C:\\workspace\\projetoGit\\workspaceRN\\gofinances\\src\\features\\transactions\\domain\\installments.ts": {"path":"C:\\workspace\\projetoGit\\workspaceRN\\gofinances\\src\\features\\transactions\\domain\\installments.ts","statementMap":{"0":{"start":{"line":26,"column":6},"end":{"line":26,"column":11}},"1":{"start":{"line":28,"column":2},"end":{"line":30,"column":3}},"2":{"start":{"line":29,"column":4},"end":{"line":29,"column":65}},"3":{"start":{"line":32,"column":2},"end":{"line":34,"column":3}},"4":{"start":{"line":33,"column":4},"end":{"line":33,"column":59}},"5":{"start":{"line":36,"column":21},"end":{"line":36,"column":71}},"6":{"start":{"line":37,"column":20},"end":{"line":37,"column":71}},"7":{"start":{"line":38,"column":18},"end":{"line":38,"column":35}},"8":{"start":{"line":39,"column":14},"end":{"line":39,"column":38}},"9":{"start":{"line":40,"column":23},"end":{"line":40,"column":43}},"10":{"start":{"line":42,"column":38},"end":{"line":42,"column":40}},"11":{"start":{"line":44,"column":2},"end":{"line":68,"column":3}},"12":{"start":{"line":44,"column":15},"end":{"line":44,"column":16}},"13":{"start":{"line":45,"column":28},"end":{"line":45,"column":54}},"14":{"start":{"line":46,"column":18},"end":{"line":46,"column":39}},"15":{"start":{"line":48,"column":4},"end":{"line":67,"column":7}},"16":{"start":{"line":70,"column":2},"end":{"line":70,"column":22}}},"fnMap":{"0":{"name":"generateInstallments","decl":{"start":{"line":16,"column":16},"end":{"line":16,"column":36}},"loc":{"start":{"line":16,"column":77},"end":{"line":71,"column":1}},"line":16}},"branchMap":{"0":{"loc":{"start":{"line":28,"column":2},"end":{"line":30,"column":3}},"type":"if","locations":[{"start":{"line":28,"column":2},"end":{"line":30,"column":3}},{"start":{},"end":{}}],"line":28},"1":{"loc":{"start":{"line":32,"column":2},"end":{"line":34,"column":3}},"type":"if","locations":[{"start":{"line":32,"column":2},"end":{"line":34,"column":3}},{"start":{},"end":{}}],"line":32},"2":{"loc":{"start":{"line":46,"column":18},"end":{"line":46,"column":39}},"type":"cond-expr","locations":[{"start":{"line":46,"column":34},"end":{"line":46,"column":35}},{"start":{"line":46,"column":38},"end":{"line":46,"column":39}}],"line":46}},"s":{"0":11,"1":11,"2":1,"3":10,"4":1,"5":9,"6":9,"7":9,"8":9,"9":9,"10":9,"11":9,"12":9,"13":28,"14":28,"15":28,"16":9},"f":{"0":11},"b":{"0":[1,10],"1":[1,9],"2":[1,27]},"_coverageSchema":"1a1c01bbd47fc00a2c39e90264f33305004495a9","hash":"50bec7577e271079fd891e1059291a0769edfc48"}
,"C:\\workspace\\projetoGit\\workspaceRN\\gofinances\\src\\features\\transactions\\domain\\recurring.ts": {"path":"C:\\workspace\\projetoGit\\workspaceRN\\gofinances\\src\\features\\transactions\\domain\\recurring.ts","statementMap":{"0":{"start":{"line":19,"column":2},"end":{"line":28,"column":3}},"1":{"start":{"line":21,"column":6},"end":{"line":21,"column":30}},"2":{"start":{"line":23,"column":6},"end":{"line":23,"column":31}},"3":{"start":{"line":25,"column":6},"end":{"line":25,"column":32}},"4":{"start":{"line":27,"column":6},"end":{"line":27,"column":31}},"5":{"start":{"line":42,"column":6},"end":{"line":42,"column":11}},"6":{"start":{"line":44,"column":17},"end":{"line":44,"column":34}},"7":{"start":{"line":45,"column":14},"end":{"line":45,"column":38}},"8":{"start":{"line":46,"column":21},"end":{"line":46,"column":39}},"9":{"start":{"line":47,"column":38},"end":{"line":47,"column":40}},"10":{"start":{"line":49,"column":16},"end":{"line":49,"column":36}},"11":{"start":{"line":51,"column":2},"end":{"line":71,"column":3}},"12":{"start":{"line":52,"column":4},"end":{"line":68,"column":7}},"13":{"start":{"line":70,"column":4},"end":{"line":70,"column":46}},"14":{"start":{"line":73,"column":2},"end":{"line":73,"column":22}}},"fnMap":{"0":{"name":"advanceDate","decl":{"start":{"line":18,"column":9},"end":{"line":18,"column":20}},"loc":{"start":{"line":18,"column":70},"end":{"line":29,"column":1}},"line":18},"1":{"name":"generateRecurringTransactions","decl":{"start":{"line":31,"column":16},"end":{"line":31,"column":45}},"loc":{"start":{"line":31,"column":84},"end":{"line":74,"column":1}},"line":31}},"branchMap":{"0":{"loc":{"start":{"line":19,"column":2},"end":{"line":28,"column":3}},"type":"switch","locations":[{"start":{"line":20,"column":4},"end":{"line":21,"column":30}},{"start":{"line":22,"column":4},"end":{"line":23,"column":31}},{"start":{"line":24,"column":4},"end":{"line":25,"column":32}},{"start":{"line":26,"column":4},"end":{"line":27,"column":31}}],"line":19},"1":{"loc":{"start":{"line":51,"column":9},"end":{"line":51,"column":70}},"type":"binary-expr","locations":[{"start":{"line":51,"column":9},"end":{"line":51,"column":38}},{"start":{"line":51,"column":42},"end":{"line":51,"column":70}}],"line":51}},"s":{"0":32,"1":0,"2":4,"3":25,"4":3,"5":10,"6":10,"7":10,"8":10,"9":10,"10":10,"11":10,"12":32,"13":32,"14":10},"f":{"0":32,"1":10},"b":{"0":[0,4,25,3],"1":[42,19]},"_coverageSchema":"1a1c01bbd47fc00a2c39e90264f33305004495a9","hash":"0fb298db680f971adf138b9b367829f883f52738"}
,"C:\\workspace\\projetoGit\\workspaceRN\\gofinances\\src\\shared\\domain\\errors\\AppError.ts": {"path":"C:\\workspace\\projetoGit\\workspaceRN\\gofinances\\src\\shared\\domain\\errors\\AppError.ts","statementMap":{"0":{"start":{"line":15,"column":4},"end":{"line":15,"column":19}},"1":{"start":{"line":16,"column":4},"end":{"line":16,"column":27}},"2":{"start":{"line":17,"column":4},"end":{"line":17,"column":21}},"3":{"start":{"line":18,"column":4},"end":{"line":18,"column":39}}},"fnMap":{"0":{"name":"(anonymous_0)","decl":{"start":{"line":14,"column":2},"end":{"line":14,"column":3}},"loc":{"start":{"line":14,"column":76},"end":{"line":19,"column":3}},"line":14}},"branchMap":{},"s":{"0":35,"1":35,"2":35,"3":35},"f":{"0":35},"b":{},"_coverageSchema":"1a1c01bbd47fc00a2c39e90264f33305004495a9","hash":"c388d3616408ed61deb1fbd728e42a21d6097c92"}
,"C:\\workspace\\projetoGit\\workspaceRN\\gofinances\\src\\shared\\domain\\value-objects\\Money.ts": {"path":"C:\\workspace\\projetoGit\\workspaceRN\\gofinances\\src\\shared\\domain\\value-objects\\Money.ts","statementMap":{"0":{"start":{"line":5,"column":4},"end":{"line":7,"column":5}},"1":{"start":{"line":6,"column":6},"end":{"line":6,"column":74}},"2":{"start":{"line":8,"column":4},"end":{"line":8,"column":28}},"3":{"start":{"line":12,"column":4},"end":{"line":12,"column":48}},"4":{"start":{"line":16,"column":19},"end":{"line":16,"column":36}},"5":{"start":{"line":17,"column":4},"end":{"line":19,"column":5}},"6":{"start":{"line":18,"column":6},"end":{"line":18,"column":68}},"7":{"start":{"line":20,"column":4},"end":{"line":20,"column":37}},"8":{"start":{"line":24,"column":4},"end":{"line":24,"column":24}},"9":{"start":{"line":28,"column":4},"end":{"line":28,"column":22}},"10":{"start":{"line":32,"column":4},"end":{"line":32,"column":28}},"11":{"start":{"line":36,"column":4},"end":{"line":39,"column":7}},"12":{"start":{"line":43,"column":4},"end":{"line":43,"column":47}},"13":{"start":{"line":47,"column":4},"end":{"line":47,"column":47}},"14":{"start":{"line":51,"column":4},"end":{"line":51,"column":54}},"15":{"start":{"line":55,"column":4},"end":{"line":55,"column":28}},"16":{"start":{"line":59,"column":4},"end":{"line":59,"column":26}},"17":{"start":{"line":63,"column":4},"end":{"line":63,"column":26}},"18":{"start":{"line":67,"column":4},"end":{"line":67,"column":38}},"19":{"start":{"line":71,"column":4},"end":{"line":71,"column":36}},"20":{"start":{"line":75,"column":4},"end":{"line":75,"column":36}},"21":{"start":{"line":79,"column":4},"end":{"line":79,"column":43}},"22":{"start":{"line":83,"column":4},"end":{"line":83,"column":34}}},"fnMap":{"0":{"name":"(anonymous_0)","decl":{"start":{"line":2,"column":2},"end":{"line":2,"column":3}},"loc":{"start":{"line":2,"column":54},"end":{"line":2,"column":56}},"line":2},"1":{"name":"(anonymous_1)","decl":{"start":{"line":4,"column":2},"end":{"line":4,"column":3}},"loc":{"start":{"line":4,"column":41},"end":{"line":9,"column":3}},"line":4},"2":{"name":"(anonymous_2)","decl":{"start":{"line":11,"column":2},"end":{"line":11,"column":3}},"loc":{"start":{"line":11,"column":45},"end":{"line":13,"column":3}},"line":11},"3":{"name":"(anonymous_3)","decl":{"start":{"line":15,"column":2},"end":{"line":15,"column":3}},"loc":{"start":{"line":15,"column":42},"end":{"line":21,"column":3}},"line":15},"4":{"name":"(anonymous_4)","decl":{"start":{"line":23,"column":2},"end":{"line":23,"column":3}},"loc":{"start":{"line":23,"column":23},"end":{"line":25,"column":3}},"line":23},"5":{"name":"(anonymous_5)","decl":{"start":{"line":27,"column":2},"end":{"line":27,"column":3}},"loc":{"start":{"line":27,"column":20},"end":{"line":29,"column":3}},"line":27},"6":{"name":"(anonymous_6)","decl":{"start":{"line":31,"column":2},"end":{"line":31,"column":3}},"loc":{"start":{"line":31,"column":22},"end":{"line":33,"column":3}},"line":31},"7":{"name":"(anonymous_7)","decl":{"start":{"line":35,"column":2},"end":{"line":35,"column":3}},"loc":{"start":{"line":35,"column":74},"end":{"line":40,"column":3}},"line":35},"8":{"name":"(anonymous_8)","decl":{"start":{"line":42,"column":2},"end":{"line":42,"column":3}},"loc":{"start":{"line":42,"column":27},"end":{"line":44,"column":3}},"line":42},"9":{"name":"(anonymous_9)","decl":{"start":{"line":46,"column":2},"end":{"line":46,"column":3}},"loc":{"start":{"line":46,"column":32},"end":{"line":48,"column":3}},"line":46},"10":{"name":"(anonymous_10)","decl":{"start":{"line":50,"column":2},"end":{"line":50,"column":3}},"loc":{"start":{"line":50,"column":34},"end":{"line":52,"column":3}},"line":50},"11":{"name":"(anonymous_11)","decl":{"start":{"line":54,"column":2},"end":{"line":54,"column":3}},"loc":{"start":{"line":54,"column":20},"end":{"line":56,"column":3}},"line":54},"12":{"name":"(anonymous_12)","decl":{"start":{"line":58,"column":2},"end":{"line":58,"column":3}},"loc":{"start":{"line":58,"column":24},"end":{"line":60,"column":3}},"line":58},"13":{"name":"(anonymous_13)","decl":{"start":{"line":62,"column":2},"end":{"line":62,"column":3}},"loc":{"start":{"line":62,"column":24},"end":{"line":64,"column":3}},"line":62},"14":{"name":"(anonymous_14)","decl":{"start":{"line":66,"column":2},"end":{"line":66,"column":3}},"loc":{"start":{"line":66,"column":32},"end":{"line":68,"column":3}},"line":66},"15":{"name":"(anonymous_15)","decl":{"start":{"line":70,"column":2},"end":{"line":70,"column":3}},"loc":{"start":{"line":70,"column":37},"end":{"line":72,"column":3}},"line":70},"16":{"name":"(anonymous_16)","decl":{"start":{"line":74,"column":2},"end":{"line":74,"column":3}},"loc":{"start":{"line":74,"column":34},"end":{"line":76,"column":3}},"line":74},"17":{"name":"(anonymous_17)","decl":{"start":{"line":78,"column":2},"end":{"line":78,"column":3}},"loc":{"start":{"line":78,"column":15},"end":{"line":80,"column":3}},"line":78},"18":{"name":"(anonymous_18)","decl":{"start":{"line":82,"column":2},"end":{"line":82,"column":3}},"loc":{"start":{"line":82,"column":18},"end":{"line":84,"column":3}},"line":82}},"branchMap":{"0":{"loc":{"start":{"line":5,"column":4},"end":{"line":7,"column":5}},"type":"if","locations":[{"start":{"line":5,"column":4},"end":{"line":7,"column":5}},{"start":{},"end":{}}],"line":5},"1":{"loc":{"start":{"line":17,"column":4},"end":{"line":19,"column":5}},"type":"if","locations":[{"start":{"line":17,"column":4},"end":{"line":19,"column":5}},{"start":{},"end":{}}],"line":17},"2":{"loc":{"start":{"line":35,"column":14},"end":{"line":35,"column":38}},"type":"default-arg","locations":[{"start":{"line":35,"column":31},"end":{"line":35,"column":38}}],"line":35},"3":{"loc":{"start":{"line":35,"column":40},"end":{"line":35,"column":64}},"type":"default-arg","locations":[{"start":{"line":35,"column":59},"end":{"line":35,"column":64}}],"line":35}},"s":{"0":65,"1":1,"2":64,"3":9,"4":2,"5":2,"6":1,"7":1,"8":1,"9":15,"10":1,"11":43,"12":2,"13":1,"14":2,"15":2,"16":2,"17":2,"18":1,"19":1,"20":1,"21":1,"22":1},"f":{"0":81,"1":65,"2":9,"3":2,"4":1,"5":15,"6":1,"7":43,"8":2,"9":1,"10":2,"11":2,"12":2,"13":2,"14":1,"15":1,"16":1,"17":1,"18":1},"b":{"0":[1,64],"1":[1,1],"2":[42],"3":[42]},"_coverageSchema":"1a1c01bbd47fc00a2c39e90264f33305004495a9","hash":"c39cc82e4e4c8dc034b714e2d76eba1efb99d767"}
,"C:\\workspace\\projetoGit\\workspaceRN\\gofinances\\src\\shared\\infra\\database\\database.ts": {"path":"C:\\workspace\\projetoGit\\workspaceRN\\gofinances\\src\\shared\\infra\\database\\database.ts","statementMap":{"0":{"start":{"line":4,"column":39},"end":{"line":4,"column":43}},"1":{"start":{"line":7,"column":2},"end":{"line":7,"column":20}},"2":{"start":{"line":7,"column":10},"end":{"line":7,"column":20}},"3":{"start":{"line":9,"column":2},"end":{"line":9,"column":55}},"4":{"start":{"line":11,"column":2},"end":{"line":11,"column":51}},"5":{"start":{"line":12,"column":2},"end":{"line":12,"column":50}},"6":{"start":{"line":14,"column":2},"end":{"line":16,"column":3}},"7":{"start":{"line":15,"column":4},"end":{"line":15,"column":30}},"8":{"start":{"line":18,"column":2},"end":{"line":18,"column":12}},"9":{"start":{"line":22,"column":2},"end":{"line":25,"column":3}},"10":{"start":{"line":23,"column":4},"end":{"line":23,"column":26}},"11":{"start":{"line":24,"column":4},"end":{"line":24,"column":14}}},"fnMap":{"0":{"name":"getDatabase","decl":{"start":{"line":6,"column":22},"end":{"line":6,"column":33}},"loc":{"start":{"line":6,"column":68},"end":{"line":19,"column":1}},"line":6},"1":{"name":"closeDatabase","decl":{"start":{"line":21,"column":22},"end":{"line":21,"column":35}},"loc":{"start":{"line":21,"column":53},"end":{"line":26,"column":1}},"line":21}},"branchMap":{"0":{"loc":{"start":{"line":7,"column":2},"end":{"line":7,"column":20}},"type":"if","locations":[{"start":{"line":7,"column":2},"end":{"line":7,"column":20}},{"start":{},"end":{}}],"line":7},"1":{"loc":{"start":{"line":22,"column":2},"end":{"line":25,"column":3}},"type":"if","locations":[{"start":{"line":22,"column":2},"end":{"line":25,"column":3}},{"start":{},"end":{}}],"line":22}},"s":{"0":11,"1":76,"2":47,"3":29,"4":29,"5":29,"6":29,"7":232,"8":29,"9":44,"10":21,"11":21},"f":{"0":76,"1":44},"b":{"0":[47,29],"1":[21,23]},"_coverageSchema":"1a1c01bbd47fc00a2c39e90264f33305004495a9","hash":"cebe307c482adc2892d140792e332497d317b16f"}
,"C:\\workspace\\projetoGit\\workspaceRN\\gofinances\\src\\shared\\infra\\database\\schema.ts": {"path":"C:\\workspace\\projetoGit\\workspaceRN\\gofinances\\src\\shared\\infra\\database\\schema.ts","statementMap":{"0":{"start":{"line":1,"column":37},"end":{"line":16,"column":1}},"1":{"start":{"line":18,"column":41},"end":{"line":35,"column":1}},"2":{"start":{"line":37,"column":41},"end":{"line":60,"column":1}},"3":{"start":{"line":62,"column":37},"end":{"line":80,"column":1}},"4":{"start":{"line":82,"column":36},"end":{"line":98,"column":1}},"5":{"start":{"line":100,"column":38},"end":{"line":116,"column":1}},"6":{"start":{"line":118,"column":34},"end":{"line":134,"column":1}},"7":{"start":{"line":136,"column":39},"end":{"line":147,"column":1}},"8":{"start":{"line":149,"column":26},"end":{"line":158,"column":1}}},"fnMap":{},"branchMap":{},"s":{"0":11,"1":11,"2":11,"3":11,"4":11,"5":11,"6":11,"7":11,"8":11},"f":{},"b":{},"_coverageSchema":"1a1c01bbd47fc00a2c39e90264f33305004495a9","hash":"76a925ddfdffaf5cf51fd67aafe7d351da68894a"}
,"C:\\workspace\\projetoGit\\workspaceRN\\gofinances\\src\\shared\\utils\\categories.ts": {"path":"C:\\workspace\\projetoGit\\workspaceRN\\gofinances\\src\\shared\\utils\\categories.ts","statementMap":{"0":{"start":{"line":1,"column":26},"end":{"line":8,"column":1}}},"fnMap":{},"branchMap":{},"s":{"0":5},"f":{},"b":{},"_coverageSchema":"1a1c01bbd47fc00a2c39e90264f33305004495a9","hash":"0628afa9d33534f8f6dc65329dc54170c9dd78ef"}
}
