{"C:\\workspace\\projetoGit\\workspaceRN\\gofinances\\src\\features\\accounts\\application\\createAccount.ts": {"path":"C:\\workspace\\projetoGit\\workspaceRN\\gofinances\\src\\features\\accounts\\application\\createAccount.ts","statementMap":{"0":{"start":{"line":14,"column":20},"end":{"line":14,"column":43}},"1":{"start":{"line":17,"column":2},"end":{"line":19,"column":3}},"2":{"start":{"line":18,"column":4},"end":{"line":18,"column":74}},"3":{"start":{"line":21,"column":14},"end":{"line":21,"column":38}},"4":{"start":{"line":23,"column":27},"end":{"line":36,"column":3}},"5":{"start":{"line":38,"column":2},"end":{"line":38,"column":37}}},"fnMap":{"0":{"name":"createAccount","decl":{"start":{"line":16,"column":22},"end":{"line":16,"column":35}},"loc":{"start":{"line":16,"column":81},"end":{"line":39,"column":1}},"line":16}},"branchMap":{"0":{"loc":{"start":{"line":17,"column":2},"end":{"line":19,"column":3}},"type":"if","locations":[{"start":{"line":17,"column":2},"end":{"line":19,"column":3}},{"start":{},"end":{}}],"line":17},"1":{"loc":{"start":{"line":29,"column":11},"end":{"line":29,"column":35}},"type":"binary-expr","locations":[{"start":{"line":29,"column":11},"end":{"line":29,"column":22}},{"start":{"line":29,"column":26},"end":{"line":29,"column":35}}],"line":29},"2":{"loc":{"start":{"line":30,"column":10},"end":{"line":30,"column":32}},"type":"binary-expr","locations":[{"start":{"line":30,"column":10},"end":{"line":30,"column":20}},{"start":{"line":30,"column":24},"end":{"line":30,"column":32}}],"line":30}},"s":{"0":2,"1":7,"2":2,"3":5,"4":5,"5":5},"f":{"0":7},"b":{"0":[2,5],"1":[5,4],"2":[5,4]},"_coverageSchema":"1a1c01bbd47fc00a2c39e90264f33305004495a9","hash":"a4d5e70f6316590d603fc6c3b1b331dd8f659fa7"}
,"C:\\workspace\\projetoGit\\workspaceRN\\gofinances\\src\\features\\accounts\\application\\createCreditCard.ts": {"path":"C:\\workspace\\projetoGit\\workspaceRN\\gofinances\\src\\features\\accounts\\application\\createCreditCard.ts","statementMap":{"0":{"start":{"line":16,"column":17},"end":{"line":16,"column":43}},"1":{"start":{"line":19,"column":2},"end":{"line":21,"column":3}},"2":{"start":{"line":20,"column":4},"end":{"line":20,"column":75}},"3":{"start":{"line":23,"column":2},"end":{"line":25,"column":3}},"4":{"start":{"line":24,"column":4},"end":{"line":24,"column":77}},"5":{"start":{"line":27,"column":2},"end":{"line":29,"column":3}},"6":{"start":{"line":28,"column":4},"end":{"line":28,"column":73}},"7":{"start":{"line":31,"column":2},"end":{"line":33,"column":3}},"8":{"start":{"line":32,"column":4},"end":{"line":32,"column":73}},"9":{"start":{"line":35,"column":14},"end":{"line":35,"column":38}},"10":{"start":{"line":37,"column":27},"end":{"line":51,"column":3}},"11":{"start":{"line":53,"column":2},"end":{"line":53,"column":31}}},"fnMap":{"0":{"name":"createCreditCard","decl":{"start":{"line":18,"column":22},"end":{"line":18,"column":38}},"loc":{"start":{"line":18,"column":90},"end":{"line":54,"column":1}},"line":18}},"branchMap":{"0":{"loc":{"start":{"line":19,"column":2},"end":{"line":21,"column":3}},"type":"if","locations":[{"start":{"line":19,"column":2},"end":{"line":21,"column":3}},{"start":{},"end":{}}],"line":19},"1":{"loc":{"start":{"line":23,"column":2},"end":{"line":25,"column":3}},"type":"if","locations":[{"start":{"line":23,"column":2},"end":{"line":25,"column":3}},{"start":{},"end":{}}],"line":23},"2":{"loc":{"start":{"line":27,"column":2},"end":{"line":29,"column":3}},"type":"if","locations":[{"start":{"line":27,"column":2},"end":{"line":29,"column":3}},{"start":{},"end":{}}],"line":27},"3":{"loc":{"start":{"line":27,"column":6},"end":{"line":27,"column":53}},"type":"binary-expr","locations":[{"start":{"line":27,"column":6},"end":{"line":27,"column":27}},{"start":{"line":27,"column":31},"end":{"line":27,"column":53}}],"line":27},"4":{"loc":{"start":{"line":31,"column":2},"end":{"line":33,"column":3}},"type":"if","locations":[{"start":{"line":31,"column":2},"end":{"line":33,"column":3}},{"start":{},"end":{}}],"line":31},"5":{"loc":{"start":{"line":31,"column":6},"end":{"line":31,"column":45}},"type":"binary-expr","locations":[{"start":{"line":31,"column":6},"end":{"line":31,"column":23}},{"start":{"line":31,"column":27},"end":{"line":31,"column":45}}],"line":31},"6":{"loc":{"start":{"line":44,"column":11},"end":{"line":44,"column":35}},"type":"binary-expr","locations":[{"start":{"line":44,"column":11},"end":{"line":44,"column":22}},{"start":{"line":44,"column":26},"end":{"line":44,"column":35}}],"line":44}},"s":{"0":1,"1":8,"2":1,"3":7,"4":1,"5":6,"6":2,"7":4,"8":2,"9":2,"10":2,"11":2},"f":{"0":8},"b":{"0":[1,7],"1":[1,6],"2":[2,4],"3":[6,5],"4":[2,2],"5":[4,3],"6":[2,1]},"_coverageSchema":"1a1c01bbd47fc00a2c39e90264f33305004495a9","hash":"6d30f12c8fef760023f13a6873776d87c8b9b6b1"}
,"C:\\workspace\\projetoGit\\workspaceRN\\gofinances\\src\\features\\accounts\\application\\listAccounts.ts": {"path":"C:\\workspace\\projetoGit\\workspaceRN\\gofinances\\src\\features\\accounts\\application\\listAccounts.ts","statementMap":{"0":{"start":{"line":4,"column":20},"end":{"line":4,"column":43}},"1":{"start":{"line":7,"column":2},"end":{"line":7,"column":40}}},"fnMap":{"0":{"name":"listAccounts","decl":{"start":{"line":6,"column":22},"end":{"line":6,"column":34}},"loc":{"start":{"line":6,"column":71},"end":{"line":8,"column":1}},"line":6}},"branchMap":{},"s":{"0":1,"1":2},"f":{"0":2},"b":{},"_coverageSchema":"1a1c01bbd47fc00a2c39e90264f33305004495a9","hash":"5506bef7643f85f76e4357f20dfe7e7613bd5b70"}
,"C:\\workspace\\projetoGit\\workspaceRN\\gofinances\\src\\features\\accounts\\domain\\calculateAccountBalance.ts": {"path":"C:\\workspace\\projetoGit\\workspaceRN\\gofinances\\src\\features\\accounts\\domain\\calculateAccountBalance.ts","statementMap":{"0":{"start":{"line":14,"column":21},"end":{"line":14,"column":22}},"1":{"start":{"line":15,"column":22},"end":{"line":15,"column":23}},"2":{"start":{"line":16,"column":26},"end":{"line":16,"column":27}},"3":{"start":{"line":18,"column":2},"end":{"line":30,"column":3}},"4":{"start":{"line":19,"column":4},"end":{"line":19,"column":43}},"5":{"start":{"line":19,"column":34},"end":{"line":19,"column":43}},"6":{"start":{"line":20,"column":4},"end":{"line":20,"column":58}},"7":{"start":{"line":20,"column":49},"end":{"line":20,"column":58}},"8":{"start":{"line":22,"column":4},"end":{"line":22,"column":24}},"9":{"start":{"line":24,"column":4},"end":{"line":29,"column":5}},"10":{"start":{"line":25,"column":6},"end":{"line":25,"column":37}},"11":{"start":{"line":28,"column":6},"end":{"line":28,"column":38}},"12":{"start":{"line":32,"column":2},"end":{"line":37,"column":4}}},"fnMap":{"0":{"name":"calculateAccountBalance","decl":{"start":{"line":10,"column":16},"end":{"line":10,"column":39}},"loc":{"start":{"line":13,"column":24},"end":{"line":38,"column":1}},"line":13}},"branchMap":{"0":{"loc":{"start":{"line":19,"column":4},"end":{"line":19,"column":43}},"type":"if","locations":[{"start":{"line":19,"column":4},"end":{"line":19,"column":43}},{"start":{},"end":{}}],"line":19},"1":{"loc":{"start":{"line":20,"column":4},"end":{"line":20,"column":58}},"type":"if","locations":[{"start":{"line":20,"column":4},"end":{"line":20,"column":58}},{"start":{},"end":{}}],"line":20},"2":{"loc":{"start":{"line":20,"column":8},"end":{"line":20,"column":47}},"type":"binary-expr","locations":[{"start":{"line":20,"column":8},"end":{"line":20,"column":17}},{"start":{"line":20,"column":21},"end":{"line":20,"column":47}}],"line":20},"3":{"loc":{"start":{"line":24,"column":4},"end":{"line":29,"column":5}},"type":"if","locations":[{"start":{"line":24,"column":4},"end":{"line":29,"column":5}},{"start":{"line":26,"column":11},"end":{"line":29,"column":5}}],"line":24}},"s":{"0":19,"1":19,"2":19,"3":19,"4":43,"5":2,"6":41,"7":1,"8":40,"9":40,"10":22,"11":18,"12":19},"f":{"0":19},"b":{"0":[2,41],"1":[1,40],"2":[41,3],"3":[22,18]},"_coverageSchema":"1a1c01bbd47fc00a2c39e90264f33305004495a9","hash":"75d94fbfa19c707c091f0372d72bb48cbed4eebd"}
,"C:\\workspace\\projetoGit\\workspaceRN\\gofinances\\src\\features\\accounts\\domain\\invoiceRules.ts": {"path":"C:\\workspace\\projetoGit\\workspaceRN\\gofinances\\src\\features\\accounts\\domain\\invoiceRules.ts","statementMap":{"0":{"start":{"line":5,"column":2},"end":{"line":7,"column":49}},"1":{"start":{"line":6,"column":19},"end":{"line":6,"column":43}},"2":{"start":{"line":7,"column":24},"end":{"line":7,"column":44}},"3":{"start":{"line":19,"column":69},"end":{"line":19,"column":74}},"4":{"start":{"line":21,"column":2},"end":{"line":23,"column":3}},"5":{"start":{"line":22,"column":4},"end":{"line":22,"column":18}},"6":{"start":{"line":25,"column":20},"end":{"line":25,"column":35}},"7":{"start":{"line":26,"column":18},"end":{"line":26,"column":36}},"8":{"start":{"line":27,"column":22},"end":{"line":27,"column":44}},"9":{"start":{"line":29,"column":2},"end":{"line":31,"column":3}},"10":{"start":{"line":30,"column":4},"end":{"line":30,"column":21}},"11":{"start":{"line":33,"column":2},"end":{"line":38,"column":3}},"12":{"start":{"line":34,"column":4},"end":{"line":36,"column":5}},"13":{"start":{"line":35,"column":6},"end":{"line":35,"column":30}},"14":{"start":{"line":37,"column":4},"end":{"line":37,"column":20}},"15":{"start":{"line":40,"column":2},"end":{"line":40,"column":16}},"16":{"start":{"line":56,"column":2},"end":{"line":56,"column":44}},"17":{"start":{"line":60,"column":2},"end":{"line":60,"column":39}},"18":{"start":{"line":64,"column":46},"end":{"line":64,"column":51}},"19":{"start":{"line":66,"column":24},"end":{"line":66,"column":48}},"20":{"start":{"line":67,"column":28},"end":{"line":67,"column":63}},"21":{"start":{"line":69,"column":23},"end":{"line":69,"column":78}},"22":{"start":{"line":71,"column":17},"end":{"line":71,"column":22}},"23":{"start":{"line":72,"column":16},"end":{"line":72,"column":20}},"24":{"start":{"line":74,"column":2},"end":{"line":80,"column":3}},"25":{"start":{"line":75,"column":4},"end":{"line":75,"column":25}},"26":{"start":{"line":76,"column":4},"end":{"line":79,"column":5}},"27":{"start":{"line":77,"column":6},"end":{"line":77,"column":19}},"28":{"start":{"line":78,"column":6},"end":{"line":78,"column":25}},"29":{"start":{"line":82,"column":19},"end":{"line":82,"column":69}},"30":{"start":{"line":84,"column":2},"end":{"line":84,"column":36}}},"fnMap":{"0":{"name":"calculateInvoiceTotal","decl":{"start":{"line":4,"column":16},"end":{"line":4,"column":37}},"loc":{"start":{"line":4,"column":75},"end":{"line":8,"column":1}},"line":4},"1":{"name":"(anonymous_1)","decl":{"start":{"line":6,"column":12},"end":{"line":6,"column":13}},"loc":{"start":{"line":6,"column":19},"end":{"line":6,"column":43}},"line":6},"2":{"name":"(anonymous_2)","decl":{"start":{"line":7,"column":12},"end":{"line":7,"column":13}},"loc":{"start":{"line":7,"column":24},"end":{"line":7,"column":44}},"line":7},"3":{"name":"getInvoiceStatus","decl":{"start":{"line":18,"column":16},"end":{"line":18,"column":32}},"loc":{"start":{"line":18,"column":75},"end":{"line":41,"column":1}},"line":18},"4":{"name":"daysInMonth","decl":{"start":{"line":55,"column":9},"end":{"line":55,"column":20}},"loc":{"start":{"line":55,"column":58},"end":{"line":57,"column":1}},"line":55},"5":{"name":"padTwo","decl":{"start":{"line":59,"column":9},"end":{"line":59,"column":15}},"loc":{"start":{"line":59,"column":35},"end":{"line":61,"column":1}},"line":59},"6":{"name":"generateInvoiceDates","decl":{"start":{"line":63,"column":16},"end":{"line":63,"column":36}},"loc":{"start":{"line":63,"column":83},"end":{"line":85,"column":1}},"line":63}},"branchMap":{"0":{"loc":{"start":{"line":21,"column":2},"end":{"line":23,"column":3}},"type":"if","locations":[{"start":{"line":21,"column":2},"end":{"line":23,"column":3}},{"start":{},"end":{}}],"line":21},"1":{"loc":{"start":{"line":21,"column":6},"end":{"line":21,"column":50}},"type":"binary-expr","locations":[{"start":{"line":21,"column":6},"end":{"line":21,"column":31}},{"start":{"line":21,"column":35},"end":{"line":21,"column":50}}],"line":21},"2":{"loc":{"start":{"line":29,"column":2},"end":{"line":31,"column":3}},"type":"if","locations":[{"start":{"line":29,"column":2},"end":{"line":31,"column":3}},{"start":{},"end":{}}],"line":29},"3":{"loc":{"start":{"line":29,"column":6},"end":{"line":29,"column":53}},"type":"binary-expr","locations":[{"start":{"line":29,"column":6},"end":{"line":29,"column":25}},{"start":{"line":29,"column":29},"end":{"line":29,"column":53}}],"line":29},"4":{"loc":{"start":{"line":33,"column":2},"end":{"line":38,"column":3}},"type":"if","locations":[{"start":{"line":33,"column":2},"end":{"line":38,"column":3}},{"start":{},"end":{}}],"line":33},"5":{"loc":{"start":{"line":34,"column":4},"end":{"line":36,"column":5}},"type":"if","locations":[{"start":{"line":34,"column":4},"end":{"line":36,"column":5}},{"start":{},"end":{}}],"line":34},"6":{"loc":{"start":{"line":34,"column":8},"end":{"line":34,"column":50}},"type":"binary-expr","locations":[{"start":{"line":34,"column":8},"end":{"line":34,"column":22}},{"start":{"line":34,"column":26},"end":{"line":34,"column":50}}],"line":34},"7":{"loc":{"start":{"line":74,"column":2},"end":{"line":80,"column":3}},"type":"if","locations":[{"start":{"line":74,"column":2},"end":{"line":80,"column":3}},{"start":{},"end":{}}],"line":74},"8":{"loc":{"start":{"line":76,"column":4},"end":{"line":79,"column":5}},"type":"if","locations":[{"start":{"line":76,"column":4},"end":{"line":79,"column":5}},{"start":{},"end":{}}],"line":76}},"s":{"0":3,"1":5,"2":4,"3":7,"4":7,"5":1,"6":6,"7":6,"8":6,"9":6,"10":2,"11":4,"12":2,"13":1,"14":1,"15":2,"16":4,"17":16,"18":4,"19":4,"20":4,"21":4,"22":4,"23":4,"24":4,"25":3,"26":3,"27":1,"28":1,"29":4,"30":4},"f":{"0":3,"1":5,"2":4,"3":7,"4":4,"5":16,"6":4},"b":{"0":[1,6],"1":[7,2],"2":[2,4],"3":[6,2],"4":[2,2],"5":[1,1],"6":[2,1],"7":[3,1],"8":[1,2]},"_coverageSchema":"1a1c01bbd47fc00a2c39e90264f33305004495a9","hash":"cda7e739609cea58dde492ebac6273c885bbf3f8"}
,"C:\\workspace\\projetoGit\\workspaceRN\\gofinances\\src\\features\\accounts\\infra\\AccountRepository.ts": {"path":"C:\\workspace\\projetoGit\\workspaceRN\\gofinances\\src\\features\\accounts\\infra\\AccountRepository.ts","statementMap":{"0":{"start":{"line":6,"column":15},"end":{"line":6,"column":34}},"1":{"start":{"line":7,"column":4},"end":{"line":24,"column":6}},"2":{"start":{"line":25,"column":4},"end":{"line":25,"column":19}},"3":{"start":{"line":29,"column":15},"end":{"line":29,"column":34}},"4":{"start":{"line":30,"column":4},"end":{"line":44,"column":6}},"5":{"start":{"line":45,"column":4},"end":{"line":45,"column":19}},"6":{"start":{"line":49,"column":15},"end":{"line":49,"column":34}},"7":{"start":{"line":50,"column":4},"end":{"line":50,"column":65}},"8":{"start":{"line":54,"column":15},"end":{"line":54,"column":34}},"9":{"start":{"line":55,"column":16},"end":{"line":55,"column":95}},"10":{"start":{"line":56,"column":4},"end":{"line":56,"column":45}},"11":{"start":{"line":60,"column":15},"end":{"line":60,"column":34}},"12":{"start":{"line":61,"column":17},"end":{"line":64,"column":5}},"13":{"start":{"line":65,"column":4},"end":{"line":65,"column":37}},"14":{"start":{"line":85,"column":2},"end":{"line":98,"column":4}}},"fnMap":{"0":{"name":"(anonymous_0)","decl":{"start":{"line":5,"column":2},"end":{"line":5,"column":3}},"loc":{"start":{"line":5,"column":51},"end":{"line":26,"column":3}},"line":5},"1":{"name":"(anonymous_1)","decl":{"start":{"line":28,"column":2},"end":{"line":28,"column":3}},"loc":{"start":{"line":28,"column":51},"end":{"line":46,"column":3}},"line":28},"2":{"name":"(anonymous_2)","decl":{"start":{"line":48,"column":2},"end":{"line":48,"column":3}},"loc":{"start":{"line":48,"column":42},"end":{"line":51,"column":3}},"line":48},"3":{"name":"(anonymous_3)","decl":{"start":{"line":53,"column":2},"end":{"line":53,"column":3}},"loc":{"start":{"line":53,"column":53},"end":{"line":57,"column":3}},"line":53},"4":{"name":"(anonymous_4)","decl":{"start":{"line":59,"column":2},"end":{"line":59,"column":3}},"loc":{"start":{"line":59,"column":55},"end":{"line":66,"column":3}},"line":59},"5":{"name":"mapRowToAccount","decl":{"start":{"line":84,"column":9},"end":{"line":84,"column":24}},"loc":{"start":{"line":84,"column":51},"end":{"line":99,"column":1}},"line":84}},"branchMap":{"0":{"loc":{"start":{"line":18,"column":8},"end":{"line":18,"column":33}},"type":"cond-expr","locations":[{"start":{"line":18,"column":28},"end":{"line":18,"column":29}},{"start":{"line":18,"column":32},"end":{"line":18,"column":33}}],"line":18},"1":{"loc":{"start":{"line":39,"column":8},"end":{"line":39,"column":33}},"type":"cond-expr","locations":[{"start":{"line":39,"column":28},"end":{"line":39,"column":29}},{"start":{"line":39,"column":32},"end":{"line":39,"column":33}}],"line":39},"2":{"loc":{"start":{"line":56,"column":11},"end":{"line":56,"column":44}},"type":"cond-expr","locations":[{"start":{"line":56,"column":17},"end":{"line":56,"column":37}},{"start":{"line":56,"column":40},"end":{"line":56,"column":44}}],"line":56}},"s":{"0":5,"1":5,"2":5,"3":0,"4":0,"5":0,"6":0,"7":0,"8":0,"9":0,"10":0,"11":2,"12":2,"13":2,"14":2},"f":{"0":5,"1":0,"2":0,"3":0,"4":2,"5":2},"b":{"0":[5,0],"1":[0,0],"2":[0,0]},"_coverageSchema":"1a1c01bbd47fc00a2c39e90264f33305004495a9","hash":"f30c527c7fd4e1a6037c78cc6d5de51ce8de4d09"}
,"C:\\workspace\\projetoGit\\workspaceRN\\gofinances\\src\\features\\accounts\\infra\\CreditCardRepository.ts": {"path":"C:\\workspace\\projetoGit\\workspaceRN\\gofinances\\src\\features\\accounts\\infra\\CreditCardRepository.ts","statementMap":{"0":{"start":{"line":6,"column":15},"end":{"line":6,"column":34}},"1":{"start":{"line":7,"column":4},"end":{"line":25,"column":6}},"2":{"start":{"line":26,"column":4},"end":{"line":26,"column":16}},"3":{"start":{"line":30,"column":15},"end":{"line":30,"column":34}},"4":{"start":{"line":31,"column":4},"end":{"line":45,"column":6}},"5":{"start":{"line":46,"column":4},"end":{"line":46,"column":16}},"6":{"start":{"line":50,"column":15},"end":{"line":50,"column":34}},"7":{"start":{"line":51,"column":4},"end":{"line":51,"column":69}},"8":{"start":{"line":55,"column":15},"end":{"line":55,"column":34}},"9":{"start":{"line":56,"column":16},"end":{"line":58,"column":6}},"10":{"start":{"line":59,"column":4},"end":{"line":59,"column":48}},"11":{"start":{"line":63,"column":15},"end":{"line":63,"column":34}},"12":{"start":{"line":64,"column":17},"end":{"line":67,"column":5}},"13":{"start":{"line":68,"column":4},"end":{"line":68,"column":40}},"14":{"start":{"line":89,"column":2},"end":{"line":103,"column":4}}},"fnMap":{"0":{"name":"(anonymous_0)","decl":{"start":{"line":5,"column":2},"end":{"line":5,"column":3}},"loc":{"start":{"line":5,"column":54},"end":{"line":27,"column":3}},"line":5},"1":{"name":"(anonymous_1)","decl":{"start":{"line":29,"column":2},"end":{"line":29,"column":3}},"loc":{"start":{"line":29,"column":54},"end":{"line":47,"column":3}},"line":29},"2":{"name":"(anonymous_2)","decl":{"start":{"line":49,"column":2},"end":{"line":49,"column":3}},"loc":{"start":{"line":49,"column":42},"end":{"line":52,"column":3}},"line":49},"3":{"name":"(anonymous_3)","decl":{"start":{"line":54,"column":2},"end":{"line":54,"column":3}},"loc":{"start":{"line":54,"column":56},"end":{"line":60,"column":3}},"line":54},"4":{"name":"(anonymous_4)","decl":{"start":{"line":62,"column":2},"end":{"line":62,"column":3}},"loc":{"start":{"line":62,"column":58},"end":{"line":69,"column":3}},"line":62},"5":{"name":"mapRowToCreditCard","decl":{"start":{"line":88,"column":9},"end":{"line":88,"column":27}},"loc":{"start":{"line":88,"column":60},"end":{"line":104,"column":1}},"line":88}},"branchMap":{"0":{"loc":{"start":{"line":18,"column":8},"end":{"line":18,"column":30}},"type":"cond-expr","locations":[{"start":{"line":18,"column":25},"end":{"line":18,"column":26}},{"start":{"line":18,"column":29},"end":{"line":18,"column":30}}],"line":18},"1":{"loc":{"start":{"line":40,"column":8},"end":{"line":40,"column":30}},"type":"cond-expr","locations":[{"start":{"line":40,"column":25},"end":{"line":40,"column":26}},{"start":{"line":40,"column":29},"end":{"line":40,"column":30}}],"line":40},"2":{"loc":{"start":{"line":59,"column":11},"end":{"line":59,"column":47}},"type":"cond-expr","locations":[{"start":{"line":59,"column":17},"end":{"line":59,"column":40}},{"start":{"line":59,"column":43},"end":{"line":59,"column":47}}],"line":59}},"s":{"0":2,"1":2,"2":2,"3":0,"4":0,"5":0,"6":0,"7":0,"8":0,"9":0,"10":0,"11":0,"12":0,"13":0,"14":0},"f":{"0":2,"1":0,"2":0,"3":0,"4":0,"5":0},"b":{"0":[2,0],"1":[0,0],"2":[0,0]},"_coverageSchema":"1a1c01bbd47fc00a2c39e90264f33305004495a9","hash":"e1a3587d69f7ea94cf49cdaf2a7328b6134cd60c"}
,"C:\\workspace\\projetoGit\\workspaceRN\\gofinances\\src\\features\\budget\\application\\createBudget.ts": {"path":"C:\\workspace\\projetoGit\\workspaceRN\\gofinances\\src\\features\\budget\\application\\createBudget.ts","statementMap":{"0":{"start":{"line":6,"column":19},"end":{"line":6,"column":41}},"1":{"start":{"line":18,"column":2},"end":{"line":20,"column":3}},"2":{"start":{"line":19,"column":4},"end":{"line":19,"column":70}},"3":{"start":{"line":21,"column":2},"end":{"line":23,"column":3}},"4":{"start":{"line":22,"column":4},"end":{"line":22,"column":77}},"5":{"start":{"line":25,"column":14},"end":{"line":25,"column":38}},"6":{"start":{"line":26,"column":25},"end":{"line":39,"column":3}},"7":{"start":{"line":41,"column":2},"end":{"line":41,"column":35}}},"fnMap":{"0":{"name":"createBudget","decl":{"start":{"line":17,"column":22},"end":{"line":17,"column":34}},"loc":{"start":{"line":17,"column":78},"end":{"line":42,"column":1}},"line":17}},"branchMap":{"0":{"loc":{"start":{"line":18,"column":2},"end":{"line":20,"column":3}},"type":"if","locations":[{"start":{"line":18,"column":2},"end":{"line":20,"column":3}},{"start":{},"end":{}}],"line":18},"1":{"loc":{"start":{"line":21,"column":2},"end":{"line":23,"column":3}},"type":"if","locations":[{"start":{"line":21,"column":2},"end":{"line":23,"column":3}},{"start":{},"end":{}}],"line":21}},"s":{"0":2,"1":6,"2":2,"3":4,"4":2,"5":2,"6":2,"7":2},"f":{"0":6},"b":{"0":[2,4],"1":[2,2]},"_coverageSchema":"1a1c01bbd47fc00a2c39e90264f33305004495a9","hash":"0c6c3f9360198ae699b52ee1c59bc39b10b3d612"}
,"C:\\workspace\\projetoGit\\workspaceRN\\gofinances\\src\\features\\budget\\application\\listBudgets.ts": {"path":"C:\\workspace\\projetoGit\\workspaceRN\\gofinances\\src\\features\\budget\\application\\listBudgets.ts","statementMap":{"0":{"start":{"line":5,"column":19},"end":{"line":5,"column":41}},"1":{"start":{"line":17,"column":18},"end":{"line":17,"column":66}},"2":{"start":{"line":18,"column":2},"end":{"line":22,"column":6}},"3":{"start":{"line":18,"column":29},"end":{"line":22,"column":3}}},"fnMap":{"0":{"name":"listBudgets","decl":{"start":{"line":12,"column":22},"end":{"line":12,"column":33}},"loc":{"start":{"line":16,"column":31},"end":{"line":23,"column":1}},"line":16},"1":{"name":"(anonymous_1)","decl":{"start":{"line":18,"column":21},"end":{"line":18,"column":22}},"loc":{"start":{"line":18,"column":29},"end":{"line":22,"column":3}},"line":18}},"branchMap":{},"s":{"0":1,"1":2,"2":2,"3":1},"f":{"0":2,"1":1},"b":{},"_coverageSchema":"1a1c01bbd47fc00a2c39e90264f33305004495a9","hash":"978246147289a9189b60c0dad532cc82262fa0b2"}
,"C:\\workspace\\projetoGit\\workspaceRN\\gofinances\\src\\features\\budget\\domain\\budgetRules.ts": {"path":"C:\\workspace\\projetoGit\\workspaceRN\\gofinances\\src\\features\\budget\\domain\\budgetRules.ts","statementMap":{"0":{"start":{"line":11,"column":2},"end":{"line":13,"column":3}},"1":{"start":{"line":12,"column":4},"end":{"line":12,"column":59}},"2":{"start":{"line":15,"column":2},"end":{"line":19,"column":4}},"3":{"start":{"line":28,"column":2},"end":{"line":28,"column":37}},"4":{"start":{"line":28,"column":25},"end":{"line":28,"column":37}},"5":{"start":{"line":30,"column":18},"end":{"line":30,"column":51}},"6":{"start":{"line":32,"column":2},"end":{"line":32,"column":40}},"7":{"start":{"line":32,"column":22},"end":{"line":32,"column":40}},"8":{"start":{"line":33,"column":2},"end":{"line":33,"column":38}},"9":{"start":{"line":33,"column":21},"end":{"line":33,"column":38}},"10":{"start":{"line":34,"column":2},"end":{"line":34,"column":14}},"11":{"start":{"line":44,"column":28},"end":{"line":44,"column":83}},"12":{"start":{"line":45,"column":19},"end":{"line":45,"column":64}},"13":{"start":{"line":46,"column":2},"end":{"line":46,"column":31}}},"fnMap":{"0":{"name":"calculateBudgetConsumption","decl":{"start":{"line":7,"column":16},"end":{"line":7,"column":42}},"loc":{"start":{"line":10,"column":21},"end":{"line":20,"column":1}},"line":10},"1":{"name":"checkBudgetAlert","decl":{"start":{"line":24,"column":16},"end":{"line":24,"column":32}},"loc":{"start":{"line":27,"column":27},"end":{"line":35,"column":1}},"line":27},"2":{"name":"applyRollover","decl":{"start":{"line":43,"column":16},"end":{"line":43,"column":29}},"loc":{"start":{"line":43,"column":60},"end":{"line":47,"column":1}},"line":43}},"branchMap":{"0":{"loc":{"start":{"line":11,"column":2},"end":{"line":13,"column":3}},"type":"if","locations":[{"start":{"line":11,"column":2},"end":{"line":13,"column":3}},{"start":{},"end":{}}],"line":11},"1":{"loc":{"start":{"line":28,"column":2},"end":{"line":28,"column":37}},"type":"if","locations":[{"start":{"line":28,"column":2},"end":{"line":28,"column":37}},{"start":{},"end":{}}],"line":28},"2":{"loc":{"start":{"line":32,"column":2},"end":{"line":32,"column":40}},"type":"if","locations":[{"start":{"line":32,"column":2},"end":{"line":32,"column":40}},{"start":{},"end":{}}],"line":32},"3":{"loc":{"start":{"line":33,"column":2},"end":{"line":33,"column":38}},"type":"if","locations":[{"start":{"line":33,"column":2},"end":{"line":33,"column":38}},{"start":{},"end":{}}],"line":33}},"s":{"0":6,"1":1,"2":5,"3":7,"4":1,"5":6,"6":6,"7":2,"8":4,"9":2,"10":2,"11":4,"12":4,"13":4},"f":{"0":6,"1":7,"2":4},"b":{"0":[1,5],"1":[1,6],"2":[2,4],"3":[2,2]},"_coverageSchema":"1a1c01bbd47fc00a2c39e90264f33305004495a9","hash":"dc5446fcad31879776a9876325850fe9fdfab1a2"}
,"C:\\workspace\\projetoGit\\workspaceRN\\gofinances\\src\\features\\budget\\infra\\BudgetRepository.ts": {"path":"C:\\workspace\\projetoGit\\workspaceRN\\gofinances\\src\\features\\budget\\infra\\BudgetRepository.ts","statementMap":{"0":{"start":{"line":6,"column":15},"end":{"line":6,"column":34}},"1":{"start":{"line":7,"column":4},"end":{"line":18,"column":6}},"2":{"start":{"line":19,"column":4},"end":{"line":19,"column":18}},"3":{"start":{"line":23,"column":15},"end":{"line":23,"column":34}},"4":{"start":{"line":24,"column":4},"end":{"line":27,"column":6}},"5":{"start":{"line":31,"column":15},"end":{"line":31,"column":34}},"6":{"start":{"line":32,"column":17},"end":{"line":35,"column":5}},"7":{"start":{"line":36,"column":4},"end":{"line":36,"column":28}},"8":{"start":{"line":45,"column":15},"end":{"line":45,"column":34}},"9":{"start":{"line":46,"column":16},"end":{"line":49,"column":5}},"10":{"start":{"line":50,"column":4},"end":{"line":50,"column":36}},"11":{"start":{"line":54,"column":15},"end":{"line":54,"column":34}},"12":{"start":{"line":55,"column":4},"end":{"line":55,"column":64}},"13":{"start":{"line":75,"column":2},"end":{"line":88,"column":4}}},"fnMap":{"0":{"name":"(anonymous_0)","decl":{"start":{"line":5,"column":2},"end":{"line":5,"column":3}},"loc":{"start":{"line":5,"column":48},"end":{"line":20,"column":3}},"line":5},"1":{"name":"(anonymous_1)","decl":{"start":{"line":22,"column":2},"end":{"line":22,"column":3}},"loc":{"start":{"line":22,"column":68},"end":{"line":28,"column":3}},"line":22},"2":{"name":"(anonymous_2)","decl":{"start":{"line":30,"column":2},"end":{"line":30,"column":3}},"loc":{"start":{"line":30,"column":83},"end":{"line":37,"column":3}},"line":30},"3":{"name":"(anonymous_3)","decl":{"start":{"line":39,"column":2},"end":{"line":39,"column":3}},"loc":{"start":{"line":44,"column":28},"end":{"line":51,"column":3}},"line":44},"4":{"name":"(anonymous_4)","decl":{"start":{"line":53,"column":2},"end":{"line":53,"column":3}},"loc":{"start":{"line":53,"column":42},"end":{"line":56,"column":3}},"line":53},"5":{"name":"mapRow","decl":{"start":{"line":74,"column":9},"end":{"line":74,"column":15}},"loc":{"start":{"line":74,"column":40},"end":{"line":89,"column":1}},"line":74}},"branchMap":{"0":{"loc":{"start":{"line":14,"column":35},"end":{"line":14,"column":58}},"type":"cond-expr","locations":[{"start":{"line":14,"column":53},"end":{"line":14,"column":54}},{"start":{"line":14,"column":57},"end":{"line":14,"column":58}}],"line":14},"1":{"loc":{"start":{"line":16,"column":28},"end":{"line":16,"column":51}},"type":"cond-expr","locations":[{"start":{"line":16,"column":46},"end":{"line":16,"column":47}},{"start":{"line":16,"column":50},"end":{"line":16,"column":51}}],"line":16},"2":{"loc":{"start":{"line":50,"column":11},"end":{"line":50,"column":35}},"type":"cond-expr","locations":[{"start":{"line":50,"column":17},"end":{"line":50,"column":28}},{"start":{"line":50,"column":31},"end":{"line":50,"column":35}}],"line":50}},"s":{"0":2,"1":2,"2":2,"3":0,"4":0,"5":2,"6":2,"7":2,"8":0,"9":0,"10":0,"11":0,"12":0,"13":1},"f":{"0":2,"1":0,"2":2,"3":0,"4":0,"5":1},"b":{"0":[0,2],"1":[0,2],"2":[0,0]},"_coverageSchema":"1a1c01bbd47fc00a2c39e90264f33305004495a9","hash":"a3ce6e6dc62fbf204a47f53efa2f56e1a8c343f2"}
,"C:\\workspace\\projetoGit\\workspaceRN\\gofinances\\src\\features\\calendar\\application\\createReminder.ts": {"path":"C:\\workspace\\projetoGit\\workspaceRN\\gofinances\\src\\features\\calendar\\application\\createReminder.ts","statementMap":{"0":{"start":{"line":5,"column":21},"end":{"line":5,"column":45}},"1":{"start":{"line":19,"column":2},"end":{"line":21,"column":3}},"2":{"start":{"line":20,"column":4},"end":{"line":20,"column":67}},"3":{"start":{"line":22,"column":2},"end":{"line":24,"column":3}},"4":{"start":{"line":23,"column":4},"end":{"line":23,"column":79}},"5":{"start":{"line":26,"column":14},"end":{"line":26,"column":38}},"6":{"start":{"line":27,"column":29},"end":{"line":38,"column":3}},"7":{"start":{"line":40,"column":2},"end":{"line":40,"column":39}}},"fnMap":{"0":{"name":"createReminder","decl":{"start":{"line":16,"column":22},"end":{"line":16,"column":36}},"loc":{"start":{"line":18,"column":21},"end":{"line":41,"column":1}},"line":18}},"branchMap":{"0":{"loc":{"start":{"line":19,"column":2},"end":{"line":21,"column":3}},"type":"if","locations":[{"start":{"line":19,"column":2},"end":{"line":21,"column":3}},{"start":{},"end":{}}],"line":19},"1":{"loc":{"start":{"line":22,"column":2},"end":{"line":24,"column":3}},"type":"if","locations":[{"start":{"line":22,"column":2},"end":{"line":24,"column":3}},{"start":{},"end":{}}],"line":22},"2":{"loc":{"start":{"line":34,"column":24},"end":{"line":34,"column":53}},"type":"binary-expr","locations":[{"start":{"line":34,"column":24},"end":{"line":34,"column":48}},{"start":{"line":34,"column":52},"end":{"line":34,"column":53}}],"line":34}},"s":{"0":1,"1":7,"2":2,"3":5,"4":1,"5":4,"6":4,"7":4},"f":{"0":7},"b":{"0":[2,5],"1":[1,4],"2":[4,3]},"_coverageSchema":"1a1c01bbd47fc00a2c39e90264f33305004495a9","hash":"482832962a747c3b6fc4b7a8462fb969db8a15a6"}
,"C:\\workspace\\projetoGit\\workspaceRN\\gofinances\\src\\features\\calendar\\application\\getUpcomingDues.ts": {"path":"C:\\workspace\\projetoGit\\workspaceRN\\gofinances\\src\\features\\calendar\\application\\getUpcomingDues.ts","statementMap":{"0":{"start":{"line":5,"column":21},"end":{"line":5,"column":45}},"1":{"start":{"line":8,"column":20},"end":{"line":8,"column":58}},"2":{"start":{"line":9,"column":16},"end":{"line":9,"column":48}},"3":{"start":{"line":10,"column":2},"end":{"line":10,"column":60}}},"fnMap":{"0":{"name":"getUpcomingDues","decl":{"start":{"line":7,"column":22},"end":{"line":7,"column":37}},"loc":{"start":{"line":7,"column":77},"end":{"line":11,"column":1}},"line":7}},"branchMap":{"0":{"loc":{"start":{"line":7,"column":54},"end":{"line":7,"column":75}},"type":"default-arg","locations":[{"start":{"line":7,"column":74},"end":{"line":7,"column":75}}],"line":7}},"s":{"0":1,"1":1,"2":1,"3":1},"f":{"0":1},"b":{"0":[0]},"_coverageSchema":"1a1c01bbd47fc00a2c39e90264f33305004495a9","hash":"45e0612f59067aa4c5feb0bf7014581dc3e086ba"}
,"C:\\workspace\\projetoGit\\workspaceRN\\gofinances\\src\\features\\calendar\\domain\\upcomingDues.ts": {"path":"C:\\workspace\\projetoGit\\workspaceRN\\gofinances\\src\\features\\calendar\\domain\\upcomingDues.ts","statementMap":{"0":{"start":{"line":16,"column":16},"end":{"line":16,"column":34}},"1":{"start":{"line":18,"column":2},"end":{"line":28,"column":6}},"2":{"start":{"line":20,"column":6},"end":{"line":20,"column":39}},"3":{"start":{"line":20,"column":26},"end":{"line":20,"column":39}},"4":{"start":{"line":21,"column":18},"end":{"line":21,"column":38}},"5":{"start":{"line":22,"column":19},"end":{"line":22,"column":47}},"6":{"start":{"line":23,"column":6},"end":{"line":23,"column":44}},"7":{"start":{"line":27,"column":8},"end":{"line":27,"column":71}},"8":{"start":{"line":36,"column":15},"end":{"line":36,"column":67}},"9":{"start":{"line":37,"column":2},"end":{"line":37,"column":41}}},"fnMap":{"0":{"name":"calculateUpcomingDues","decl":{"start":{"line":11,"column":16},"end":{"line":11,"column":37}},"loc":{"start":{"line":15,"column":17},"end":{"line":29,"column":1}},"line":15},"1":{"name":"(anonymous_1)","decl":{"start":{"line":19,"column":12},"end":{"line":19,"column":13}},"loc":{"start":{"line":19,"column":19},"end":{"line":24,"column":5}},"line":19},"2":{"name":"(anonymous_2)","decl":{"start":{"line":26,"column":6},"end":{"line":26,"column":7}},"loc":{"start":{"line":27,"column":8},"end":{"line":27,"column":71}},"line":27},"3":{"name":"shouldNotify","decl":{"start":{"line":31,"column":16},"end":{"line":31,"column":28}},"loc":{"start":{"line":35,"column":11},"end":{"line":38,"column":1}},"line":35}},"branchMap":{"0":{"loc":{"start":{"line":20,"column":6},"end":{"line":20,"column":39}},"type":"if","locations":[{"start":{"line":20,"column":6},"end":{"line":20,"column":39}},{"start":{},"end":{}}],"line":20},"1":{"loc":{"start":{"line":23,"column":13},"end":{"line":23,"column":43}},"type":"binary-expr","locations":[{"start":{"line":23,"column":13},"end":{"line":23,"column":22}},{"start":{"line":23,"column":26},"end":{"line":23,"column":43}}],"line":23},"2":{"loc":{"start":{"line":37,"column":9},"end":{"line":37,"column":40}},"type":"binary-expr","locations":[{"start":{"line":37,"column":9},"end":{"line":37,"column":18}},{"start":{"line":37,"column":22},"end":{"line":37,"column":40}}],"line":37}},"s":{"0":7,"1":7,"2":24,"3":6,"4":18,"5":18,"6":18,"7":5,"8":4,"9":4},"f":{"0":7,"1":24,"2":5,"3":4},"b":{"0":[6,18],"1":[18,13],"2":[4,3]},"_coverageSchema":"1a1c01bbd47fc00a2c39e90264f33305004495a9","hash":"b336b77435152cc01ec226438a9148e18a966bff"}
,"C:\\workspace\\projetoGit\\workspaceRN\\gofinances\\src\\features\\calendar\\infra\\ReminderRepository.ts": {"path":"C:\\workspace\\projetoGit\\workspaceRN\\gofinances\\src\\features\\calendar\\infra\\ReminderRepository.ts","statementMap":{"0":{"start":{"line":30,"column":2},"end":{"line":41,"column":4}},"1":{"start":{"line":46,"column":15},"end":{"line":46,"column":34}},"2":{"start":{"line":47,"column":4},"end":{"line":62,"column":6}},"3":{"start":{"line":63,"column":4},"end":{"line":63,"column":20}},"4":{"start":{"line":67,"column":15},"end":{"line":67,"column":34}},"5":{"start":{"line":68,"column":4},"end":{"line":81,"column":6}},"6":{"start":{"line":82,"column":4},"end":{"line":82,"column":20}},"7":{"start":{"line":86,"column":15},"end":{"line":86,"column":34}},"8":{"start":{"line":87,"column":4},"end":{"line":90,"column":6}},"9":{"start":{"line":94,"column":15},"end":{"line":94,"column":34}},"10":{"start":{"line":95,"column":17},"end":{"line":98,"column":5}},"11":{"start":{"line":99,"column":4},"end":{"line":99,"column":28}},"12":{"start":{"line":103,"column":15},"end":{"line":103,"column":34}},"13":{"start":{"line":104,"column":17},"end":{"line":107,"column":5}},"14":{"start":{"line":108,"column":4},"end":{"line":108,"column":28}},"15":{"start":{"line":112,"column":15},"end":{"line":112,"column":34}},"16":{"start":{"line":113,"column":4},"end":{"line":113,"column":66}}},"fnMap":{"0":{"name":"mapRow","decl":{"start":{"line":29,"column":9},"end":{"line":29,"column":15}},"loc":{"start":{"line":29,"column":44},"end":{"line":42,"column":1}},"line":29},"1":{"name":"(anonymous_1)","decl":{"start":{"line":45,"column":2},"end":{"line":45,"column":3}},"loc":{"start":{"line":45,"column":54},"end":{"line":64,"column":3}},"line":45},"2":{"name":"(anonymous_2)","decl":{"start":{"line":66,"column":2},"end":{"line":66,"column":3}},"loc":{"start":{"line":66,"column":54},"end":{"line":83,"column":3}},"line":66},"3":{"name":"(anonymous_3)","decl":{"start":{"line":85,"column":2},"end":{"line":85,"column":3}},"loc":{"start":{"line":85,"column":49},"end":{"line":91,"column":3}},"line":85},"4":{"name":"(anonymous_4)","decl":{"start":{"line":93,"column":2},"end":{"line":93,"column":3}},"loc":{"start":{"line":93,"column":56},"end":{"line":100,"column":3}},"line":93},"5":{"name":"(anonymous_5)","decl":{"start":{"line":102,"column":2},"end":{"line":102,"column":3}},"loc":{"start":{"line":102,"column":57},"end":{"line":109,"column":3}},"line":102},"6":{"name":"(anonymous_6)","decl":{"start":{"line":111,"column":2},"end":{"line":111,"column":3}},"loc":{"start":{"line":111,"column":42},"end":{"line":114,"column":3}},"line":111}},"branchMap":{"0":{"loc":{"start":{"line":36,"column":16},"end":{"line":36,"column":43}},"type":"binary-expr","locations":[{"start":{"line":36,"column":16},"end":{"line":36,"column":30}},{"start":{"line":36,"column":34},"end":{"line":36,"column":43}}],"line":36},"1":{"loc":{"start":{"line":55,"column":8},"end":{"line":55,"column":37}},"type":"cond-expr","locations":[{"start":{"line":55,"column":32},"end":{"line":55,"column":33}},{"start":{"line":55,"column":36},"end":{"line":55,"column":37}}],"line":55},"2":{"loc":{"start":{"line":56,"column":8},"end":{"line":56,"column":35}},"type":"binary-expr","locations":[{"start":{"line":56,"column":8},"end":{"line":56,"column":27}},{"start":{"line":56,"column":31},"end":{"line":56,"column":35}}],"line":56},"3":{"loc":{"start":{"line":75,"column":8},"end":{"line":75,"column":37}},"type":"cond-expr","locations":[{"start":{"line":75,"column":32},"end":{"line":75,"column":33}},{"start":{"line":75,"column":36},"end":{"line":75,"column":37}}],"line":75},"4":{"loc":{"start":{"line":76,"column":8},"end":{"line":76,"column":35}},"type":"binary-expr","locations":[{"start":{"line":76,"column":8},"end":{"line":76,"column":27}},{"start":{"line":76,"column":31},"end":{"line":76,"column":35}}],"line":76}},"s":{"0":0,"1":4,"2":4,"3":4,"4":0,"5":0,"6":0,"7":0,"8":0,"9":0,"10":0,"11":0,"12":1,"13":1,"14":1,"15":0,"16":0},"f":{"0":0,"1":4,"2":0,"3":0,"4":0,"5":1,"6":0},"b":{"0":[0,0],"1":[0,4],"2":[4,3],"3":[0,0],"4":[0,0]},"_coverageSchema":"1a1c01bbd47fc00a2c39e90264f33305004495a9","hash":"09cffde2f96bf9a3bc6895ba4d710a093b358176"}
,"C:\\workspace\\projetoGit\\workspaceRN\\gofinances\\src\\features\\import-export\\application\\exportTransactions.ts": {"path":"C:\\workspace\\projetoGit\\workspaceRN\\gofinances\\src\\features\\import-export\\application\\exportTransactions.ts","statementMap":{"0":{"start":{"line":5,"column":2},"end":{"line":5,"column":41}}},"fnMap":{"0":{"name":"exportToCSV","decl":{"start":{"line":4,"column":16},"end":{"line":4,"column":27}},"loc":{"start":{"line":4,"column":65},"end":{"line":6,"column":1}},"line":4}},"branchMap":{},"s":{"0":2},"f":{"0":2},"b":{},"_coverageSchema":"1a1c01bbd47fc00a2c39e90264f33305004495a9","hash":"a4bacf0156ae81fcaa88104808d2c38afbcd961a"}
,"C:\\workspace\\projetoGit\\workspaceRN\\gofinances\\src\\features\\import-export\\application\\importTransactions.ts": {"path":"C:\\workspace\\projetoGit\\workspaceRN\\gofinances\\src\\features\\import-export\\application\\importTransactions.ts","statementMap":{"0":{"start":{"line":18,"column":17},"end":{"line":18,"column":46}},"1":{"start":{"line":19,"column":21},"end":{"line":19,"column":51}},"2":{"start":{"line":20,"column":21},"end":{"line":20,"column":59}},"3":{"start":{"line":22,"column":14},"end":{"line":22,"column":38}},"4":{"start":{"line":23,"column":38},"end":{"line":38,"column":5}},"5":{"start":{"line":23,"column":63},"end":{"line":38,"column":3}},"6":{"start":{"line":40,"column":2},"end":{"line":47,"column":4}}},"fnMap":{"0":{"name":"processCSVImport","decl":{"start":{"line":11,"column":16},"end":{"line":11,"column":32}},"loc":{"start":{"line":17,"column":57},"end":{"line":48,"column":1}},"line":17},"1":{"name":"(anonymous_1)","decl":{"start":{"line":23,"column":53},"end":{"line":23,"column":54}},"loc":{"start":{"line":23,"column":63},"end":{"line":38,"column":3}},"line":23}},"branchMap":{},"s":{"0":5,"1":5,"2":5,"3":5,"4":5,"5":7,"6":5},"f":{"0":5,"1":7},"b":{},"_coverageSchema":"1a1c01bbd47fc00a2c39e90264f33305004495a9","hash":"098f5f7ef99b5420554aea7feec4528e9f90aa44"}
,"C:\\workspace\\projetoGit\\workspaceRN\\gofinances\\src\\features\\import-export\\domain\\csvExporter.ts": {"path":"C:\\workspace\\projetoGit\\workspaceRN\\gofinances\\src\\features\\import-export\\domain\\csvExporter.ts","statementMap":{"0":{"start":{"line":5,"column":17},"end":{"line":5,"column":60}},"1":{"start":{"line":6,"column":16},"end":{"line":10,"column":4}},"2":{"start":{"line":7,"column":19},"end":{"line":7,"column":65}},"3":{"start":{"line":8,"column":24},"end":{"line":8,"column":72}},"4":{"start":{"line":9,"column":4},"end":{"line":9,"column":95}},"5":{"start":{"line":11,"column":2},"end":{"line":11,"column":39}}},"fnMap":{"0":{"name":"transactionsToCSV","decl":{"start":{"line":4,"column":16},"end":{"line":4,"column":33}},"loc":{"start":{"line":4,"column":71},"end":{"line":12,"column":1}},"line":4},"1":{"name":"(anonymous_1)","decl":{"start":{"line":6,"column":33},"end":{"line":6,"column":34}},"loc":{"start":{"line":6,"column":41},"end":{"line":10,"column":3}},"line":6}},"branchMap":{"0":{"loc":{"start":{"line":8,"column":24},"end":{"line":8,"column":72}},"type":"cond-expr","locations":[{"start":{"line":8,"column":48},"end":{"line":8,"column":62}},{"start":{"line":8,"column":65},"end":{"line":8,"column":72}}],"line":8}},"s":{"0":7,"1":7,"2":8,"3":8,"4":8,"5":7},"f":{"0":7,"1":8},"b":{"0":[1,7]},"_coverageSchema":"1a1c01bbd47fc00a2c39e90264f33305004495a9","hash":"c7dc3fe4e60a0fd3bb13565b458c7d723158a94e"}
,"C:\\workspace\\projetoGit\\workspaceRN\\gofinances\\src\\features\\import-export\\domain\\csvParser.ts": {"path":"C:\\workspace\\projetoGit\\workspaceRN\\gofinances\\src\\features\\import-export\\domain\\csvParser.ts","statementMap":{"0":{"start":{"line":27,"column":14},"end":{"line":27,"column":24}},"1":{"start":{"line":28,"column":21},"end":{"line":28,"column":42}},"2":{"start":{"line":29,"column":2},"end":{"line":29,"column":52}},"3":{"start":{"line":29,"column":18},"end":{"line":29,"column":52}},"4":{"start":{"line":31,"column":2},"end":{"line":31,"column":39}},"5":{"start":{"line":35,"column":2},"end":{"line":42,"column":3}},"6":{"start":{"line":37,"column":18},"end":{"line":37,"column":60}},"7":{"start":{"line":38,"column":4},"end":{"line":38,"column":32}},"8":{"start":{"line":41,"column":4},"end":{"line":41,"column":32}},"9":{"start":{"line":44,"column":16},"end":{"line":44,"column":41}},"10":{"start":{"line":45,"column":2},"end":{"line":45,"column":37}},"11":{"start":{"line":49,"column":18},"end":{"line":49,"column":28}},"12":{"start":{"line":52,"column":2},"end":{"line":54,"column":3}},"13":{"start":{"line":53,"column":4},"end":{"line":53,"column":19}},"14":{"start":{"line":57,"column":16},"end":{"line":57,"column":66}},"15":{"start":{"line":58,"column":2},"end":{"line":66,"column":3}},"16":{"start":{"line":59,"column":16},"end":{"line":59,"column":24}},"17":{"start":{"line":60,"column":18},"end":{"line":60,"column":26}},"18":{"start":{"line":61,"column":15},"end":{"line":61,"column":23}},"19":{"start":{"line":62,"column":4},"end":{"line":64,"column":5}},"20":{"start":{"line":63,"column":6},"end":{"line":63,"column":25}},"21":{"start":{"line":65,"column":4},"end":{"line":65,"column":37}},"22":{"start":{"line":68,"column":2},"end":{"line":68,"column":17}},"23":{"start":{"line":72,"column":27},"end":{"line":72,"column":29}},"24":{"start":{"line":73,"column":16},"end":{"line":73,"column":18}},"25":{"start":{"line":74,"column":17},"end":{"line":74,"column":22}},"26":{"start":{"line":76,"column":2},"end":{"line":86,"column":3}},"27":{"start":{"line":76,"column":15},"end":{"line":76,"column":16}},"28":{"start":{"line":77,"column":17},"end":{"line":77,"column":24}},"29":{"start":{"line":78,"column":4},"end":{"line":85,"column":5}},"30":{"start":{"line":79,"column":6},"end":{"line":79,"column":27}},"31":{"start":{"line":80,"column":11},"end":{"line":85,"column":5}},"32":{"start":{"line":81,"column":6},"end":{"line":81,"column":34}},"33":{"start":{"line":82,"column":6},"end":{"line":82,"column":19}},"34":{"start":{"line":84,"column":6},"end":{"line":84,"column":22}},"35":{"start":{"line":87,"column":2},"end":{"line":87,"column":30}},"36":{"start":{"line":88,"column":2},"end":{"line":88,"column":16}},"37":{"start":{"line":92,"column":20},"end":{"line":92,"column":44}},"38":{"start":{"line":93,"column":16},"end":{"line":93,"column":66}},"39":{"start":{"line":93,"column":46},"end":{"line":93,"column":65}},"40":{"start":{"line":95,"column":2},"end":{"line":97,"column":3}},"41":{"start":{"line":96,"column":4},"end":{"line":96,"column":36}},"42":{"start":{"line":99,"column":18},"end":{"line":101,"column":3}},"43":{"start":{"line":100,"column":4},"end":{"line":100,"column":26}},"44":{"start":{"line":103,"column":18},"end":{"line":103,"column":61}},"45":{"start":{"line":104,"column":18},"end":{"line":104,"column":61}},"46":{"start":{"line":105,"column":20},"end":{"line":105,"column":65}},"47":{"start":{"line":106,"column":18},"end":{"line":108,"column":8}},"48":{"start":{"line":110,"column":2},"end":{"line":112,"column":3}},"49":{"start":{"line":111,"column":4},"end":{"line":111,"column":62}},"50":{"start":{"line":113,"column":2},"end":{"line":115,"column":3}},"51":{"start":{"line":114,"column":4},"end":{"line":114,"column":62}},"52":{"start":{"line":116,"column":2},"end":{"line":118,"column":3}},"53":{"start":{"line":117,"column":4},"end":{"line":117,"column":64}},"54":{"start":{"line":119,"column":2},"end":{"line":121,"column":3}},"55":{"start":{"line":120,"column":4},"end":{"line":120,"column":62}},"56":{"start":{"line":123,"column":28},"end":{"line":123,"column":30}},"57":{"start":{"line":124,"column":34},"end":{"line":124,"column":36}},"58":{"start":{"line":126,"column":2},"end":{"line":154,"column":3}},"59":{"start":{"line":126,"column":15},"end":{"line":126,"column":16}},"60":{"start":{"line":127,"column":19},"end":{"line":127,"column":52}},"61":{"start":{"line":129,"column":20},"end":{"line":129,"column":41}},"62":{"start":{"line":130,"column":20},"end":{"line":130,"column":41}},"63":{"start":{"line":131,"column":22},"end":{"line":131,"column":45}},"64":{"start":{"line":132,"column":20},"end":{"line":132,"column":61}},"65":{"start":{"line":134,"column":4},"end":{"line":137,"column":5}},"66":{"start":{"line":135,"column":6},"end":{"line":135,"column":60}},"67":{"start":{"line":136,"column":6},"end":{"line":136,"column":15}},"68":{"start":{"line":139,"column":24},"end":{"line":139,"column":52}},"69":{"start":{"line":142,"column":4},"end":{"line":146,"column":5}},"70":{"start":{"line":143,"column":6},"end":{"line":143,"column":78}},"71":{"start":{"line":145,"column":6},"end":{"line":145,"column":52}},"72":{"start":{"line":148,"column":4},"end":{"line":153,"column":7}},"73":{"start":{"line":156,"column":2},"end":{"line":156,"column":26}},"74":{"start":{"line":160,"column":15},"end":{"line":160,"column":32}},"75":{"start":{"line":161,"column":2},"end":{"line":166,"column":5}},"76":{"start":{"line":162,"column":17},"end":{"line":162,"column":74}},"77":{"start":{"line":163,"column":4},"end":{"line":163,"column":37}},"78":{"start":{"line":163,"column":24},"end":{"line":163,"column":37}},"79":{"start":{"line":164,"column":4},"end":{"line":164,"column":19}},"80":{"start":{"line":165,"column":4},"end":{"line":165,"column":16}}},"fnMap":{"0":{"name":"normalizeAmountBR","decl":{"start":{"line":26,"column":16},"end":{"line":26,"column":33}},"loc":{"start":{"line":26,"column":55},"end":{"line":46,"column":1}},"line":26},"1":{"name":"normalizeDateBR","decl":{"start":{"line":48,"column":16},"end":{"line":48,"column":31}},"loc":{"start":{"line":48,"column":53},"end":{"line":69,"column":1}},"line":48},"2":{"name":"splitCSVLine","decl":{"start":{"line":71,"column":9},"end":{"line":71,"column":21}},"loc":{"start":{"line":71,"column":65},"end":{"line":89,"column":1}},"line":71},"3":{"name":"parseCSV","decl":{"start":{"line":91,"column":16},"end":{"line":91,"column":24}},"loc":{"start":{"line":91,"column":78},"end":{"line":157,"column":1}},"line":91},"4":{"name":"(anonymous_4)","decl":{"start":{"line":93,"column":39},"end":{"line":93,"column":40}},"loc":{"start":{"line":93,"column":46},"end":{"line":93,"column":65}},"line":93},"5":{"name":"(anonymous_5)","decl":{"start":{"line":99,"column":56},"end":{"line":99,"column":57}},"loc":{"start":{"line":100,"column":4},"end":{"line":100,"column":26}},"line":100},"6":{"name":"deduplicateByHash","decl":{"start":{"line":159,"column":16},"end":{"line":159,"column":33}},"loc":{"start":{"line":159,"column":66},"end":{"line":167,"column":1}},"line":159},"7":{"name":"(anonymous_7)","decl":{"start":{"line":161,"column":21},"end":{"line":161,"column":22}},"loc":{"start":{"line":161,"column":30},"end":{"line":166,"column":3}},"line":161}},"branchMap":{"0":{"loc":{"start":{"line":29,"column":2},"end":{"line":29,"column":52}},"type":"if","locations":[{"start":{"line":29,"column":2},"end":{"line":29,"column":52}},{"start":{},"end":{}}],"line":29},"1":{"loc":{"start":{"line":35,"column":2},"end":{"line":42,"column":3}},"type":"if","locations":[{"start":{"line":35,"column":2},"end":{"line":42,"column":3}},{"start":{"line":39,"column":9},"end":{"line":42,"column":3}}],"line":35},"2":{"loc":{"start":{"line":45,"column":9},"end":{"line":45,"column":36}},"type":"cond-expr","locations":[{"start":{"line":45,"column":22},"end":{"line":45,"column":28}},{"start":{"line":45,"column":31},"end":{"line":45,"column":36}}],"line":45},"3":{"loc":{"start":{"line":52,"column":2},"end":{"line":54,"column":3}},"type":"if","locations":[{"start":{"line":52,"column":2},"end":{"line":54,"column":3}},{"start":{},"end":{}}],"line":52},"4":{"loc":{"start":{"line":58,"column":2},"end":{"line":66,"column":3}},"type":"if","locations":[{"start":{"line":58,"column":2},"end":{"line":66,"column":3}},{"start":{},"end":{}}],"line":58},"5":{"loc":{"start":{"line":62,"column":4},"end":{"line":64,"column":5}},"type":"if","locations":[{"start":{"line":62,"column":4},"end":{"line":64,"column":5}},{"start":{},"end":{}}],"line":62},"6":{"loc":{"start":{"line":78,"column":4},"end":{"line":85,"column":5}},"type":"if","locations":[{"start":{"line":78,"column":4},"end":{"line":85,"column":5}},{"start":{"line":80,"column":11},"end":{"line":85,"column":5}}],"line":78},"7":{"loc":{"start":{"line":80,"column":11},"end":{"line":85,"column":5}},"type":"if","locations":[{"start":{"line":80,"column":11},"end":{"line":85,"column":5}},{"start":{"line":83,"column":11},"end":{"line":85,"column":5}}],"line":80},"8":{"loc":{"start":{"line":80,"column":15},"end":{"line":80,"column":46}},"type":"binary-expr","locations":[{"start":{"line":80,"column":15},"end":{"line":80,"column":33}},{"start":{"line":80,"column":37},"end":{"line":80,"column":46}}],"line":80},"9":{"loc":{"start":{"line":92,"column":20},"end":{"line":92,"column":44}},"type":"binary-expr","locations":[{"start":{"line":92,"column":20},"end":{"line":92,"column":37}},{"start":{"line":92,"column":41},"end":{"line":92,"column":44}}],"line":92},"10":{"loc":{"start":{"line":95,"column":2},"end":{"line":97,"column":3}},"type":"if","locations":[{"start":{"line":95,"column":2},"end":{"line":97,"column":3}},{"start":{},"end":{}}],"line":95},"11":{"loc":{"start":{"line":106,"column":18},"end":{"line":108,"column":8}},"type":"cond-expr","locations":[{"start":{"line":107,"column":6},"end":{"line":107,"column":49}},{"start":{"line":108,"column":6},"end":{"line":108,"column":8}}],"line":106},"12":{"loc":{"start":{"line":110,"column":2},"end":{"line":112,"column":3}},"type":"if","locations":[{"start":{"line":110,"column":2},"end":{"line":112,"column":3}},{"start":{},"end":{}}],"line":110},"13":{"loc":{"start":{"line":113,"column":2},"end":{"line":115,"column":3}},"type":"if","locations":[{"start":{"line":113,"column":2},"end":{"line":115,"column":3}},{"start":{},"end":{}}],"line":113},"14":{"loc":{"start":{"line":116,"column":2},"end":{"line":118,"column":3}},"type":"if","locations":[{"start":{"line":116,"column":2},"end":{"line":118,"column":3}},{"start":{},"end":{}}],"line":116},"15":{"loc":{"start":{"line":119,"column":2},"end":{"line":121,"column":3}},"type":"if","locations":[{"start":{"line":119,"column":2},"end":{"line":121,"column":3}},{"start":{},"end":{}}],"line":119},"16":{"loc":{"start":{"line":119,"column":6},"end":{"line":119,"column":36}},"type":"binary-expr","locations":[{"start":{"line":119,"column":6},"end":{"line":119,"column":18}},{"start":{"line":119,"column":22},"end":{"line":119,"column":36}}],"line":119},"17":{"loc":{"start":{"line":129,"column":20},"end":{"line":129,"column":41}},"type":"binary-expr","locations":[{"start":{"line":129,"column":20},"end":{"line":129,"column":35}},{"start":{"line":129,"column":39},"end":{"line":129,"column":41}}],"line":129},"18":{"loc":{"start":{"line":130,"column":20},"end":{"line":130,"column":41}},"type":"binary-expr","locations":[{"start":{"line":130,"column":20},"end":{"line":130,"column":35}},{"start":{"line":130,"column":39},"end":{"line":130,"column":41}}],"line":130},"19":{"loc":{"start":{"line":131,"column":22},"end":{"line":131,"column":45}},"type":"binary-expr","locations":[{"start":{"line":131,"column":22},"end":{"line":131,"column":39}},{"start":{"line":131,"column":43},"end":{"line":131,"column":45}}],"line":131},"20":{"loc":{"start":{"line":132,"column":20},"end":{"line":132,"column":61}},"type":"cond-expr","locations":[{"start":{"line":132,"column":35},"end":{"line":132,"column":56}},{"start":{"line":132,"column":59},"end":{"line":132,"column":61}}],"line":132},"21":{"loc":{"start":{"line":132,"column":35},"end":{"line":132,"column":56}},"type":"binary-expr","locations":[{"start":{"line":132,"column":35},"end":{"line":132,"column":50}},{"start":{"line":132,"column":54},"end":{"line":132,"column":56}}],"line":132},"22":{"loc":{"start":{"line":134,"column":4},"end":{"line":137,"column":5}},"type":"if","locations":[{"start":{"line":134,"column":4},"end":{"line":137,"column":5}},{"start":{},"end":{}}],"line":134},"23":{"loc":{"start":{"line":142,"column":4},"end":{"line":146,"column":5}},"type":"if","locations":[{"start":{"line":142,"column":4},"end":{"line":146,"column":5}},{"start":{"line":144,"column":11},"end":{"line":146,"column":5}}],"line":142},"24":{"loc":{"start":{"line":143,"column":13},"end":{"line":143,"column":77}},"type":"cond-expr","locations":[{"start":{"line":143,"column":57},"end":{"line":143,"column":65}},{"start":{"line":143,"column":68},"end":{"line":143,"column":77}}],"line":143},"25":{"loc":{"start":{"line":145,"column":13},"end":{"line":145,"column":51}},"type":"cond-expr","locations":[{"start":{"line":145,"column":31},"end":{"line":145,"column":40}},{"start":{"line":145,"column":43},"end":{"line":145,"column":51}}],"line":145},"26":{"loc":{"start":{"line":163,"column":4},"end":{"line":163,"column":37}},"type":"if","locations":[{"start":{"line":163,"column":4},"end":{"line":163,"column":37}},{"start":{},"end":{}}],"line":163}},"s":{"0":23,"1":23,"2":23,"3":2,"4":23,"5":23,"6":12,"7":12,"8":11,"9":23,"10":23,"11":19,"12":19,"13":1,"14":18,"15":18,"16":18,"17":18,"18":18,"19":18,"20":1,"21":18,"22":0,"23":28,"24":28,"25":28,"26":28,"27":28,"28":840,"29":840,"30":14,"31":826,"32":80,"33":80,"34":746,"35":28,"36":28,"37":11,"38":11,"39":29,"40":11,"41":0,"42":11,"43":42,"44":11,"45":11,"46":11,"47":11,"48":11,"49":0,"50":11,"51":0,"52":11,"53":0,"54":11,"55":1,"56":10,"57":10,"58":10,"59":10,"60":17,"61":17,"62":17,"63":17,"64":17,"65":17,"66":2,"67":2,"68":15,"69":15,"70":13,"71":2,"72":15,"73":10,"74":7,"75":7,"76":13,"77":13,"78":2,"79":11,"80":11},"f":{"0":23,"1":19,"2":28,"3":11,"4":29,"5":42,"6":7,"7":13},"b":{"0":[2,21],"1":[12,11],"2":[2,21],"3":[1,18],"4":[18,0],"5":[1,17],"6":[14,826],"7":[80,746],"8":[826,87],"9":[11,10],"10":[0,11],"11":[10,1],"12":[0,11],"13":[0,11],"14":[0,11],"15":[1,10],"16":[11,10],"17":[17,0],"18":[17,0],"19":[17,0],"20":[15,2],"21":[15,0],"22":[2,15],"23":[13,2],"24":[3,10],"25":[1,1],"26":[2,11]},"_coverageSchema":"1a1c01bbd47fc00a2c39e90264f33305004495a9","hash":"5fe212f90e161a3d26453aec6b6b9fa1c1ec1f94"}
,"C:\\workspace\\projetoGit\\workspaceRN\\gofinances\\src\\features\\resume\\application\\getCategoryBreakdown.ts": {"path":"C:\\workspace\\projetoGit\\workspaceRN\\gofinances\\src\\features\\resume\\application\\getCategoryBreakdown.ts","statementMap":{"0":{"start":{"line":5,"column":24},"end":{"line":5,"column":51}},"1":{"start":{"line":21,"column":14},"end":{"line":21,"column":71}},"2":{"start":{"line":23,"column":19},"end":{"line":23,"column":60}},"3":{"start":{"line":23,"column":38},"end":{"line":23,"column":59}},"4":{"start":{"line":24,"column":21},"end":{"line":24,"column":75}},"5":{"start":{"line":24,"column":50},"end":{"line":24,"column":71}},"6":{"start":{"line":26,"column":2},"end":{"line":26,"column":34}},"7":{"start":{"line":26,"column":24},"end":{"line":26,"column":34}},"8":{"start":{"line":28,"column":38},"end":{"line":28,"column":40}},"9":{"start":{"line":30,"column":2},"end":{"line":48,"column":5}},"10":{"start":{"line":31,"column":19},"end":{"line":31,"column":20}},"11":{"start":{"line":32,"column":4},"end":{"line":36,"column":7}},"12":{"start":{"line":33,"column":6},"end":{"line":35,"column":7}},"13":{"start":{"line":34,"column":8},"end":{"line":34,"column":36}},"14":{"start":{"line":38,"column":4},"end":{"line":47,"column":5}},"15":{"start":{"line":39,"column":6},"end":{"line":46,"column":9}},"16":{"start":{"line":50,"column":2},"end":{"line":50,"column":16}}},"fnMap":{"0":{"name":"getCategoryBreakdown","decl":{"start":{"line":16,"column":22},"end":{"line":16,"column":42}},"loc":{"start":{"line":20,"column":32},"end":{"line":51,"column":1}},"line":20},"1":{"name":"(anonymous_1)","decl":{"start":{"line":23,"column":30},"end":{"line":23,"column":31}},"loc":{"start":{"line":23,"column":38},"end":{"line":23,"column":59}},"line":23},"2":{"name":"(anonymous_2)","decl":{"start":{"line":24,"column":37},"end":{"line":24,"column":38}},"loc":{"start":{"line":24,"column":50},"end":{"line":24,"column":71}},"line":24},"3":{"name":"(anonymous_3)","decl":{"start":{"line":30,"column":21},"end":{"line":30,"column":22}},"loc":{"start":{"line":30,"column":30},"end":{"line":48,"column":3}},"line":30},"4":{"name":"(anonymous_4)","decl":{"start":{"line":32,"column":21},"end":{"line":32,"column":22}},"loc":{"start":{"line":32,"column":29},"end":{"line":36,"column":5}},"line":32}},"branchMap":{"0":{"loc":{"start":{"line":26,"column":2},"end":{"line":26,"column":34}},"type":"if","locations":[{"start":{"line":26,"column":2},"end":{"line":26,"column":34}},{"start":{},"end":{}}],"line":26},"1":{"loc":{"start":{"line":33,"column":6},"end":{"line":35,"column":7}},"type":"if","locations":[{"start":{"line":33,"column":6},"end":{"line":35,"column":7}},{"start":{},"end":{}}],"line":33},"2":{"loc":{"start":{"line":38,"column":4},"end":{"line":47,"column":5}},"type":"if","locations":[{"start":{"line":38,"column":4},"end":{"line":47,"column":5}},{"start":{},"end":{}}],"line":38}},"s":{"0":1,"1":2,"2":2,"3":2,"4":2,"5":2,"6":2,"7":1,"8":1,"9":1,"10":6,"11":6,"12":12,"13":2,"14":6,"15":2,"16":1},"f":{"0":2,"1":2,"2":2,"3":6,"4":12},"b":{"0":[1,1],"1":[2,10],"2":[2,4]},"_coverageSchema":"1a1c01bbd47fc00a2c39e90264f33305004495a9","hash":"94804eb17795c60dda8879c6c4ed8226ff04ee30"}
,"C:\\workspace\\projetoGit\\workspaceRN\\gofinances\\src\\features\\resume\\domain\\aggregateByCategory.ts": {"path":"C:\\workspace\\projetoGit\\workspaceRN\\gofinances\\src\\features\\resume\\domain\\aggregateByCategory.ts","statementMap":{"0":{"start":{"line":25,"column":19},"end":{"line":28,"column":4}},"1":{"start":{"line":26,"column":17},"end":{"line":26,"column":33}},"2":{"start":{"line":27,"column":4},"end":{"line":27,"column":93}},"3":{"start":{"line":30,"column":24},"end":{"line":30,"column":78}},"4":{"start":{"line":30,"column":52},"end":{"line":30,"column":74}},"5":{"start":{"line":32,"column":2},"end":{"line":34,"column":3}},"6":{"start":{"line":33,"column":4},"end":{"line":33,"column":14}},"7":{"start":{"line":36,"column":38},"end":{"line":36,"column":40}},"8":{"start":{"line":38,"column":2},"end":{"line":64,"column":3}},"9":{"start":{"line":39,"column":22},"end":{"line":39,"column":23}},"10":{"start":{"line":41,"column":4},"end":{"line":45,"column":5}},"11":{"start":{"line":42,"column":6},"end":{"line":44,"column":7}},"12":{"start":{"line":43,"column":8},"end":{"line":43,"column":46}},"13":{"start":{"line":47,"column":4},"end":{"line":63,"column":5}},"14":{"start":{"line":48,"column":29},"end":{"line":51,"column":8}},"15":{"start":{"line":53,"column":22},"end":{"line":53,"column":76}},"16":{"start":{"line":55,"column":6},"end":{"line":62,"column":9}},"17":{"start":{"line":66,"column":2},"end":{"line":66,"column":16}}},"fnMap":{"0":{"name":"aggregateByCategory","decl":{"start":{"line":20,"column":16},"end":{"line":20,"column":35}},"loc":{"start":{"line":24,"column":23},"end":{"line":67,"column":1}},"line":24},"1":{"name":"(anonymous_1)","decl":{"start":{"line":25,"column":39},"end":{"line":25,"column":40}},"loc":{"start":{"line":25,"column":46},"end":{"line":28,"column":3}},"line":25},"2":{"name":"(anonymous_2)","decl":{"start":{"line":30,"column":40},"end":{"line":30,"column":41}},"loc":{"start":{"line":30,"column":52},"end":{"line":30,"column":74}},"line":30}},"branchMap":{"0":{"loc":{"start":{"line":27,"column":11},"end":{"line":27,"column":92}},"type":"binary-expr","locations":[{"start":{"line":27,"column":11},"end":{"line":27,"column":32}},{"start":{"line":27,"column":36},"end":{"line":27,"column":61}},{"start":{"line":27,"column":65},"end":{"line":27,"column":92}}],"line":27},"1":{"loc":{"start":{"line":32,"column":2},"end":{"line":34,"column":3}},"type":"if","locations":[{"start":{"line":32,"column":2},"end":{"line":34,"column":3}},{"start":{},"end":{}}],"line":32},"2":{"loc":{"start":{"line":42,"column":6},"end":{"line":44,"column":7}},"type":"if","locations":[{"start":{"line":42,"column":6},"end":{"line":44,"column":7}},{"start":{},"end":{}}],"line":42},"3":{"loc":{"start":{"line":47,"column":4},"end":{"line":63,"column":5}},"type":"if","locations":[{"start":{"line":47,"column":4},"end":{"line":63,"column":5}},{"start":{},"end":{}}],"line":47}},"s":{"0":8,"1":12,"2":12,"3":8,"4":10,"5":8,"6":1,"7":7,"8":7,"9":42,"10":42,"11":60,"12":10,"13":42,"14":9,"15":9,"16":9,"17":7},"f":{"0":8,"1":12,"2":10},"b":{"0":[12,11,10],"1":[1,7],"2":[10,50],"3":[9,33]},"_coverageSchema":"1a1c01bbd47fc00a2c39e90264f33305004495a9","hash":"94b521b8e80f2205a36dc4a34b02efbabc7c6546"}
,"C:\\workspace\\projetoGit\\workspaceRN\\gofinances\\src\\features\\sync\\application\\syncService.ts": {"path":"C:\\workspace\\projetoGit\\workspaceRN\\gofinances\\src\\features\\sync\\application\\syncService.ts","statementMap":{"0":{"start":{"line":4,"column":22},"end":{"line":4,"column":47}},"1":{"start":{"line":12,"column":15},"end":{"line":12,"column":67}},"2":{"start":{"line":13,"column":2},"end":{"line":13,"column":36}},"3":{"start":{"line":17,"column":2},"end":{"line":17,"column":31}},"4":{"start":{"line":23,"column":18},"end":{"line":23,"column":50}},"5":{"start":{"line":24,"column":15},"end":{"line":24,"column":16}},"6":{"start":{"line":25,"column":15},"end":{"line":25,"column":16}},"7":{"start":{"line":27,"column":2},"end":{"line":39,"column":3}},"8":{"start":{"line":28,"column":4},"end":{"line":28,"column":57}},"9":{"start":{"line":30,"column":19},"end":{"line":30,"column":37}},"10":{"start":{"line":32,"column":4},"end":{"line":38,"column":5}},"11":{"start":{"line":33,"column":6},"end":{"line":33,"column":58}},"12":{"start":{"line":34,"column":6},"end":{"line":34,"column":15}},"13":{"start":{"line":36,"column":6},"end":{"line":36,"column":50}},"14":{"start":{"line":37,"column":6},"end":{"line":37,"column":15}},"15":{"start":{"line":41,"column":2},"end":{"line":41,"column":37}},"16":{"start":{"line":42,"column":2},"end":{"line":42,"column":28}}},"fnMap":{"0":{"name":"enqueueChange","decl":{"start":{"line":6,"column":22},"end":{"line":6,"column":35}},"loc":{"start":{"line":11,"column":17},"end":{"line":14,"column":1}},"line":11},"1":{"name":"getPendingCount","decl":{"start":{"line":16,"column":22},"end":{"line":16,"column":37}},"loc":{"start":{"line":16,"column":57},"end":{"line":18,"column":1}},"line":16},"2":{"name":"processPendingQueue","decl":{"start":{"line":20,"column":22},"end":{"line":20,"column":41}},"loc":{"start":{"line":22,"column":47},"end":{"line":43,"column":1}},"line":22}},"branchMap":{"0":{"loc":{"start":{"line":32,"column":4},"end":{"line":38,"column":5}},"type":"if","locations":[{"start":{"line":32,"column":4},"end":{"line":38,"column":5}},{"start":{"line":35,"column":11},"end":{"line":38,"column":5}}],"line":32}},"s":{"0":1,"1":4,"2":4,"3":1,"4":2,"5":2,"6":2,"7":2,"8":3,"9":3,"10":3,"11":2,"12":2,"13":1,"14":1,"15":2,"16":2},"f":{"0":4,"1":1,"2":2},"b":{"0":[2,1]},"_coverageSchema":"1a1c01bbd47fc00a2c39e90264f33305004495a9","hash":"e73d8947d38326c910bbdfb0a7ef4ddb2eef1222"}
,"C:\\workspace\\projetoGit\\workspaceRN\\gofinances\\src\\features\\sync\\domain\\syncQueue.ts": {"path":"C:\\workspace\\projetoGit\\workspaceRN\\gofinances\\src\\features\\sync\\domain\\syncQueue.ts","statementMap":{"0":{"start":{"line":34,"column":2},"end":{"line":43,"column":4}},"1":{"start":{"line":50,"column":2},"end":{"line":52,"column":3}},"2":{"start":{"line":51,"column":4},"end":{"line":51,"column":57}},"3":{"start":{"line":53,"column":2},"end":{"line":55,"column":3}},"4":{"start":{"line":54,"column":4},"end":{"line":54,"column":55}},"5":{"start":{"line":58,"column":20},"end":{"line":58,"column":56}},"6":{"start":{"line":59,"column":21},"end":{"line":59,"column":58}},"7":{"start":{"line":61,"column":2},"end":{"line":63,"column":3}},"8":{"start":{"line":62,"column":4},"end":{"line":62,"column":55}},"9":{"start":{"line":66,"column":2},"end":{"line":66,"column":55}},"10":{"start":{"line":74,"column":24},"end":{"line":74,"column":52}},"11":{"start":{"line":75,"column":25},"end":{"line":75,"column":54}},"12":{"start":{"line":76,"column":2},"end":{"line":76,"column":41}}},"fnMap":{"0":{"name":"addToQueue","decl":{"start":{"line":28,"column":16},"end":{"line":28,"column":26}},"loc":{"start":{"line":33,"column":17},"end":{"line":44,"column":1}},"line":33},"1":{"name":"mergeByVersion","decl":{"start":{"line":46,"column":16},"end":{"line":46,"column":30}},"loc":{"start":{"line":49,"column":15},"end":{"line":67,"column":1}},"line":49},"2":{"name":"detectConflict","decl":{"start":{"line":69,"column":16},"end":{"line":69,"column":30}},"loc":{"start":{"line":73,"column":11},"end":{"line":77,"column":1}},"line":73}},"branchMap":{"0":{"loc":{"start":{"line":50,"column":2},"end":{"line":52,"column":3}},"type":"if","locations":[{"start":{"line":50,"column":2},"end":{"line":52,"column":3}},{"start":{},"end":{}}],"line":50},"1":{"loc":{"start":{"line":51,"column":37},"end":{"line":51,"column":54}},"type":"binary-expr","locations":[{"start":{"line":51,"column":37},"end":{"line":51,"column":48}},{"start":{"line":51,"column":52},"end":{"line":51,"column":54}}],"line":51},"2":{"loc":{"start":{"line":53,"column":2},"end":{"line":55,"column":3}},"type":"if","locations":[{"start":{"line":53,"column":2},"end":{"line":55,"column":3}},{"start":{},"end":{}}],"line":53},"3":{"loc":{"start":{"line":54,"column":36},"end":{"line":54,"column":52}},"type":"binary-expr","locations":[{"start":{"line":54,"column":36},"end":{"line":54,"column":46}},{"start":{"line":54,"column":50},"end":{"line":54,"column":52}}],"line":54},"4":{"loc":{"start":{"line":61,"column":2},"end":{"line":63,"column":3}},"type":"if","locations":[{"start":{"line":61,"column":2},"end":{"line":63,"column":3}},{"start":{},"end":{}}],"line":61},"5":{"loc":{"start":{"line":62,"column":36},"end":{"line":62,"column":52}},"type":"binary-expr","locations":[{"start":{"line":62,"column":36},"end":{"line":62,"column":46}},{"start":{"line":62,"column":50},"end":{"line":62,"column":52}}],"line":62},"6":{"loc":{"start":{"line":66,"column":35},"end":{"line":66,"column":52}},"type":"binary-expr","locations":[{"start":{"line":66,"column":35},"end":{"line":66,"column":46}},{"start":{"line":66,"column":50},"end":{"line":66,"column":52}}],"line":66},"7":{"loc":{"start":{"line":76,"column":9},"end":{"line":76,"column":40}},"type":"binary-expr","locations":[{"start":{"line":76,"column":9},"end":{"line":76,"column":22}},{"start":{"line":76,"column":26},"end":{"line":76,"column":40}}],"line":76}},"s":{"0":9,"1":4,"2":1,"3":3,"4":1,"5":2,"6":2,"7":2,"8":1,"9":1,"10":3,"11":3,"12":3},"f":{"0":9,"1":4,"2":3},"b":{"0":[1,3],"1":[1,0],"2":[1,2],"3":[1,0],"4":[1,1],"5":[1,0],"6":[1,0],"7":[3,2]},"_coverageSchema":"1a1c01bbd47fc00a2c39e90264f33305004495a9","hash":"1cd3fc87a17f328f3373916bfd01cef26998a42e"}
,"C:\\workspace\\projetoGit\\workspaceRN\\gofinances\\src\\features\\sync\\infra\\SyncQueueRepository.ts": {"path":"C:\\workspace\\projetoGit\\workspaceRN\\gofinances\\src\\features\\sync\\infra\\SyncQueueRepository.ts","statementMap":{"0":{"start":{"line":16,"column":2},"end":{"line":25,"column":4}},"1":{"start":{"line":30,"column":15},"end":{"line":30,"column":34}},"2":{"start":{"line":31,"column":4},"end":{"line":44,"column":6}},"3":{"start":{"line":48,"column":15},"end":{"line":48,"column":34}},"4":{"start":{"line":49,"column":17},"end":{"line":52,"column":5}},"5":{"start":{"line":53,"column":4},"end":{"line":53,"column":28}},"6":{"start":{"line":57,"column":15},"end":{"line":57,"column":34}},"7":{"start":{"line":58,"column":4},"end":{"line":61,"column":6}},"8":{"start":{"line":65,"column":15},"end":{"line":65,"column":34}},"9":{"start":{"line":66,"column":4},"end":{"line":69,"column":6}},"10":{"start":{"line":73,"column":15},"end":{"line":73,"column":34}},"11":{"start":{"line":74,"column":4},"end":{"line":74,"column":72}},"12":{"start":{"line":78,"column":15},"end":{"line":78,"column":34}},"13":{"start":{"line":79,"column":16},"end":{"line":81,"column":5}},"14":{"start":{"line":82,"column":4},"end":{"line":82,"column":25}}},"fnMap":{"0":{"name":"mapRow","decl":{"start":{"line":15,"column":9},"end":{"line":15,"column":15}},"loc":{"start":{"line":15,"column":50},"end":{"line":26,"column":1}},"line":15},"1":{"name":"(anonymous_1)","decl":{"start":{"line":29,"column":2},"end":{"line":29,"column":3}},"loc":{"start":{"line":29,"column":52},"end":{"line":45,"column":3}},"line":29},"2":{"name":"(anonymous_2)","decl":{"start":{"line":47,"column":2},"end":{"line":47,"column":3}},"loc":{"start":{"line":47,"column":65},"end":{"line":54,"column":3}},"line":47},"3":{"name":"(anonymous_3)","decl":{"start":{"line":56,"column":2},"end":{"line":56,"column":3}},"loc":{"start":{"line":56,"column":68},"end":{"line":62,"column":3}},"line":56},"4":{"name":"(anonymous_4)","decl":{"start":{"line":64,"column":2},"end":{"line":64,"column":3}},"loc":{"start":{"line":64,"column":50},"end":{"line":70,"column":3}},"line":64},"5":{"name":"(anonymous_5)","decl":{"start":{"line":72,"column":2},"end":{"line":72,"column":3}},"loc":{"start":{"line":72,"column":38},"end":{"line":75,"column":3}},"line":72},"6":{"name":"(anonymous_6)","decl":{"start":{"line":77,"column":2},"end":{"line":77,"column":3}},"loc":{"start":{"line":77,"column":33},"end":{"line":83,"column":3}},"line":77}},"branchMap":{"0":{"loc":{"start":{"line":21,"column":13},"end":{"line":21,"column":57}},"type":"cond-expr","locations":[{"start":{"line":21,"column":27},"end":{"line":21,"column":50}},{"start":{"line":21,"column":53},"end":{"line":21,"column":57}}],"line":21},"1":{"loc":{"start":{"line":39,"column":8},"end":{"line":39,"column":58}},"type":"cond-expr","locations":[{"start":{"line":39,"column":23},"end":{"line":39,"column":51}},{"start":{"line":39,"column":54},"end":{"line":39,"column":58}}],"line":39},"2":{"loc":{"start":{"line":47,"column":19},"end":{"line":47,"column":37}},"type":"default-arg","locations":[{"start":{"line":47,"column":35},"end":{"line":47,"column":37}}],"line":47},"3":{"loc":{"start":{"line":82,"column":11},"end":{"line":82,"column":24}},"type":"binary-expr","locations":[{"start":{"line":82,"column":11},"end":{"line":82,"column":19}},{"start":{"line":82,"column":23},"end":{"line":82,"column":24}}],"line":82}},"s":{"0":3,"1":4,"2":4,"3":2,"4":2,"5":2,"6":5,"7":5,"8":1,"9":1,"10":2,"11":2,"12":1,"13":1,"14":1},"f":{"0":3,"1":4,"2":2,"3":5,"4":1,"5":2,"6":1},"b":{"0":[3,0],"1":[4,0],"2":[2],"3":[1,1]},"_coverageSchema":"1a1c01bbd47fc00a2c39e90264f33305004495a9","hash":"0cd430516e99075c671be1592e888906513523a6"}
,"C:\\workspace\\projetoGit\\workspaceRN\\gofinances\\src\\features\\transactions\\application\\createTransaction.ts": {"path":"C:\\workspace\\projetoGit\\workspaceRN\\gofinances\\src\\features\\transactions\\application\\createTransaction.ts","statementMap":{"0":{"start":{"line":6,"column":24},"end":{"line":6,"column":51}},"1":{"start":{"line":16,"column":55},"end":{"line":19,"column":1}},"2":{"start":{"line":24,"column":54},"end":{"line":24,"column":59}},"3":{"start":{"line":26,"column":14},"end":{"line":26,"column":24}},"4":{"start":{"line":27,"column":22},"end":{"line":27,"column":46}},"5":{"start":{"line":29,"column":26},"end":{"line":44,"column":3}},"6":{"start":{"line":46,"column":2},"end":{"line":46,"column":36}}},"fnMap":{"0":{"name":"createTransaction","decl":{"start":{"line":21,"column":22},"end":{"line":21,"column":39}},"loc":{"start":{"line":23,"column":24},"end":{"line":47,"column":1}},"line":23}},"branchMap":{"0":{"loc":{"start":{"line":34,"column":10},"end":{"line":34,"column":37}},"type":"binary-expr","locations":[{"start":{"line":34,"column":10},"end":{"line":34,"column":24}},{"start":{"line":34,"column":28},"end":{"line":34,"column":37}}],"line":34}},"s":{"0":2,"1":2,"2":10,"3":10,"4":10,"5":10,"6":10},"f":{"0":10},"b":{"0":[10,0]},"_coverageSchema":"1a1c01bbd47fc00a2c39e90264f33305004495a9","hash":"6c0b85889de5a2c1b58d3fb985c9f311ce53178a"}
,"C:\\workspace\\projetoGit\\workspaceRN\\gofinances\\src\\features\\transactions\\application\\getTransactionSummary.ts": {"path":"C:\\workspace\\projetoGit\\workspaceRN\\gofinances\\src\\features\\transactions\\application\\getTransactionSummary.ts","statementMap":{"0":{"start":{"line":4,"column":24},"end":{"line":4,"column":51}},"1":{"start":{"line":27,"column":2},"end":{"line":31,"column":34}},"2":{"start":{"line":35,"column":2},"end":{"line":35,"column":40}},"3":{"start":{"line":35,"column":28},"end":{"line":35,"column":40}},"4":{"start":{"line":36,"column":15},"end":{"line":36,"column":69}},"5":{"start":{"line":36,"column":55},"end":{"line":36,"column":66}},"6":{"start":{"line":37,"column":2},"end":{"line":37,"column":83}},"7":{"start":{"line":43,"column":14},"end":{"line":43,"column":54}},"8":{"start":{"line":45,"column":21},"end":{"line":45,"column":22}},"9":{"start":{"line":46,"column":22},"end":{"line":46,"column":23}},"10":{"start":{"line":47,"column":30},"end":{"line":47,"column":32}},"11":{"start":{"line":48,"column":31},"end":{"line":48,"column":33}},"12":{"start":{"line":50,"column":47},"end":{"line":67,"column":4}},"13":{"start":{"line":51,"column":4},"end":{"line":57,"column":5}},"14":{"start":{"line":52,"column":6},"end":{"line":52,"column":38}},"15":{"start":{"line":53,"column":6},"end":{"line":53,"column":42}},"16":{"start":{"line":54,"column":11},"end":{"line":57,"column":5}},"17":{"start":{"line":55,"column":6},"end":{"line":55,"column":39}},"18":{"start":{"line":56,"column":6},"end":{"line":56,"column":43}},"19":{"start":{"line":59,"column":4},"end":{"line":66,"column":6}},"20":{"start":{"line":69,"column":21},"end":{"line":69,"column":48}},"21":{"start":{"line":70,"column":22},"end":{"line":70,"column":50}},"22":{"start":{"line":72,"column":18},"end":{"line":72,"column":46}},"23":{"start":{"line":74,"column":39},"end":{"line":96,"column":3}},"24":{"start":{"line":98,"column":2},"end":{"line":98,"column":41}}},"fnMap":{"0":{"name":"formatDate","decl":{"start":{"line":26,"column":9},"end":{"line":26,"column":19}},"loc":{"start":{"line":26,"column":48},"end":{"line":32,"column":1}},"line":26},"1":{"name":"formatLastDate","decl":{"start":{"line":34,"column":9},"end":{"line":34,"column":23}},"loc":{"start":{"line":34,"column":56},"end":{"line":38,"column":1}},"line":34},"2":{"name":"(anonymous_2)","decl":{"start":{"line":36,"column":48},"end":{"line":36,"column":49}},"loc":{"start":{"line":36,"column":55},"end":{"line":36,"column":66}},"line":36},"3":{"name":"getTransactionSummary","decl":{"start":{"line":40,"column":22},"end":{"line":40,"column":43}},"loc":{"start":{"line":42,"column":37},"end":{"line":99,"column":1}},"line":42},"4":{"name":"(anonymous_4)","decl":{"start":{"line":50,"column":55},"end":{"line":50,"column":56}},"loc":{"start":{"line":50,"column":63},"end":{"line":67,"column":3}},"line":50}},"branchMap":{"0":{"loc":{"start":{"line":35,"column":2},"end":{"line":35,"column":40}},"type":"if","locations":[{"start":{"line":35,"column":2},"end":{"line":35,"column":40}},{"start":{},"end":{}}],"line":35},"1":{"loc":{"start":{"line":51,"column":4},"end":{"line":57,"column":5}},"type":"if","locations":[{"start":{"line":51,"column":4},"end":{"line":57,"column":5}},{"start":{"line":54,"column":11},"end":{"line":57,"column":5}}],"line":51},"2":{"loc":{"start":{"line":54,"column":11},"end":{"line":57,"column":5}},"type":"if","locations":[{"start":{"line":54,"column":11},"end":{"line":57,"column":5}},{"start":{},"end":{}}],"line":54},"3":{"loc":{"start":{"line":63,"column":12},"end":{"line":63,"column":80}},"type":"cond-expr","locations":[{"start":{"line":63,"column":36},"end":{"line":63,"column":55}},{"start":{"line":63,"column":60},"end":{"line":63,"column":79}}],"line":63},"4":{"loc":{"start":{"line":78,"column":8},"end":{"line":80,"column":42}},"type":"cond-expr","locations":[{"start":{"line":79,"column":12},"end":{"line":79,"column":31}},{"start":{"line":80,"column":12},"end":{"line":80,"column":42}}],"line":78},"5":{"loc":{"start":{"line":85,"column":8},"end":{"line":87,"column":41}},"type":"cond-expr","locations":[{"start":{"line":86,"column":12},"end":{"line":86,"column":31}},{"start":{"line":87,"column":12},"end":{"line":87,"column":41}}],"line":85},"6":{"loc":{"start":{"line":92,"column":8},"end":{"line":94,"column":33}},"type":"cond-expr","locations":[{"start":{"line":93,"column":12},"end":{"line":93,"column":31}},{"start":{"line":94,"column":12},"end":{"line":94,"column":33}}],"line":92}},"s":{"0":1,"1":7,"2":12,"3":6,"4":6,"5":7,"6":6,"7":6,"8":6,"9":6,"10":6,"11":6,"12":6,"13":7,"14":5,"15":5,"16":2,"17":2,"18":2,"19":7,"20":6,"21":6,"22":6,"23":6,"24":6},"f":{"0":7,"1":12,"2":7,"3":6,"4":7},"b":{"0":[6,6],"1":[5,2],"2":[2,0],"3":[5,2],"4":[2,4],"5":[4,2],"6":[4,2]},"_coverageSchema":"1a1c01bbd47fc00a2c39e90264f33305004495a9","hash":"d917efc7e7998c7eef95116d8918a8b09bf70690"}
[...]
olumn":14}},"3":{"start":{"line":36,"column":15},"end":{"line":36,"column":34}},"4":{"start":{"line":37,"column":4},"end":{"line":65,"column":7}},"5":{"start":{"line":38,"column":6},"end":{"line":64,"column":7}},"6":{"start":{"line":39,"column":8},"end":{"line":63,"column":10}},"7":{"start":{"line":69,"column":15},"end":{"line":69,"column":34}},"8":{"start":{"line":70,"column":16},"end":{"line":70,"column":40}},"9":{"start":{"line":71,"column":4},"end":{"line":85,"column":6}},"10":{"start":{"line":86,"column":4},"end":{"line":86,"column":63}},"11":{"start":{"line":90,"column":15},"end":{"line":90,"column":34}},"12":{"start":{"line":91,"column":4},"end":{"line":91,"column":69}},"13":{"start":{"line":95,"column":15},"end":{"line":95,"column":34}},"14":{"start":{"line":96,"column":16},"end":{"line":98,"column":6}},"15":{"start":{"line":99,"column":4},"end":{"line":99,"column":36}},"16":{"start":{"line":106,"column":15},"end":{"line":106,"column":34}},"17":{"start":{"line":107,"column":16},"end":{"line":107,"column":62}},"18":{"start":{"line":108,"column":40},"end":{"line":108,"column":48}},"19":{"start":{"line":110,"column":4},"end":{"line":113,"column":5}},"20":{"start":{"line":111,"column":6},"end":{"line":111,"column":37}},"21":{"start":{"line":112,"column":6},"end":{"line":112,"column":37}},"22":{"start":{"line":115,"column":4},"end":{"line":119,"column":5}},"23":{"start":{"line":116,"column":6},"end":{"line":117,"column":103}},"24":{"start":{"line":118,"column":6},"end":{"line":118,"column":51}},"25":{"start":{"line":121,"column":4},"end":{"line":121,"column":35}},"26":{"start":{"line":123,"column":17},"end":{"line":123,"column":68}},"27":{"start":{"line":124,"column":4},"end":{"line":124,"column":28}},"28":{"start":{"line":128,"column":15},"end":{"line":128,"column":34}},"29":{"start":{"line":129,"column":19},"end":{"line":131,"column":6}},"30":{"start":{"line":132,"column":4},"end":{"line":132,"column":26}},"31":{"start":{"line":136,"column":15},"end":{"line":136,"column":34}},"32":{"start":{"line":137,"column":19},"end":{"line":139,"column":6}},"33":{"start":{"line":140,"column":4},"end":{"line":140,"column":26}},"34":{"start":{"line":167,"column":2},"end":{"line":187,"column":4}}},"fnMap":{"0":{"name":"(anonymous_0)","decl":{"start":{"line":5,"column":2},"end":{"line":5,"column":3}},"loc":{"start":{"line":5,"column":54},"end":{"line":33,"column":3}},"line":5},"1":{"name":"(anonymous_1)","decl":{"start":{"line":35,"column":2},"end":{"line":35,"column":3}},"loc":{"start":{"line":35,"column":63},"end":{"line":66,"column":3}},"line":35},"2":{"name":"(anonymous_2)","decl":{"start":{"line":37,"column":43},"end":{"line":37,"column":44}},"loc":{"start":{"line":37,"column":58},"end":{"line":65,"column":5}},"line":37},"3":{"name":"(anonymous_3)","decl":{"start":{"line":68,"column":2},"end":{"line":68,"column":3}},"loc":{"start":{"line":68,"column":54},"end":{"line":87,"column":3}},"line":68},"4":{"name":"(anonymous_4)","decl":{"start":{"line":89,"column":2},"end":{"line":89,"column":3}},"loc":{"start":{"line":89,"column":42},"end":{"line":92,"column":3}},"line":89},"5":{"name":"(anonymous_5)","decl":{"start":{"line":94,"column":2},"end":{"line":94,"column":3}},"loc":{"start":{"line":94,"column":57},"end":{"line":100,"column":3}},"line":94},"6":{"name":"(anonymous_6)","decl":{"start":{"line":102,"column":2},"end":{"line":102,"column":3}},"loc":{"start":{"line":105,"column":28},"end":{"line":125,"column":3}},"line":105},"7":{"name":"(anonymous_7)","decl":{"start":{"line":127,"column":2},"end":{"line":127,"column":3}},"loc":{"start":{"line":127,"column":67},"end":{"line":133,"column":3}},"line":127},"8":{"name":"(anonymous_8)","decl":{"start":{"line":135,"column":2},"end":{"line":135,"column":3}},"loc":{"start":{"line":135,"column":63},"end":{"line":141,"column":3}},"line":135},"9":{"name":"mapRow","decl":{"start":{"line":166,"column":9},"end":{"line":166,"column":15}},"loc":{"start":{"line":166,"column":50},"end":{"line":188,"column":1}},"line":166}},"branchMap":{"0":{"loc":{"start":{"line":20,"column":8},"end":{"line":20,"column":33}},"type":"binary-expr","locations":[{"start":{"line":20,"column":8},"end":{"line":20,"column":25}},{"start":{"line":20,"column":29},"end":{"line":20,"column":33}}],"line":20},"1":{"loc":{"start":{"line":21,"column":8},"end":{"line":21,"column":36}},"type":"binary-expr","locations":[{"start":{"line":21,"column":8},"end":{"line":21,"column":28}},{"start":{"line":21,"column":32},"end":{"line":21,"column":36}}],"line":21},"2":{"loc":{"start":{"line":22,"column":8},"end":{"line":22,"column":39}},"type":"binary-expr","locations":[{"start":{"line":22,"column":8},"end":{"line":22,"column":31}},{"start":{"line":22,"column":35},"end":{"line":22,"column":39}}],"line":22},"3":{"loc":{"start":{"line":23,"column":8},"end":{"line":23,"column":37}},"type":"binary-expr","locations":[{"start":{"line":23,"column":8},"end":{"line":23,"column":29}},{"start":{"line":23,"column":33},"end":{"line":23,"column":37}}],"line":23},"4":{"loc":{"start":{"line":24,"column":8},"end":{"line":24,"column":36}},"type":"binary-expr","locations":[{"start":{"line":24,"column":8},"end":{"line":24,"column":28}},{"start":{"line":24,"column":32},"end":{"line":24,"column":36}}],"line":24},"5":{"loc":{"start":{"line":52,"column":12},"end":{"line":52,"column":37}},"type":"binary-expr","locations":[{"start":{"line":52,"column":12},"end":{"line":52,"column":29}},{"start":{"line":52,"column":33},"end":{"line":52,"column":37}}],"line":52},"6":{"loc":{"start":{"line":53,"column":12},"end":{"line":53,"column":40}},"type":"binary-expr","locations":[{"start":{"line":53,"column":12},"end":{"line":53,"column":32}},{"start":{"line":53,"column":36},"end":{"line":53,"column":40}}],"line":53},"7":{"loc":{"start":{"line":54,"column":12},"end":{"line":54,"column":43}},"type":"binary-expr","locations":[{"start":{"line":54,"column":12},"end":{"line":54,"column":35}},{"start":{"line":54,"column":39},"end":{"line":54,"column":43}}],"line":54},"8":{"loc":{"start":{"line":55,"column":12},"end":{"line":55,"column":41}},"type":"binary-expr","locations":[{"start":{"line":55,"column":12},"end":{"line":55,"column":33}},{"start":{"line":55,"column":37},"end":{"line":55,"column":41}}],"line":55},"9":{"loc":{"start":{"line":56,"column":12},"end":{"line":56,"column":40}},"type":"binary-expr","locations":[{"start":{"line":56,"column":12},"end":{"line":56,"column":32}},{"start":{"line":56,"column":36},"end":{"line":56,"column":40}}],"line":56},"10":{"loc":{"start":{"line":99,"column":11},"end":{"line":99,"column":35}},"type":"cond-expr","locations":[{"start":{"line":99,"column":17},"end":{"line":99,"column":28}},{"start":{"line":99,"column":31},"end":{"line":99,"column":35}}],"line":99},"11":{"loc":{"start":{"line":110,"column":4},"end":{"line":113,"column":5}},"type":"if","locations":[{"start":{"line":110,"column":4},"end":{"line":113,"column":5}},{"start":{},"end":{}}],"line":110},"12":{"loc":{"start":{"line":115,"column":4},"end":{"line":119,"column":5}},"type":"if","locations":[{"start":{"line":115,"column":4},"end":{"line":119,"column":5}},{"start":{},"end":{}}],"line":115},"13":{"loc":{"start":{"line":115,"column":8},"end":{"line":115,"column":67}},"type":"binary-expr","locations":[{"start":{"line":115,"column":8},"end":{"line":115,"column":36}},{"start":{"line":115,"column":40},"end":{"line":115,"column":67}}],"line":115},"14":{"loc":{"start":{"line":177,"column":20},"end":{"line":177,"column":51}},"type":"binary-expr","locations":[{"start":{"line":177,"column":20},"end":{"line":177,"column":38}},{"start":{"line":177,"column":42},"end":{"line":177,"column":51}}],"line":177},"15":{"loc":{"start":{"line":178,"column":23},"end":{"line":178,"column":57}},"type":"binary-expr","locations":[{"start":{"line":178,"column":23},"end":{"line":178,"column":44}},{"start":{"line":178,"column":48},"end":{"line":178,"column":57}}],"line":178},"16":{"loc":{"start":{"line":179,"column":26},"end":{"line":179,"column":63}},"type":"binary-expr","locations":[{"start":{"line":179,"column":26},"end":{"line":179,"column":50}},{"start":{"line":179,"column":54},"end":{"line":179,"column":63}}],"line":179},"17":{"loc":{"start":{"line":180,"column":24},"end":{"line":180,"column":59}},"type":"binary-expr","locations":[{"start":{"line":180,"column":24},"end":{"line":180,"column":46}},{"start":{"line":180,"column":50},"end":{"line":180,"column":59}}],"line":180},"18":{"loc":{"start":{"line":181,"column":23},"end":{"line":181,"column":57}},"type":"binary-expr","locations":[{"start":{"line":181,"column":23},"end":{"line":181,"column":44}},{"start":{"line":181,"column":48},"end":{"line":181,"column":57}}],"line":181}},"s":{"0":10,"1":10,"2":10,"3":0,"4":0,"5":0,"6":0,"7":0,"8":0,"9":0,"10":0,"11":0,"12":0,"13":0,"14":0,"15":0,"16":8,"17":8,"18":8,"19":8,"20":0,"21":0,"22":8,"23":2,"24":2,"25":8,"26":8,"27":8,"28":0,"29":0,"30":0,"31":0,"32":0,"33":0,"34":9},"f":{"0":10,"1":0,"2":0,"3":0,"4":0,"5":0,"6":8,"7":0,"8":0,"9":9},"b":{"0":[10,10],"1":[10,10],"2":[10,10],"3":[10,10],"4":[10,10],"5":[0,0],"6":[0,0],"7":[0,0],"8":[0,0],"9":[0,0],"10":[0,0],"11":[0,8],"12":[2,6],"13":[8,2],"14":[9,9],"15":[9,9],"16":[9,9],"17":[9,9],"18":[9,9]},"_coverageSchema":"1a1c01bbd47fc00a2c39e90264f33305004495a9","hash":"197d45b6d644b8a2ca5d6cd81cff0232bbbaacec"}
,"C:\\workspace\\projetoGit\\workspaceRN\\gofinances\\src\\shared\\domain\\errors\\AppError.ts": {"path":"C:\\workspace\\projetoGit\\workspaceRN\\gofinances\\src\\shared\\domain\\errors\\AppError.ts","statementMap":{"0":{"start":{"line":15,"column":4},"end":{"line":15,"column":19}},"1":{"start":{"line":16,"column":4},"end":{"line":16,"column":27}},"2":{"start":{"line":17,"column":4},"end":{"line":17,"column":21}},"3":{"start":{"line":18,"column":4},"end":{"line":18,"column":39}}},"fnMap":{"0":{"name":"(anonymous_0)","decl":{"start":{"line":14,"column":2},"end":{"line":14,"column":3}},"loc":{"start":{"line":14,"column":76},"end":{"line":19,"column":3}},"line":14}},"branchMap":{},"s":{"0":25,"1":25,"2":25,"3":25},"f":{"0":25},"b":{},"_coverageSchema":"1a1c01bbd47fc00a2c39e90264f33305004495a9","hash":"c388d3616408ed61deb1fbd728e42a21d6097c92"}
,"C:\\workspace\\projetoGit\\workspaceRN\\gofinances\\src\\shared\\domain\\value-objects\\Money.ts": {"path":"C:\\workspace\\projetoGit\\workspaceRN\\gofinances\\src\\shared\\domain\\value-objects\\Money.ts","statementMap":{"0":{"start":{"line":5,"column":4},"end":{"line":7,"column":5}},"1":{"start":{"line":6,"column":6},"end":{"line":6,"column":74}},"2":{"start":{"line":8,"column":4},"end":{"line":8,"column":28}},"3":{"start":{"line":12,"column":4},"end":{"line":12,"column":48}},"4":{"start":{"line":16,"column":19},"end":{"line":16,"column":36}},"5":{"start":{"line":17,"column":4},"end":{"line":19,"column":5}},"6":{"start":{"line":18,"column":6},"end":{"line":18,"column":68}},"7":{"start":{"line":20,"column":4},"end":{"line":20,"column":37}},"8":{"start":{"line":24,"column":4},"end":{"line":24,"column":24}},"9":{"start":{"line":28,"column":4},"end":{"line":28,"column":22}},"10":{"start":{"line":32,"column":4},"end":{"line":32,"column":28}},"11":{"start":{"line":36,"column":4},"end":{"line":39,"column":7}},"12":{"start":{"line":43,"column":4},"end":{"line":43,"column":47}},"13":{"start":{"line":47,"column":4},"end":{"line":47,"column":47}},"14":{"start":{"line":51,"column":4},"end":{"line":51,"column":54}},"15":{"start":{"line":55,"column":4},"end":{"line":55,"column":28}},"16":{"start":{"line":59,"column":4},"end":{"line":59,"column":26}},"17":{"start":{"line":63,"column":4},"end":{"line":63,"column":26}},"18":{"start":{"line":67,"column":4},"end":{"line":67,"column":38}},"19":{"start":{"line":71,"column":4},"end":{"line":71,"column":36}},"20":{"start":{"line":75,"column":4},"end":{"line":75,"column":36}},"21":{"start":{"line":79,"column":4},"end":{"line":79,"column":43}},"22":{"start":{"line":83,"column":4},"end":{"line":83,"column":34}}},"fnMap":{"0":{"name":"(anonymous_0)","decl":{"start":{"line":2,"column":2},"end":{"line":2,"column":3}},"loc":{"start":{"line":2,"column":54},"end":{"line":2,"column":56}},"line":2},"1":{"name":"(anonymous_1)","decl":{"start":{"line":4,"column":2},"end":{"line":4,"column":3}},"loc":{"start":{"line":4,"column":41},"end":{"line":9,"column":3}},"line":4},"2":{"name":"(anonymous_2)","decl":{"start":{"line":11,"column":2},"end":{"line":11,"column":3}},"loc":{"start":{"line":11,"column":45},"end":{"line":13,"column":3}},"line":11},"3":{"name":"(anonymous_3)","decl":{"start":{"line":15,"column":2},"end":{"line":15,"column":3}},"loc":{"start":{"line":15,"column":42},"end":{"line":21,"column":3}},"line":15},"4":{"name":"(anonymous_4)","decl":{"start":{"line":23,"column":2},"end":{"line":23,"column":3}},"loc":{"start":{"line":23,"column":23},"end":{"line":25,"column":3}},"line":23},"5":{"name":"(anonymous_5)","decl":{"start":{"line":27,"column":2},"end":{"line":27,"column":3}},"loc":{"start":{"line":27,"column":20},"end":{"line":29,"column":3}},"line":27},"6":{"name":"(anonymous_6)","decl":{"start":{"line":31,"column":2},"end":{"line":31,"column":3}},"loc":{"start":{"line":31,"column":22},"end":{"line":33,"column":3}},"line":31},"7":{"name":"(anonymous_7)","decl":{"start":{"line":35,"column":2},"end":{"line":35,"column":3}},"loc":{"start":{"line":35,"column":74},"end":{"line":40,"column":3}},"line":35},"8":{"name":"(anonymous_8)","decl":{"start":{"line":42,"column":2},"end":{"line":42,"column":3}},"loc":{"start":{"line":42,"column":27},"end":{"line":44,"column":3}},"line":42},"9":{"name":"(anonymous_9)","decl":{"start":{"line":46,"column":2},"end":{"line":46,"column":3}},"loc":{"start":{"line":46,"column":32},"end":{"line":48,"column":3}},"line":46},"10":{"name":"(anonymous_10)","decl":{"start":{"line":50,"column":2},"end":{"line":50,"column":3}},"loc":{"start":{"line":50,"column":34},"end":{"line":52,"column":3}},"line":50},"11":{"name":"(anonymous_11)","decl":{"start":{"line":54,"column":2},"end":{"line":54,"column":3}},"loc":{"start":{"line":54,"column":20},"end":{"line":56,"column":3}},"line":54},"12":{"name":"(anonymous_12)","decl":{"start":{"line":58,"column":2},"end":{"line":58,"column":3}},"loc":{"start":{"line":58,"column":24},"end":{"line":60,"column":3}},"line":58},"13":{"name":"(anonymous_13)","decl":{"start":{"line":62,"column":2},"end":{"line":62,"column":3}},"loc":{"start":{"line":62,"column":24},"end":{"line":64,"column":3}},"line":62},"14":{"name":"(anonymous_14)","decl":{"start":{"line":66,"column":2},"end":{"line":66,"column":3}},"loc":{"start":{"line":66,"column":32},"end":{"line":68,"column":3}},"line":66},"15":{"name":"(anonymous_15)","decl":{"start":{"line":70,"column":2},"end":{"line":70,"column":3}},"loc":{"start":{"line":70,"column":37},"end":{"line":72,"column":3}},"line":70},"16":{"name":"(anonymous_16)","decl":{"start":{"line":74,"column":2},"end":{"line":74,"column":3}},"loc":{"start":{"line":74,"column":34},"end":{"line":76,"column":3}},"line":74},"17":{"name":"(anonymous_17)","decl":{"start":{"line":78,"column":2},"end":{"line":78,"column":3}},"loc":{"start":{"line":78,"column":15},"end":{"line":80,"column":3}},"line":78},"18":{"name":"(anonymous_18)","decl":{"start":{"line":82,"column":2},"end":{"line":82,"column":3}},"loc":{"start":{"line":82,"column":18},"end":{"line":84,"column":3}},"line":82}},"branchMap":{"0":{"loc":{"start":{"line":5,"column":4},"end":{"line":7,"column":5}},"type":"if","locations":[{"start":{"line":5,"column":4},"end":{"line":7,"column":5}},{"start":{},"end":{}}],"line":5},"1":{"loc":{"start":{"line":17,"column":4},"end":{"line":19,"column":5}},"type":"if","locations":[{"start":{"line":17,"column":4},"end":{"line":19,"column":5}},{"start":{},"end":{}}],"line":17},"2":{"loc":{"start":{"line":35,"column":14},"end":{"line":35,"column":38}},"type":"default-arg","locations":[{"start":{"line":35,"column":31},"end":{"line":35,"column":38}}],"line":35},"3":{"loc":{"start":{"line":35,"column":40},"end":{"line":35,"column":64}},"type":"default-arg","locations":[{"start":{"line":35,"column":59},"end":{"line":35,"column":64}}],"line":35}},"s":{"0":58,"1":1,"2":57,"3":9,"4":2,"5":2,"6":1,"7":1,"8":1,"9":15,"10":1,"11":36,"12":2,"13":1,"14":2,"15":2,"16":2,"17":2,"18":1,"19":1,"20":1,"21":1,"22":1},"f":{"0":74,"1":58,"2":9,"3":2,"4":1,"5":15,"6":1,"7":36,"8":2,"9":1,"10":2,"11":2,"12":2,"13":2,"14":1,"15":1,"16":1,"17":1,"18":1},"b":{"0":[1,57],"1":[1,1],"2":[35],"3":[35]},"_coverageSchema":"1a1c01bbd47fc00a2c39e90264f33305004495a9","hash":"c39cc82e4e4c8dc034b714e2d76eba1efb99d767"}
,"C:\\workspace\\projetoGit\\workspaceRN\\gofinances\\src\\shared\\infra\\database\\database.ts": {"path":"C:\\workspace\\projetoGit\\workspaceRN\\gofinances\\src\\shared\\infra\\database\\database.ts","statementMap":{"0":{"start":{"line":4,"column":39},"end":{"line":4,"column":43}},"1":{"start":{"line":7,"column":2},"end":{"line":7,"column":20}},"2":{"start":{"line":7,"column":10},"end":{"line":7,"column":20}},"3":{"start":{"line":9,"column":2},"end":{"line":9,"column":55}},"4":{"start":{"line":11,"column":2},"end":{"line":11,"column":51}},"5":{"start":{"line":12,"column":2},"end":{"line":12,"column":50}},"6":{"start":{"line":14,"column":2},"end":{"line":16,"column":3}},"7":{"start":{"line":15,"column":4},"end":{"line":15,"column":30}},"8":{"start":{"line":18,"column":2},"end":{"line":18,"column":12}},"9":{"start":{"line":22,"column":2},"end":{"line":25,"column":3}},"10":{"start":{"line":23,"column":4},"end":{"line":23,"column":26}},"11":{"start":{"line":24,"column":4},"end":{"line":24,"column":14}}},"fnMap":{"0":{"name":"getDatabase","decl":{"start":{"line":6,"column":22},"end":{"line":6,"column":33}},"loc":{"start":{"line":6,"column":68},"end":{"line":19,"column":1}},"line":6},"1":{"name":"closeDatabase","decl":{"start":{"line":21,"column":22},"end":{"line":21,"column":35}},"loc":{"start":{"line":21,"column":53},"end":{"line":26,"column":1}},"line":21}},"branchMap":{"0":{"loc":{"start":{"line":7,"column":2},"end":{"line":7,"column":20}},"type":"if","locations":[{"start":{"line":7,"column":2},"end":{"line":7,"column":20}},{"start":{},"end":{}}],"line":7},"1":{"loc":{"start":{"line":22,"column":2},"end":{"line":25,"column":3}},"type":"if","locations":[{"start":{"line":22,"column":2},"end":{"line":25,"column":3}},{"start":{},"end":{}}],"line":22}},"s":{"0":10,"1":51,"2":24,"3":27,"4":27,"5":27,"6":27,"7":189,"8":27,"9":39,"10":20,"11":20},"f":{"0":51,"1":39},"b":{"0":[24,27],"1":[20,19]},"_coverageSchema":"1a1c01bbd47fc00a2c39e90264f33305004495a9","hash":"cebe307c482adc2892d140792e332497d317b16f"}
,"C:\\workspace\\projetoGit\\workspaceRN\\gofinances\\src\\shared\\infra\\database\\schema.ts": {"path":"C:\\workspace\\projetoGit\\workspaceRN\\gofinances\\src\\shared\\infra\\database\\schema.ts","statementMap":{"0":{"start":{"line":1,"column":37},"end":{"line":16,"column":1}},"1":{"start":{"line":18,"column":41},"end":{"line":35,"column":1}},"2":{"start":{"line":37,"column":41},"end":{"line":60,"column":1}},"3":{"start":{"line":62,"column":37},"end":{"line":80,"column":1}},"4":{"start":{"line":82,"column":36},"end":{"line":98,"column":1}},"5":{"start":{"line":100,"column":38},"end":{"line":116,"column":1}},"6":{"start":{"line":118,"column":39},"end":{"line":129,"column":1}},"7":{"start":{"line":131,"column":26},"end":{"line":139,"column":1}}},"fnMap":{},"branchMap":{},"s":{"0":10,"1":10,"2":10,"3":10,"4":10,"5":10,"6":10,"7":10},"f":{},"b":{},"_coverageSchema":"1a1c01bbd47fc00a2c39e90264f33305004495a9","hash":"d55630e4f305d900f6cf260e821bfde4bd589882"}
,"C:\\workspace\\projetoGit\\workspaceRN\\gofinances\\src\\shared\\utils\\categories.ts": {"path":"C:\\workspace\\projetoGit\\workspaceRN\\gofinances\\src\\shared\\utils\\categories.ts","statementMap":{"0":{"start":{"line":1,"column":26},"end":{"line":8,"column":1}}},"fnMap":{},"branchMap":{},"s":{"0":3},"f":{},"b":{},"_coverageSchema":"1a1c01bbd47fc00a2c39e90264f33305004495a9","hash":"0628afa9d33534f8f6dc65329dc54170c9dd78ef"}
}
