TN:
SF:src\features\accounts\application\createAccount.ts
FN:16,createAccount
FNF:1
FNH:1
FNDA:7,createAccount
DA:14,2
DA:17,7
DA:18,2
DA:21,5
DA:23,5
DA:38,5
LF:6
LH:6
BRDA:17,0,0,2
BRDA:17,0,1,5
BRDA:29,1,0,5
BRDA:29,1,1,4
BRDA:30,2,0,5
BRDA:30,2,1,4
BRF:6
BRH:6
end_of_record
TN:
SF:src\features\accounts\application\createCreditCard.ts
FN:18,createCreditCard
FNF:1
FNH:1
FNDA:8,createCreditCard
DA:16,1
DA:19,8
DA:20,1
DA:23,7
DA:24,1
DA:27,6
DA:28,2
DA:31,4
DA:32,2
DA:35,2
DA:37,2
DA:53,2
LF:12
LH:12
BRDA:19,0,0,1
BRDA:19,0,1,7
BRDA:23,1,0,1
BRDA:23,1,1,6
BRDA:27,2,0,2
BRDA:27,2,1,4
BRDA:27,3,0,6
BRDA:27,3,1,5
BRDA:31,4,0,2
BRDA:31,4,1,2
BRDA:31,5,0,4
BRDA:31,5,1,3
BRDA:44,6,0,2
BRDA:44,6,1,1
BRF:14
BRH:14
end_of_record
TN:
SF:src\features\accounts\application\listAccounts.ts
FN:6,listAccounts
FNF:1
FNH:1
FNDA:2,listAccounts
DA:4,1
DA:7,2
LF:2
LH:2
BRF:0
BRH:0
end_of_record
TN:
SF:src\features\accounts\domain\calculateAccountBalance.ts
FN:10,calculateAccountBalance
FNF:1
FNH:1
FNDA:19,calculateAccountBalance
DA:14,19
DA:15,19
DA:16,19
DA:18,19
DA:19,43
DA:20,41
DA:22,40
DA:24,40
DA:25,22
DA:28,18
DA:32,19
LF:11
LH:11
BRDA:19,0,0,2
BRDA:19,0,1,41
BRDA:20,1,0,1
BRDA:20,1,1,40
BRDA:20,2,0,41
BRDA:20,2,1,3
BRDA:24,3,0,22
BRDA:24,3,1,18
BRF:8
BRH:8
end_of_record
TN:
SF:src\features\accounts\domain\invoiceRules.ts
FN:4,calculateInvoiceTotal
FN:6,(anonymous_1)
FN:7,(anonymous_2)
FN:18,getInvoiceStatus
FN:55,daysInMonth
FN:59,padTwo
FN:63,generateInvoiceDates
FNF:7
FNH:7
FNDA:3,calculateInvoiceTotal
FNDA:5,(anonymous_1)
FNDA:4,(anonymous_2)
FNDA:7,getInvoiceStatus
FNDA:4,daysInMonth
FNDA:16,padTwo
FNDA:4,generateInvoiceDates
DA:5,3
DA:6,5
DA:7,4
DA:19,7
DA:21,7
DA:22,1
DA:25,6
DA:26,6
DA:27,6
DA:29,6
DA:30,2
DA:33,4
DA:34,2
DA:35,1
DA:37,1
DA:40,2
DA:56,4
DA:60,16
DA:64,4
DA:66,4
DA:67,4
DA:69,4
DA:71,4
DA:72,4
DA:74,4
DA:75,3
DA:76,3
DA:77,1
DA:78,1
DA:82,4
DA:84,4
LF:31
LH:31
BRDA:21,0,0,1
BRDA:21,0,1,6
BRDA:21,1,0,7
BRDA:21,1,1,2
BRDA:29,2,0,2
BRDA:29,2,1,4
BRDA:29,3,0,6
BRDA:29,3,1,2
BRDA:33,4,0,2
BRDA:33,4,1,2
BRDA:34,5,0,1
BRDA:34,5,1,1
BRDA:34,6,0,2
BRDA:34,6,1,1
BRDA:74,7,0,3
BRDA:74,7,1,1
BRDA:76,8,0,1
BRDA:76,8,1,2
BRF:18
BRH:18
end_of_record
TN:
SF:src\features\budget\application\createBudget.ts
FN:17,createBudget
FNF:1
FNH:1
FNDA:6,createBudget
DA:6,2
DA:18,6
DA:19,2
DA:21,4
DA:22,2
DA:25,2
DA:26,2
DA:41,2
LF:8
LH:8
BRDA:18,0,0,2
BRDA:18,0,1,4
BRDA:21,1,0,2
BRDA:21,1,1,2
BRF:4
BRH:4
end_of_record
TN:
SF:src\features\budget\application\listBudgets.ts
FN:17,listBudgets
FN:23,(anonymous_1)
FNF:2
FNH:2
FNDA:2,listBudgets
FNDA:1,(anonymous_1)
DA:10,1
DA:22,2
DA:23,2
LF:3
LH:3
BRF:0
BRH:0
end_of_record
TN:
SF:src\features\budget\domain\budgetRules.ts
FN:7,calculateBudgetConsumption
FN:24,checkBudgetAlert
FN:43,applyRollover
FNF:3
FNH:3
FNDA:6,calculateBudgetConsumption
FNDA:7,checkBudgetAlert
FNDA:4,applyRollover
DA:11,6
DA:12,1
DA:15,5
DA:28,7
DA:30,6
DA:32,6
DA:33,4
DA:34,2
DA:44,4
DA:45,4
DA:46,4
LF:11
LH:11
BRDA:11,0,0,1
BRDA:11,0,1,5
BRDA:28,1,0,1
BRDA:28,1,1,6
BRDA:32,2,0,2
BRDA:32,2,1,4
BRDA:33,3,0,2
BRDA:33,3,1,2
BRF:8
BRH:8
end_of_record
TN:
SF:src\features\calendar\application\createReminder.ts
FN:17,createReminder
FNF:1
FNH:1
FNDA:7,createReminder
DA:6,1
DA:18,7
DA:19,2
DA:21,5
DA:22,1
DA:25,4
DA:26,4
DA:39,4
DA:41,4
DA:42,4
DA:52,4
LF:11
LH:11
BRDA:18,0,0,2
BRDA:18,0,1,5
BRDA:21,1,0,1
BRDA:21,1,1,4
BRDA:33,2,0,4
BRDA:33,2,1,3
BRDA:46,3,0,4
BRDA:46,3,1,0
BRF:8
BRH:7
end_of_record
TN:
SF:src\features\calendar\application\getUpcomingDues.ts
FN:7,getUpcomingDues
FNF:1
FNH:1
FNDA:1,getUpcomingDues
DA:5,1
DA:8,1
DA:9,1
DA:10,1
LF:4
LH:4
BRDA:7,0,0,0
BRF:1
BRH:0
end_of_record
TN:
SF:src\features\calendar\domain\upcomingDues.ts
FN:11,calculateUpcomingDues
FN:19,(anonymous_1)
FN:25,(anonymous_2)
FN:28,shouldNotify
FNF:4
FNH:4
FNDA:7,calculateUpcomingDues
FNDA:24,(anonymous_1)
FNDA:5,(anonymous_2)
FNDA:4,shouldNotify
DA:16,7
DA:18,7
DA:20,24
DA:21,18
DA:22,18
DA:23,18
DA:25,5
DA:29,4
DA:30,4
LF:9
LH:9
BRDA:20,0,0,6
BRDA:20,0,1,18
BRDA:23,1,0,18
BRDA:23,1,1,13
BRDA:30,2,0,4
BRDA:30,2,1,3
BRF:6
BRH:6
end_of_record
TN:
SF:src\features\calendar\infra\notificationService.ts
FN:6,getNotifications
FN:11,(anonymous_1)
FN:25,requestNotificationPermissions
FN:40,scheduleReminderNotification
FN:76,cancelNotification
FN:86,cancelAllNotifications
FN:96,setupNotificationChannel
FNF:7
FNH:2
FNDA:4,getNotifications
FNDA:0,(anonymous_1)
FNDA:0,requestNotificationPermissions
FNDA:4,scheduleReminderNotification
FNDA:0,cancelNotification
FNDA:0,cancelAllNotifications
FNDA:0,setupNotificationChannel
DA:4,1
DA:7,4
DA:8,4
DA:9,4
DA:10,0
DA:11,0
DA:19,0
DA:21,4
DA:26,0
DA:27,0
DA:29,0
DA:30,0
DA:31,0
DA:33,0
DA:34,0
DA:36,0
DA:46,4
DA:47,4
DA:49,0
DA:50,0
DA:52,0
DA:53,0
DA:55,0
DA:56,0
DA:58,0
DA:59,0
DA:70,0
DA:72,0
DA:77,0
DA:78,0
DA:79,0
DA:80,0
DA:87,0
DA:88,0
DA:89,0
DA:90,0
DA:97,0
DA:98,0
DA:99,0
DA:100,0
DA:101,0
LF:41
LH:7
BRDA:7,0,0,0
BRDA:7,0,1,4
BRDA:27,1,0,0
BRDA:27,1,1,0
BRDA:31,2,0,0
BRDA:31,2,1,0
BRDA:47,3,0,4
BRDA:47,3,1,0
BRDA:50,4,0,0
BRDA:50,4,1,0
BRDA:56,5,0,0
BRDA:56,5,1,0
BRDA:78,6,0,0
BRDA:78,6,1,0
BRDA:88,7,0,0
BRDA:88,7,1,0
BRDA:97,8,0,0
BRDA:97,8,1,0
BRDA:99,9,0,0
BRDA:99,9,1,0
BRF:20
BRH:2
end_of_record
TN:
SF:src\features\cashflow\application\getCashFlowProjection.ts
FN:24,getCashFlowProjection
FN:30,(anonymous_1)
FN:31,(anonymous_2)
FNF:3
FNH:3
FNDA:5,getCashFlowProjection
FNDA:5,(anonymous_1)
FNDA:4,(anonymous_2)
DA:12,1
DA:13,1
DA:25,5
DA:30,5
DA:31,5
DA:33,5
DA:34,5
DA:37,5
DA:38,5
DA:39,5
DA:42,5
DA:43,5
DA:46,5
DA:48,5
LF:14
LH:14
BRF:0
BRH:0
end_of_record
TN:
SF:src\features\cashflow\domain\cashFlowRules.ts
FN:32,detectRecurringPatterns
FN:33,(anonymous_1)
FN:48,(anonymous_2)
FN:51,(anonymous_3)
FN:52,(anonymous_4)
FN:70,projectRecurring
FN:116,projectInstallments
FN:136,(anonymous_7)
FN:169,buildProjection
FN:180,(anonymous_9)
FN:185,(anonymous_10)
FN:207,daysInMonth
FNF:12
FNH:12
FNDA:9,detectRecurringPatterns
FNDA:14,(anonymous_1)
FNDA:8,(anonymous_2)
FNDA:12,(anonymous_3)
FNDA:12,(anonymous_4)
FNDA:9,projectRecurring
FNDA:8,projectInstallments
FNDA:4,(anonymous_7)
FNDA:9,buildProjection
FNDA:27,(anonymous_9)
FNDA:33,(anonymous_10)
FNDA:11,daysInMonth
DA:33,14
DA:35,9
DA:36,9
DA:37,13
DA:38,13
DA:39,13
DA:40,13
DA:43,9
DA:45,9
DA:46,5
DA:48,8
DA:50,4
DA:51,12
DA:52,12
DA:54,4
DA:64,9
DA:75,9
DA:77,8
DA:78,8
DA:80,8
DA:82,8
DA:83,4
DA:85,4
DA:86,4
DA:89,4
DA:90,0
DA:91,0
DA:94,4
DA:95,7
DA:102,7
DA:103,7
DA:104,7
DA:105,7
DA:109,8
DA:121,8
DA:122,8
DA:124,8
DA:125,8
DA:126,11
DA:127,8
DA:128,8
DA:129,8
DA:132,8
DA:134,8
DA:135,4
DA:136,4
DA:139,4
DA:140,4
DA:141,4
DA:143,4
DA:145,3
DA:146,3
DA:148,3
DA:149,19
DA:150,19
DA:152,19
DA:153,6
DA:163,8
DA:174,9
DA:180,9
DA:181,27
DA:182,27
DA:184,27
DA:185,33
DA:188,27
DA:189,27
DA:191,27
DA:192,27
DA:193,20
DA:196,27
DA:208,11
LF:71
LH:69
BRDA:33,0,0,14
BRDA:33,0,1,13
BRDA:38,1,0,13
BRDA:38,1,1,5
BRDA:46,2,0,1
BRDA:46,2,1,4
BRDA:75,3,0,1
BRDA:75,3,1,8
BRDA:89,4,0,0
BRDA:89,4,1,4
BRDA:126,5,0,3
BRDA:126,5,1,8
BRDA:126,6,0,11
BRDA:126,6,1,8
BRDA:127,7,0,8
BRDA:127,7,1,4
BRDA:136,8,0,4
BRDA:136,8,1,0
BRDA:136,9,0,4
BRDA:136,9,1,0
BRDA:141,10,0,4
BRDA:141,10,1,0
BRDA:143,11,0,1
BRDA:143,11,1,3
BRDA:152,12,0,6
BRDA:152,12,1,13
BRDA:152,13,0,19
BRDA:152,13,1,19
BRDA:185,14,0,33
BRDA:185,14,1,27
BRDA:192,15,0,7
BRDA:192,15,1,20
BRF:32
BRH:28
end_of_record
TN:
SF:src\features\goals\application\contributeToGoal.ts
FN:7,contributeToGoal
FNF:1
FNH:1
FNDA:6,contributeToGoal
DA:5,1
DA:8,6
DA:9,2
DA:12,4
DA:13,4
DA:14,1
DA:16,3
DA:17,1
DA:20,2
DA:21,2
DA:22,0
DA:25,2
DA:26,1
DA:27,1
DA:30,1
LF:15
LH:14
BRDA:8,0,0,2
BRDA:8,0,1,4
BRDA:13,1,0,1
BRDA:13,1,1,3
BRDA:16,2,0,1
BRDA:16,2,1,2
BRDA:21,3,0,0
BRDA:21,3,1,2
BRDA:25,4,0,1
BRDA:25,4,1,1
BRDA:25,5,0,2
BRDA:25,5,1,1
BRF:12
BRH:11
end_of_record
TN:
SF:src\features\goals\application\createGoal.ts
FN:17,createGoal
FNF:1
FNH:1
FNDA:5,createGoal
DA:6,1
DA:18,5
DA:19,1
DA:21,4
DA:22,2
DA:25,2
DA:26,2
DA:42,2
LF:8
LH:8
BRDA:18,0,0,1
BRDA:18,0,1,4
BRDA:21,1,0,2
BRDA:21,1,1,2
BRDA:34,2,0,2
BRDA:34,2,1,1
BRDA:35,3,0,2
BRDA:35,3,1,1
BRF:8
BRH:8
end_of_record
TN:
SF:src\features\goals\application\listGoals.ts
FN:6,listGoals
FNF:1
FNH:0
FNDA:0,listGoals
DA:4,0
DA:7,0
LF:2
LH:0
BRF:0
BRH:0
end_of_record
TN:
SF:src\features\goals\domain\goalRules.ts
FN:3,goalProgress
FN:8,goalRemaining
FN:12,monthlyProjection
FN:23,isGoalDelayed
FN:33,daysUntilTarget
FNF:5
FNH:5
FNDA:5,goalProgress
FNDA:8,goalRemaining
FNDA:5,monthlyProjection
FNDA:4,isGoalDelayed
FNDA:3,daysUntilTarget
DA:4,5
DA:5,4
DA:9,8
DA:17,5
DA:18,5
DA:19,4
DA:20,2
DA:28,4
DA:29,3
DA:30,2
DA:34,3
DA:35,2
DA:36,2
LF:13
LH:13
BRDA:4,0,0,1
BRDA:4,0,1,4
BRDA:18,1,0,1
BRDA:18,1,1,4
BRDA:19,2,0,2
BRDA:19,2,1,2
BRDA:28,3,0,1
BRDA:28,3,1,3
BRDA:29,4,0,1
BRDA:29,4,1,2
BRDA:34,5,0,1
BRDA:34,5,1,2
BRF:12
BRH:12
end_of_record
TN:
SF:src\features\import-export\application\exportTransactions.ts
FN:4,exportToCSV
FNF:1
FNH:1
FNDA:2,exportToCSV
DA:5,2
LF:1
LH:1
BRF:0
BRH:0
end_of_record
TN:
SF:src\features\import-export\application\importTransactions.ts
FN:11,processCSVImport
FN:23,(anonymous_1)
FNF:2
FNH:2
FNDA:5,processCSVImport
FNDA:7,(anonymous_1)
DA:18,5
DA:19,5
DA:20,5
DA:22,5
DA:23,7
DA:40,5
LF:6
LH:6
BRF:0
BRH:0
end_of_record
TN:
SF:src\features\import-export\domain\csvExporter.ts
FN:4,transactionsToCSV
FN:6,(anonymous_1)
FNF:2
FNH:2
FNDA:7,transactionsToCSV
FNDA:8,(anonymous_1)
DA:5,7
DA:6,7
DA:7,8
DA:8,8
DA:9,8
DA:11,7
LF:6
LH:6
BRDA:8,0,0,1
BRDA:8,0,1,7
BRF:2
BRH:2
end_of_record
TN:
SF:src\features\import-export\domain\csvParser.ts
FN:26,normalizeAmountBR
FN:48,normalizeDateBR
FN:71,splitCSVLine
FN:91,parseCSV
FN:93,(anonymous_4)
FN:99,(anonymous_5)
FN:155,deduplicateByHash
FN:157,(anonymous_7)
FNF:8
FNH:8
FNDA:23,normalizeAmountBR
FNDA:19,normalizeDateBR
FNDA:28,splitCSVLine
FNDA:11,parseCSV
FNDA:29,(anonymous_4)
FNDA:42,(anonymous_5)
FNDA:7,deduplicateByHash
FNDA:13,(anonymous_7)
DA:27,23
DA:28,23
DA:29,23
DA:31,23
DA:35,23
DA:37,12
DA:38,12
DA:41,11
DA:44,23
DA:45,23
DA:49,19
DA:52,19
DA:53,1
DA:57,18
DA:58,18
DA:59,18
DA:60,18
DA:61,18
DA:62,18
DA:63,1
DA:65,18
DA:68,0
DA:72,28
DA:73,28
DA:74,28
DA:76,28
DA:77,840
DA:78,840
DA:79,14
DA:80,826
DA:81,80
DA:82,80
DA:84,746
DA:87,28
DA:88,28
DA:92,11
DA:93,29
DA:95,11
DA:96,0
DA:99,42
DA:101,11
DA:102,11
DA:103,11
DA:104,11
DA:106,11
DA:107,0
DA:109,11
DA:110,0
DA:112,11
DA:113,0
DA:115,11
DA:116,1
DA:119,10
DA:120,10
DA:122,10
DA:123,17
DA:125,17
DA:126,17
DA:127,17
DA:128,17
DA:130,17
DA:131,2
DA:132,2
DA:135,15
DA:138,15
DA:139,13
DA:141,2
DA:144,15
DA:152,10
DA:156,7
DA:157,7
DA:158,13
DA:159,13
DA:160,11
DA:161,11
LF:75
LH:70
BRDA:29,0,0,2
BRDA:29,0,1,21
BRDA:35,1,0,12
BRDA:35,1,1,11
BRDA:45,2,0,2
BRDA:45,2,1,21
BRDA:52,3,0,1
BRDA:52,3,1,18
BRDA:58,4,0,18
BRDA:58,4,1,0
BRDA:62,5,0,1
BRDA:62,5,1,17
BRDA:78,6,0,14
BRDA:78,6,1,826
BRDA:80,7,0,80
BRDA:80,7,1,746
BRDA:80,8,0,826
BRDA:80,8,1,87
BRDA:92,9,0,11
BRDA:92,9,1,10
BRDA:95,10,0,0
BRDA:95,10,1,11
BRDA:104,11,0,10
BRDA:104,11,1,1
BRDA:106,12,0,0
BRDA:106,12,1,11
BRDA:109,13,0,0
BRDA:109,13,1,11
BRDA:112,14,0,0
BRDA:112,14,1,11
BRDA:115,15,0,1
BRDA:115,15,1,10
BRDA:115,16,0,11
BRDA:115,16,1,10
BRDA:125,17,0,17
BRDA:125,17,1,0
BRDA:126,18,0,17
BRDA:126,18,1,0
BRDA:127,19,0,17
BRDA:127,19,1,0
BRDA:128,20,0,15
BRDA:128,20,1,2
BRDA:128,21,0,15
BRDA:128,21,1,0
BRDA:130,22,0,2
BRDA:130,22,1,15
BRDA:138,23,0,13
BRDA:138,23,1,2
BRDA:139,24,0,3
BRDA:139,24,1,10
BRDA:141,25,0,1
BRDA:141,25,1,1
BRDA:159,26,0,2
BRDA:159,26,1,11
BRF:54
BRH:45
end_of_record
TN:
SF:src\features\insights\application\generateInsights.ts
FN:13,groupByMonth
FN:30,generateInsights
FN:46,(anonymous_2)
FN:67,(anonymous_3)
FN:121,sumExpensesByCategory
FNF:5
FNH:5
FNDA:4,groupByMonth
FNDA:5,generateInsights
FNDA:14,(anonymous_2)
FNDA:10,(anonymous_3)
FNDA:8,sumExpensesByCategory
DA:11,1
DA:14,4
DA:15,4
DA:16,14
DA:17,14
DA:18,14
DA:19,14
DA:21,4
DA:35,5
DA:36,5
DA:38,4
DA:39,4
DA:41,4
DA:42,4
DA:44,4
DA:45,4
DA:46,14
DA:50,4
DA:51,4
DA:52,2
DA:67,10
DA:68,4
DA:69,4
DA:70,1
DA:85,4
DA:86,4
DA:87,4
DA:89,4
DA:90,4
DA:92,4
DA:94,4
DA:95,4
DA:96,4
DA:97,4
DA:99,4
DA:100,3
DA:101,3
DA:102,3
DA:118,4
DA:122,8
DA:123,8
DA:124,8
DA:125,8
DA:127,8
LF:44
LH:44
BRDA:17,0,0,14
BRDA:17,0,1,14
BRDA:36,1,0,1
BRDA:36,1,1,4
BRDA:44,2,0,4
BRDA:44,2,1,0
BRDA:67,3,0,10
BRDA:67,3,1,0
BRDA:85,4,0,4
BRDA:85,4,1,0
BRDA:87,5,0,4
BRDA:87,5,1,0
BRDA:95,6,0,4
BRDA:95,6,1,0
BRDA:96,7,0,4
BRDA:96,7,1,0
BRDA:99,8,0,3
BRDA:99,8,1,1
BRDA:100,9,0,3
BRDA:100,9,1,0
BRDA:124,10,0,0
BRDA:124,10,1,8
BRDA:125,11,0,8
BRDA:125,11,1,8
BRF:24
BRH:16
end_of_record
TN:
SF:src\features\insights\domain\insightRules.ts
FN:24,detectRecurringExpenses
FN:25,(anonymous_1)
FN:38,(anonymous_2)
FN:41,(anonymous_3)
FN:42,(anonymous_4)
FN:44,(anonymous_5)
FN:63,detectSpendingAnomalies
FN:69,(anonymous_7)
FN:74,(anonymous_8)
FN:89,(anonymous_9)
FN:109,categorizeTrend
FN:117,sumByCategory
FNF:12
FNH:12
FNDA:11,detectRecurringExpenses
FNDA:37,(anonymous_1)
FNDA:34,(anonymous_2)
FNDA:27,(anonymous_3)
FNDA:27,(anonymous_4)
FNDA:22,(anonymous_5)
FNDA:9,detectSpendingAnomalies
FNDA:9,(anonymous_7)
FNDA:21,(anonymous_8)
FNDA:20,(anonymous_9)
FNDA:10,categorizeTrend
FNDA:27,sumByCategory
DA:25,37
DA:27,11
DA:28,11
DA:29,34
DA:30,34
DA:31,34
DA:32,34
DA:35,11
DA:37,11
DA:38,34
DA:39,11
DA:41,27
DA:42,27
DA:44,22
DA:45,8
DA:47,6
DA:56,11
DA:67,9
DA:69,9
DA:70,8
DA:72,8
DA:73,8
DA:74,21
DA:75,19
DA:76,19
DA:77,20
DA:78,20
DA:79,20
DA:83,8
DA:85,8
DA:86,8
DA:87,8
DA:89,20
DA:90,8
DA:92,8
DA:93,8
DA:94,3
DA:103,8
DA:110,10
DA:111,8
DA:112,8
DA:113,4
DA:114,3
DA:118,27
DA:119,27
DA:120,28
DA:122,27
LF:47
LH:47
BRDA:30,0,0,34
BRDA:30,0,1,11
BRDA:39,1,0,3
BRDA:39,1,1,8
BRDA:45,2,0,2
BRDA:45,2,1,6
BRDA:67,3,0,1
BRDA:67,3,1,8
BRDA:77,4,0,20
BRDA:77,4,1,8
BRDA:87,5,0,0
BRDA:87,5,1,8
BRDA:87,6,0,8
BRDA:87,6,1,8
BRDA:90,7,0,0
BRDA:90,7,1,8
BRDA:93,8,0,3
BRDA:93,8,1,5
BRDA:110,9,0,2
BRDA:110,9,1,8
BRDA:110,10,0,1
BRDA:110,10,1,1
BRDA:112,11,0,4
BRDA:112,11,1,4
BRDA:113,12,0,1
BRDA:113,12,1,3
BRDA:120,13,0,28
BRDA:120,13,1,28
BRF:28
BRH:26
end_of_record
TN:
SF:src\features\open-finance\application\syncOpenFinance.ts
FN:18,syncOpenFinanceTransactions
FN:34,(anonymous_1)
FNF:2
FNH:0
FNDA:0,syncOpenFinanceTransactions
FNDA:0,(anonymous_1)
DA:12,0
DA:25,0
DA:26,0
DA:32,0
DA:34,0
DA:35,0
DA:38,0
DA:39,0
DA:41,0
DA:42,0
DA:45,0
LF:11
LH:0
BRDA:25,0,0,0
BRDA:25,0,1,0
BRDA:41,1,0,0
BRDA:41,1,1,0
BRF:4
BRH:0
end_of_record
TN:
SF:src\features\open-finance\domain\openFinanceRules.ts
FN:19,mapProviderTransaction
FN:46,isConsentValid
FN:54,needsConsentRenewal
FN:64,deduplicateImported
FN:69,(anonymous_4)
FN:72,(anonymous_5)
FN:78,mapCategory
FNF:7
FNH:7
FNDA:4,mapProviderTransaction
FNDA:4,isConsentValid
FNDA:3,needsConsentRenewal
FNDA:4,deduplicateImported
FNDA:3,(anonymous_4)
FNDA:7,(anonymous_5)
FNDA:4,mapCategory
DA:14,1
DA:24,4
DA:47,4
DA:48,2
DA:55,3
DA:56,3
DA:57,3
DA:68,4
DA:69,3
DA:72,4
DA:73,7
DA:74,7
DA:79,4
DA:89,4
LF:14
LH:14
BRDA:28,0,0,2
BRDA:28,0,1,2
BRDA:47,1,0,2
BRDA:47,1,1,2
BRDA:89,2,0,4
BRDA:89,2,1,1
BRF:6
BRH:6
end_of_record
TN:
SF:src\features\resume\application\getCategoryBreakdown.ts
FN:16,getCategoryBreakdown
FN:23,(anonymous_1)
FN:24,(anonymous_2)
FN:30,(anonymous_3)
FN:32,(anonymous_4)
FNF:5
FNH:5
FNDA:2,getCategoryBreakdown
FNDA:2,(anonymous_1)
FNDA:2,(anonymous_2)
FNDA:6,(anonymous_3)
FNDA:12,(anonymous_4)
DA:5,1
DA:21,2
DA:23,2
DA:24,2
DA:26,2
DA:28,1
DA:30,1
DA:31,6
DA:32,6
DA:33,12
DA:34,2
DA:38,6
DA:39,2
DA:50,1
LF:14
LH:14
BRDA:26,0,0,1
BRDA:26,0,1,1
BRDA:33,1,0,2
BRDA:33,1,1,10
BRDA:38,2,0,2
BRDA:38,2,1,4
BRF:6
BRH:6
end_of_record
TN:
SF:src\features\resume\domain\aggregateByCategory.ts
FN:20,aggregateByCategory
FN:25,(anonymous_1)
FN:30,(anonymous_2)
FNF:3
FNH:3
FNDA:17,aggregateByCategory
FNDA:45,(anonymous_1)
FNDA:23,(anonymous_2)
DA:25,17
DA:26,45
DA:27,45
DA:30,23
DA:32,17
DA:33,2
DA:36,15
DA:38,15
DA:39,90
DA:41,90
DA:42,138
DA:43,23
DA:47,90
DA:48,22
DA:53,22
DA:55,22
DA:66,15
LF:17
LH:17
BRDA:27,0,0,45
BRDA:27,0,1,43
BRDA:27,0,2,23
BRDA:32,1,0,2
BRDA:32,1,1,15
BRDA:42,2,0,23
BRDA:42,2,1,115
BRDA:47,3,0,22
BRDA:47,3,1,68
BRF:9
BRH:9
end_of_record
TN:
SF:src\features\sharing\application\inviteUser.ts
FN:8,inviteUser
FN:20,(anonymous_1)
FNF:2
FNH:2
FNDA:4,inviteUser
FNDA:1,(anonymous_1)
DA:6,1
DA:13,4
DA:14,4
DA:15,2
DA:18,2
DA:19,2
DA:20,1
DA:22,2
DA:23,1
DA:26,1
DA:38,1
LF:11
LH:11
BRDA:14,0,0,2
BRDA:14,0,1,2
BRDA:20,1,0,1
BRDA:20,1,1,1
BRDA:20,1,2,0
BRDA:22,2,0,1
BRDA:22,2,1,1
BRF:7
BRH:6
end_of_record
TN:
SF:src\features\sharing\application\revokeAccess.ts
FN:6,revokeAccess
FNF:1
FNH:1
FNDA:1,revokeAccess
DA:4,1
DA:7,1
LF:2
LH:2
BRF:0
BRH:0
end_of_record
TN:
SF:src\features\sharing\domain\sharingRules.ts
FN:7,canUserRead
FN:11,(anonymous_1)
FN:22,canUserEdit
FN:26,(anonymous_3)
FN:33,isOwner
FN:40,validateInvite
FN:60,getActiveShares
FN:61,(anonymous_7)
FNF:8
FNH:8
FNDA:6,canUserRead
FNDA:4,(anonymous_1)
FNDA:3,canUserEdit
FNDA:2,(anonymous_3)
FNDA:2,isOwner
FNDA:9,validateInvite
FNDA:2,getActiveShares
FNDA:4,(anonymous_7)
DA:8,6
DA:10,5
DA:12,4
DA:23,3
DA:25,2
DA:26,2
DA:34,2
DA:41,9
DA:42,2
DA:45,7
DA:46,7
DA:47,1
DA:50,6
DA:51,2
DA:54,4
DA:61,4
LF:16
LH:16
BRDA:8,0,0,1
BRDA:8,0,1,5
BRDA:12,1,0,4
BRDA:12,1,1,4
BRDA:12,1,2,2
BRDA:12,1,3,1
BRDA:23,2,0,1
BRDA:23,2,1,2
BRDA:26,3,0,2
BRDA:26,3,1,2
BRDA:26,3,2,2
BRDA:41,4,0,2
BRDA:41,4,1,7
BRDA:41,5,0,9
BRDA:41,5,1,7
BRDA:46,6,0,1
BRDA:46,6,1,6
BRDA:50,7,0,2
BRDA:50,7,1,4
BRF:19
BRH:19
end_of_record
TN:
SF:src\features\sync\application\syncService.ts
FN:6,enqueueChange
FN:16,getPendingCount
FN:20,processPendingQueue
FNF:3
FNH:3
FNDA:27,enqueueChange
FNDA:1,getPendingCount
FNDA:2,processPendingQueue
DA:4,10
DA:12,27
DA:13,27
DA:17,1
DA:25,2
DA:26,2
DA:27,2
DA:29,2
DA:30,3
DA:32,3
DA:34,3
DA:35,2
DA:36,2
DA:38,1
DA:39,1
DA:43,2
DA:44,2
LF:17
LH:17
BRDA:34,0,0,2
BRDA:34,0,1,1
BRF:2
BRH:2
end_of_record
TN:
SF:src\features\sync\domain\syncQueue.ts
FN:28,addToQueue
FN:46,mergeByVersion
FN:66,detectConflict
FNF:3
FNH:3
FNDA:33,addToQueue
FNDA:9,mergeByVersion
FNDA:6,detectConflict
DA:34,33
DA:47,9
DA:48,3
DA:50,6
DA:51,2
DA:55,4
DA:56,4
DA:58,4
DA:59,2
DA:63,2
DA:71,6
DA:72,6
DA:73,6
LF:13
LH:13
BRDA:47,0,0,3
BRDA:47,0,1,6
BRDA:48,1,0,3
BRDA:48,1,1,0
BRDA:50,2,0,2
BRDA:50,2,1,4
BRDA:51,3,0,2
BRDA:51,3,1,0
BRDA:58,4,0,2
BRDA:58,4,1,2
BRDA:59,5,0,2
BRDA:59,5,1,0
BRDA:63,6,0,2
BRDA:63,6,1,0
BRDA:73,7,0,6
BRDA:73,7,1,4
BRF:16
BRH:12
end_of_record
TN:
SF:src\features\transactions\application\createTransaction.ts
FN:21,createTransaction
FNF:1
FNH:1
FNDA:10,createTransaction
DA:6,2
DA:16,2
DA:22,10
DA:24,10
DA:25,10
DA:27,10
DA:44,10
LF:7
LH:7
BRDA:32,0,0,10
BRDA:32,0,1,0
BRF:2
BRH:1
end_of_record
TN:
SF:src\features\transactions\application\getTransactionSummary.ts
FN:26,formatDate
FN:34,formatLastDate
FN:36,(anonymous_2)
FN:40,getTransactionSummary
FN:48,(anonymous_4)
FNF:5
FNH:5
FNDA:7,formatDate
FNDA:12,formatLastDate
FNDA:7,(anonymous_2)
FNDA:6,getTransactionSummary
FNDA:7,(anonymous_4)
DA:4,1
DA:27,7
DA:35,12
DA:36,7
DA:37,6
DA:41,6
DA:43,6
DA:44,6
DA:45,6
DA:46,6
DA:48,6
DA:49,7
DA:50,5
DA:51,5
DA:52,2
DA:53,2
DA:54,2
DA:57,7
DA:67,6
DA:68,6
DA:70,6
DA:72,6
DA:87,6
LF:23
LH:23
BRDA:35,0,0,6
BRDA:35,0,1,6
BRDA:49,1,0,5
BRDA:49,1,1,2
BRDA:52,2,0,2
BRDA:52,2,1,0
BRDA:61,3,0,5
BRDA:61,3,1,2
BRDA:75,4,0,2
BRDA:75,4,1,4
BRDA:79,5,0,4
BRDA:79,5,1,2
BRDA:83,6,0,4
BRDA:83,6,1,2
BRF:14
BRH:13
end_of_record
TN:
SF:src\features\transactions\domain\calculateSummary.ts
FN:18,calculateSummary
FN:50,formatLastTransactionDate
FNF:2
FNH:2
FNDA:12,calculateSummary
FNDA:2,formatLastTransactionDate
DA:19,12
DA:20,12
DA:21,12
DA:22,12
DA:24,12
DA:25,25
DA:26,25
DA:28,25
DA:29,12
DA:30,12
DA:31,9
DA:34,13
DA:35,13
DA:36,10
DA:41,12
DA:51,2
DA:52,1
DA:54,1
LF:18
LH:18
BRDA:28,0,0,12
BRDA:28,0,1,13
BRDA:30,1,0,9
BRDA:30,1,1,3
BRDA:30,2,0,12
BRDA:30,2,1,4
BRDA:35,3,0,10
BRDA:35,3,1,3
BRDA:35,4,0,13
BRDA:35,4,1,5
BRDA:51,5,0,1
BRDA:51,5,1,1
BRF:12
BRH:12
end_of_record
TN:
SF:src\features\transactions\domain\editDeleteRules.ts
FN:15,validateTransactionEdit
FN:29,effectiveAmount
FN:34,computeBalanceImpact
FNF:3
FNH:3
FNDA:5,validateTransactionEdit
FNDA:8,effectiveAmount
FNDA:5,computeBalanceImpact
DA:16,5
DA:18,5
DA:19,1
DA:22,5
DA:23,2
DA:26,5
DA:30,8
DA:31,2
DA:39,5
DA:40,2
DA:43,3
DA:45,3
LF:12
LH:12
BRDA:18,0,0,1
BRDA:18,0,1,4
BRDA:18,1,0,5
BRDA:18,1,1,3
BRDA:22,2,0,2
BRDA:22,2,1,3
BRDA:22,3,0,5
BRDA:22,3,1,3
BRDA:30,4,0,6
BRDA:30,4,1,2
BRDA:39,5,0,2
BRDA:39,5,1,3
BRDA:43,6,0,0
BRDA:43,6,1,3
BRF:14
BRH:13
end_of_record
TN:
SF:src\features\transactions\domain\installments.ts
FN:16,generateInstallments
FNF:1
FNH:1
FNDA:11,generateInstallments
DA:26,11
DA:28,11
DA:29,1
DA:32,10
DA:33,1
DA:36,9
DA:37,9
DA:38,9
DA:39,9
DA:40,9
DA:42,9
DA:44,9
DA:45,28
DA:46,28
DA:48,28
DA:70,9
LF:16
LH:16
BRDA:28,0,0,1
BRDA:28,0,1,10
BRDA:32,1,0,1
BRDA:32,1,1,9
BRDA:46,2,0,1
BRDA:46,2,1,27
BRF:6
BRH:6
end_of_record
TN:
SF:src\features\transactions\domain\recurring.ts
FN:18,advanceDate
FN:31,generateRecurringTransactions
FNF:2
FNH:2
FNDA:32,advanceDate
FNDA:10,generateRecurringTransactions
DA:19,32
DA:21,0
DA:23,4
DA:25,25
DA:27,3
DA:42,10
DA:44,10
DA:45,10
DA:46,10
DA:47,10
DA:49,10
DA:51,10
DA:52,32
DA:70,32
DA:73,10
LF:15
LH:14
BRDA:19,0,0,0
BRDA:19,0,1,4
BRDA:19,0,2,25
BRDA:19,0,3,3
BRDA:51,1,0,42
BRDA:51,1,1,19
BRF:6
BRH:5
end_of_record
TN:
SF:src\shared\domain\errors\AppError.ts
FN:14,(anonymous_0)
FNF:1
FNH:1
FNDA:35,(anonymous_0)
DA:15,35
DA:16,35
DA:17,35
DA:18,35
LF:4
LH:4
BRF:0
BRH:0
end_of_record
TN:
SF:src\shared\domain\value-objects\Money.ts
FN:2,(anonymous_0)
FN:4,(anonymous_1)
FN:11,(anonymous_2)
FN:15,(anonymous_3)
FN:23,(anonymous_4)
FN:27,(anonymous_5)
FN:31,(anonymous_6)
FN:35,(anonymous_7)
FN:42,(anonymous_8)
FN:46,(anonymous_9)
FN:50,(anonymous_10)
FN:54,(anonymous_11)
FN:58,(anonymous_12)
FN:62,(anonymous_13)
FN:66,(anonymous_14)
FN:70,(anonymous_15)
FN:74,(anonymous_16)
FN:78,(anonymous_17)
FN:82,(anonymous_18)
FNF:19
FNH:19
FNDA:81,(anonymous_0)
FNDA:65,(anonymous_1)
FNDA:9,(anonymous_2)
FNDA:2,(anonymous_3)
FNDA:1,(anonymous_4)
FNDA:15,(anonymous_5)
FNDA:1,(anonymous_6)
FNDA:43,(anonymous_7)
FNDA:2,(anonymous_8)
FNDA:1,(anonymous_9)
FNDA:2,(anonymous_10)
FNDA:2,(anonymous_11)
FNDA:2,(anonymous_12)
FNDA:2,(anonymous_13)
FNDA:1,(anonymous_14)
FNDA:1,(anonymous_15)
FNDA:1,(anonymous_16)
FNDA:1,(anonymous_17)
FNDA:1,(anonymous_18)
DA:5,65
DA:6,1
DA:8,64
DA:12,9
DA:16,2
DA:17,2
DA:18,1
DA:20,1
DA:24,1
DA:28,15
DA:32,1
DA:36,43
DA:43,2
DA:47,1
DA:51,2
DA:55,2
DA:59,2
DA:63,2
DA:67,1
DA:71,1
DA:75,1
DA:79,1
DA:83,1
LF:23
LH:23
BRDA:5,0,0,1
BRDA:5,0,1,64
BRDA:17,1,0,1
BRDA:17,1,1,1
BRDA:35,2,0,42
BRDA:35,3,0,42
BRF:6
BRH:6
end_of_record
TN:
SF:src\shared\infra\database\database.ts
FN:6,getDatabase
FN:21,closeDatabase
FNF:2
FNH:2
FNDA:76,getDatabase
FNDA:44,closeDatabase
DA:4,11
DA:7,76
DA:9,29
DA:11,29
DA:12,29
DA:14,29
DA:15,232
DA:18,29
DA:22,44
DA:23,21
DA:24,21
LF:11
LH:11
BRDA:7,0,0,47
BRDA:7,0,1,29
BRDA:22,1,0,21
BRDA:22,1,1,23
BRF:4
BRH:4
end_of_record
TN:
SF:src\shared\infra\database\schema.ts
FNF:0
FNH:0
DA:1,11
DA:18,11
DA:37,11
DA:62,11
DA:82,11
DA:100,11
DA:118,11
DA:136,11
DA:149,11
LF:9
LH:9
BRF:0
BRH:0
end_of_record
TN:
SF:src\shared\utils\categories.ts
FNF:0
FNH:0
DA:1,5
LF:1
LH:1
BRF:0
BRH:0
end_of_record
