TN:
SF:src\features\accounts\application\createAccount.ts
FN:16,createAccount
FNF:1
FNH:1
FNDA:7,createAccount
DA:14,2
DA:17,7
DA:18,2
DA:21,5
DA:23,5
DA:38,5
LF:6
LH:6
BRDA:17,0,0,2
BRDA:17,0,1,5
BRDA:29,1,0,5
BRDA:29,1,1,4
BRDA:30,2,0,5
BRDA:30,2,1,4
BRF:6
BRH:6
end_of_record
TN:
SF:src\features\accounts\application\createCreditCard.ts
FN:18,createCreditCard
FNF:1
FNH:1
FNDA:8,createCreditCard
DA:16,1
DA:19,8
DA:20,1
DA:23,7
DA:24,1
DA:27,6
DA:28,2
DA:31,4
DA:32,2
DA:35,2
DA:37,2
DA:53,2
LF:12
LH:12
BRDA:19,0,0,1
BRDA:19,0,1,7
BRDA:23,1,0,1
BRDA:23,1,1,6
BRDA:27,2,0,2
BRDA:27,2,1,4
BRDA:27,3,0,6
BRDA:27,3,1,5
BRDA:31,4,0,2
BRDA:31,4,1,2
BRDA:31,5,0,4
BRDA:31,5,1,3
BRDA:44,6,0,2
BRDA:44,6,1,1
BRF:14
BRH:14
end_of_record
TN:
SF:src\features\accounts\application\listAccounts.ts
FN:6,listAccounts
FNF:1
FNH:1
FNDA:2,listAccounts
DA:4,1
DA:7,2
LF:2
LH:2
BRF:0
BRH:0
end_of_record
TN:
SF:src\features\accounts\domain\calculateAccountBalance.ts
FN:10,calculateAccountBalance
FNF:1
FNH:1
FNDA:19,calculateAccountBalance
DA:14,19
DA:15,19
DA:16,19
DA:18,19
DA:19,43
DA:20,41
DA:22,40
DA:24,40
DA:25,22
DA:28,18
DA:32,19
LF:11
LH:11
BRDA:19,0,0,2
BRDA:19,0,1,41
BRDA:20,1,0,1
BRDA:20,1,1,40
BRDA:20,2,0,41
BRDA:20,2,1,3
BRDA:24,3,0,22
BRDA:24,3,1,18
BRF:8
BRH:8
end_of_record
TN:
SF:src\features\accounts\domain\invoiceRules.ts
FN:4,calculateInvoiceTotal
FN:6,(anonymous_1)
FN:7,(anonymous_2)
FN:18,getInvoiceStatus
FN:55,daysInMonth
FN:59,padTwo
FN:63,generateInvoiceDates
FNF:7
FNH:7
FNDA:3,calculateInvoiceTotal
FNDA:5,(anonymous_1)
FNDA:4,(anonymous_2)
FNDA:7,getInvoiceStatus
FNDA:4,daysInMonth
FNDA:16,padTwo
FNDA:4,generateInvoiceDates
DA:5,3
DA:6,5
DA:7,4
DA:19,7
DA:21,7
DA:22,1
DA:25,6
DA:26,6
DA:27,6
DA:29,6
DA:30,2
DA:33,4
DA:34,2
DA:35,1
DA:37,1
DA:40,2
DA:56,4
DA:60,16
DA:64,4
DA:66,4
DA:67,4
DA:69,4
DA:71,4
DA:72,4
DA:74,4
DA:75,3
DA:76,3
DA:77,1
DA:78,1
DA:82,4
DA:84,4
LF:31
LH:31
BRDA:21,0,0,1
BRDA:21,0,1,6
BRDA:21,1,0,7
BRDA:21,1,1,2
BRDA:29,2,0,2
BRDA:29,2,1,4
BRDA:29,3,0,6
BRDA:29,3,1,2
BRDA:33,4,0,2
BRDA:33,4,1,2
BRDA:34,5,0,1
BRDA:34,5,1,1
BRDA:34,6,0,2
BRDA:34,6,1,1
BRDA:74,7,0,3
BRDA:74,7,1,1
BRDA:76,8,0,1
BRDA:76,8,1,2
BRF:18
BRH:18
end_of_record
TN:
SF:src\features\accounts\infra\AccountRepository.ts
FN:5,(anonymous_0)
FN:28,(anonymous_1)
FN:48,(anonymous_2)
FN:53,(anonymous_3)
FN:59,(anonymous_4)
FN:84,mapRowToAccount
FNF:6
FNH:3
FNDA:5,(anonymous_0)
FNDA:0,(anonymous_1)
FNDA:0,(anonymous_2)
FNDA:0,(anonymous_3)
FNDA:2,(anonymous_4)
FNDA:2,mapRowToAccount
DA:6,5
DA:7,5
DA:25,5
DA:29,0
DA:30,0
DA:45,0
DA:49,0
DA:50,0
DA:54,0
DA:55,0
DA:56,0
DA:60,2
DA:61,2
DA:65,2
DA:85,2
LF:15
LH:7
BRDA:18,0,0,5
BRDA:18,0,1,0
BRDA:39,1,0,0
BRDA:39,1,1,0
BRDA:56,2,0,0
BRDA:56,2,1,0
BRF:6
BRH:1
end_of_record
TN:
SF:src\features\accounts\infra\CreditCardRepository.ts
FN:5,(anonymous_0)
FN:29,(anonymous_1)
FN:49,(anonymous_2)
FN:54,(anonymous_3)
FN:62,(anonymous_4)
FN:88,mapRowToCreditCard
FNF:6
FNH:1
FNDA:2,(anonymous_0)
FNDA:0,(anonymous_1)
FNDA:0,(anonymous_2)
FNDA:0,(anonymous_3)
FNDA:0,(anonymous_4)
FNDA:0,mapRowToCreditCard
DA:6,2
DA:7,2
DA:26,2
DA:30,0
DA:31,0
DA:46,0
DA:50,0
DA:51,0
DA:55,0
DA:56,0
DA:59,0
DA:63,0
DA:64,0
DA:68,0
DA:89,0
LF:15
LH:3
BRDA:18,0,0,2
BRDA:18,0,1,0
BRDA:40,1,0,0
BRDA:40,1,1,0
BRDA:59,2,0,0
BRDA:59,2,1,0
BRF:6
BRH:1
end_of_record
TN:
SF:src\features\budget\application\createBudget.ts
FN:17,createBudget
FNF:1
FNH:1
FNDA:6,createBudget
DA:6,2
DA:18,6
DA:19,2
DA:21,4
DA:22,2
DA:25,2
DA:26,2
DA:41,2
LF:8
LH:8
BRDA:18,0,0,2
BRDA:18,0,1,4
BRDA:21,1,0,2
BRDA:21,1,1,2
BRF:4
BRH:4
end_of_record
TN:
SF:src\features\budget\application\listBudgets.ts
FN:12,listBudgets
FN:18,(anonymous_1)
FNF:2
FNH:2
FNDA:2,listBudgets
FNDA:1,(anonymous_1)
DA:5,1
DA:17,2
DA:18,2
LF:3
LH:3
BRF:0
BRH:0
end_of_record
TN:
SF:src\features\budget\domain\budgetRules.ts
FN:7,calculateBudgetConsumption
FN:24,checkBudgetAlert
FN:43,applyRollover
FNF:3
FNH:3
FNDA:6,calculateBudgetConsumption
FNDA:7,checkBudgetAlert
FNDA:4,applyRollover
DA:11,6
DA:12,1
DA:15,5
DA:28,7
DA:30,6
DA:32,6
DA:33,4
DA:34,2
DA:44,4
DA:45,4
DA:46,4
LF:11
LH:11
BRDA:11,0,0,1
BRDA:11,0,1,5
BRDA:28,1,0,1
BRDA:28,1,1,6
BRDA:32,2,0,2
BRDA:32,2,1,4
BRDA:33,3,0,2
BRDA:33,3,1,2
BRF:8
BRH:8
end_of_record
TN:
SF:src\features\budget\infra\BudgetRepository.ts
FN:5,(anonymous_0)
FN:22,(anonymous_1)
FN:30,(anonymous_2)
FN:39,(anonymous_3)
FN:53,(anonymous_4)
FN:74,mapRow
FNF:6
FNH:3
FNDA:2,(anonymous_0)
FNDA:0,(anonymous_1)
FNDA:2,(anonymous_2)
FNDA:0,(anonymous_3)
FNDA:0,(anonymous_4)
FNDA:1,mapRow
DA:6,2
DA:7,2
DA:19,2
DA:23,0
DA:24,0
DA:31,2
DA:32,2
DA:36,2
DA:45,0
DA:46,0
DA:50,0
DA:54,0
DA:55,0
DA:75,1
LF:14
LH:7
BRDA:14,0,0,0
BRDA:14,0,1,2
BRDA:16,1,0,0
BRDA:16,1,1,2
BRDA:50,2,0,0
BRDA:50,2,1,0
BRF:6
BRH:2
end_of_record
TN:
SF:src\features\calendar\application\createReminder.ts
FN:16,createReminder
FNF:1
FNH:1
FNDA:7,createReminder
DA:5,1
DA:19,7
DA:20,2
DA:22,5
DA:23,1
DA:26,4
DA:27,4
DA:40,4
LF:8
LH:8
BRDA:19,0,0,2
BRDA:19,0,1,5
BRDA:22,1,0,1
BRDA:22,1,1,4
BRDA:34,2,0,4
BRDA:34,2,1,3
BRF:6
BRH:6
end_of_record
TN:
SF:src\features\calendar\application\getUpcomingDues.ts
FN:7,getUpcomingDues
FNF:1
FNH:1
FNDA:1,getUpcomingDues
DA:5,1
DA:8,1
DA:9,1
DA:10,1
LF:4
LH:4
BRDA:7,0,0,0
BRF:1
BRH:0
end_of_record
TN:
SF:src\features\calendar\domain\upcomingDues.ts
FN:11,calculateUpcomingDues
FN:19,(anonymous_1)
FN:26,(anonymous_2)
FN:31,shouldNotify
FNF:4
FNH:4
FNDA:7,calculateUpcomingDues
FNDA:24,(anonymous_1)
FNDA:5,(anonymous_2)
FNDA:4,shouldNotify
DA:16,7
DA:18,7
DA:20,24
DA:21,18
DA:22,18
DA:23,18
DA:27,5
DA:36,4
DA:37,4
LF:9
LH:9
BRDA:20,0,0,6
BRDA:20,0,1,18
BRDA:23,1,0,18
BRDA:23,1,1,13
BRDA:37,2,0,4
BRDA:37,2,1,3
BRF:6
BRH:6
end_of_record
TN:
SF:src\features\calendar\infra\ReminderRepository.ts
FN:29,mapRow
FN:45,(anonymous_1)
FN:66,(anonymous_2)
FN:85,(anonymous_3)
FN:93,(anonymous_4)
FN:102,(anonymous_5)
FN:111,(anonymous_6)
FNF:7
FNH:2
FNDA:0,mapRow
FNDA:4,(anonymous_1)
FNDA:0,(anonymous_2)
FNDA:0,(anonymous_3)
FNDA:0,(anonymous_4)
FNDA:1,(anonymous_5)
FNDA:0,(anonymous_6)
DA:30,0
DA:46,4
DA:47,4
DA:63,4
DA:67,0
DA:68,0
DA:82,0
DA:86,0
DA:87,0
DA:94,0
DA:95,0
DA:99,0
DA:103,1
DA:104,1
DA:108,1
DA:112,0
DA:113,0
LF:17
LH:6
BRDA:36,0,0,0
BRDA:36,0,1,0
BRDA:55,1,0,0
BRDA:55,1,1,4
BRDA:56,2,0,4
BRDA:56,2,1,3
BRDA:75,3,0,0
BRDA:75,3,1,0
BRDA:76,4,0,0
BRDA:76,4,1,0
BRF:10
BRH:3
end_of_record
TN:
SF:src\features\import-export\application\exportTransactions.ts
FN:4,exportToCSV
FNF:1
FNH:1
FNDA:2,exportToCSV
DA:5,2
LF:1
LH:1
BRF:0
BRH:0
end_of_record
TN:
SF:src\features\import-export\application\importTransactions.ts
FN:11,processCSVImport
FN:23,(anonymous_1)
FNF:2
FNH:2
FNDA:5,processCSVImport
FNDA:7,(anonymous_1)
DA:18,5
DA:19,5
DA:20,5
DA:22,5
DA:23,7
DA:40,5
LF:6
LH:6
BRF:0
BRH:0
end_of_record
TN:
SF:src\features\import-export\domain\csvExporter.ts
FN:4,transactionsToCSV
FN:6,(anonymous_1)
FNF:2
FNH:2
FNDA:7,transactionsToCSV
FNDA:8,(anonymous_1)
DA:5,7
DA:6,7
DA:7,8
DA:8,8
DA:9,8
DA:11,7
LF:6
LH:6
BRDA:8,0,0,1
BRDA:8,0,1,7
BRF:2
BRH:2
end_of_record
TN:
SF:src\features\import-export\domain\csvParser.ts
FN:26,normalizeAmountBR
FN:48,normalizeDateBR
FN:71,splitCSVLine
FN:91,parseCSV
FN:93,(anonymous_4)
FN:99,(anonymous_5)
FN:159,deduplicateByHash
FN:161,(anonymous_7)
FNF:8
FNH:8
FNDA:23,normalizeAmountBR
FNDA:19,normalizeDateBR
FNDA:28,splitCSVLine
FNDA:11,parseCSV
FNDA:29,(anonymous_4)
FNDA:42,(anonymous_5)
FNDA:7,deduplicateByHash
FNDA:13,(anonymous_7)
DA:27,23
DA:28,23
DA:29,23
DA:31,23
DA:35,23
DA:37,12
DA:38,12
DA:41,11
DA:44,23
DA:45,23
DA:49,19
DA:52,19
DA:53,1
DA:57,18
DA:58,18
DA:59,18
DA:60,18
DA:61,18
DA:62,18
DA:63,1
DA:65,18
DA:68,0
DA:72,28
DA:73,28
DA:74,28
DA:76,28
DA:77,840
DA:78,840
DA:79,14
DA:80,826
DA:81,80
DA:82,80
DA:84,746
DA:87,28
DA:88,28
DA:92,11
DA:93,29
DA:95,11
DA:96,0
DA:99,11
DA:100,42
DA:103,11
DA:104,11
DA:105,11
DA:106,11
DA:110,11
DA:111,0
DA:113,11
DA:114,0
DA:116,11
DA:117,0
DA:119,11
DA:120,1
DA:123,10
DA:124,10
DA:126,10
DA:127,17
DA:129,17
DA:130,17
DA:131,17
DA:132,17
DA:134,17
DA:135,2
DA:136,2
DA:139,15
DA:142,15
DA:143,13
DA:145,2
DA:148,15
DA:156,10
DA:160,7
DA:161,7
DA:162,13
DA:163,13
DA:164,11
DA:165,11
LF:76
LH:71
BRDA:29,0,0,2
BRDA:29,0,1,21
BRDA:35,1,0,12
BRDA:35,1,1,11
BRDA:45,2,0,2
BRDA:45,2,1,21
BRDA:52,3,0,1
BRDA:52,3,1,18
BRDA:58,4,0,18
BRDA:58,4,1,0
BRDA:62,5,0,1
BRDA:62,5,1,17
BRDA:78,6,0,14
BRDA:78,6,1,826
BRDA:80,7,0,80
BRDA:80,7,1,746
BRDA:80,8,0,826
BRDA:80,8,1,87
BRDA:92,9,0,11
BRDA:92,9,1,10
BRDA:95,10,0,0
BRDA:95,10,1,11
BRDA:106,11,0,10
BRDA:106,11,1,1
BRDA:110,12,0,0
BRDA:110,12,1,11
BRDA:113,13,0,0
BRDA:113,13,1,11
BRDA:116,14,0,0
BRDA:116,14,1,11
BRDA:119,15,0,1
BRDA:119,15,1,10
BRDA:119,16,0,11
BRDA:119,16,1,10
BRDA:129,17,0,17
BRDA:129,17,1,0
BRDA:130,18,0,17
BRDA:130,18,1,0
BRDA:131,19,0,17
BRDA:131,19,1,0
BRDA:132,20,0,15
BRDA:132,20,1,2
BRDA:132,21,0,15
BRDA:132,21,1,0
BRDA:134,22,0,2
BRDA:134,22,1,15
BRDA:142,23,0,13
BRDA:142,23,1,2
BRDA:143,24,0,3
BRDA:143,24,1,10
BRDA:145,25,0,1
BRDA:145,25,1,1
BRDA:163,26,0,2
BRDA:163,26,1,11
BRF:54
BRH:45
end_of_record
TN:
SF:src\features\resume\application\getCategoryBreakdown.ts
FN:16,getCategoryBreakdown
FN:23,(anonymous_1)
FN:24,(anonymous_2)
FN:30,(anonymous_3)
FN:32,(anonymous_4)
FNF:5
FNH:5
FNDA:2,getCategoryBreakdown
FNDA:2,(anonymous_1)
FNDA:2,(anonymous_2)
FNDA:6,(anonymous_3)
FNDA:12,(anonymous_4)
DA:5,1
DA:21,2
DA:23,2
DA:24,2
DA:26,2
DA:28,1
DA:30,1
DA:31,6
DA:32,6
DA:33,12
DA:34,2
DA:38,6
DA:39,2
DA:50,1
LF:14
LH:14
BRDA:26,0,0,1
BRDA:26,0,1,1
BRDA:33,1,0,2
BRDA:33,1,1,10
BRDA:38,2,0,2
BRDA:38,2,1,4
BRF:6
BRH:6
end_of_record
TN:
SF:src\features\resume\domain\aggregateByCategory.ts
FN:20,aggregateByCategory
FN:25,(anonymous_1)
FN:30,(anonymous_2)
FNF:3
FNH:3
FNDA:8,aggregateByCategory
FNDA:12,(anonymous_1)
FNDA:10,(anonymous_2)
DA:25,8
DA:26,12
DA:27,12
DA:30,10
DA:32,8
DA:33,1
DA:36,7
DA:38,7
DA:39,42
DA:41,42
DA:42,60
DA:43,10
DA:47,42
DA:48,9
DA:53,9
DA:55,9
DA:66,7
LF:17
LH:17
BRDA:27,0,0,12
BRDA:27,0,1,11
BRDA:27,0,2,10
BRDA:32,1,0,1
BRDA:32,1,1,7
BRDA:42,2,0,10
BRDA:42,2,1,50
BRDA:47,3,0,9
BRDA:47,3,1,33
BRF:9
BRH:9
end_of_record
TN:
SF:src\features\sync\application\syncService.ts
FN:6,enqueueChange
FN:16,getPendingCount
FN:20,processPendingQueue
FNF:3
FNH:3
FNDA:4,enqueueChange
FNDA:1,getPendingCount
FNDA:2,processPendingQueue
DA:4,1
DA:12,4
DA:13,4
DA:17,1
DA:23,2
DA:24,2
DA:25,2
DA:27,2
DA:28,3
DA:30,3
DA:32,3
DA:33,2
DA:34,2
DA:36,1
DA:37,1
DA:41,2
DA:42,2
LF:17
LH:17
BRDA:32,0,0,2
BRDA:32,0,1,1
BRF:2
BRH:2
end_of_record
TN:
SF:src\features\sync\domain\syncQueue.ts
FN:28,addToQueue
FN:46,mergeByVersion
FN:69,detectConflict
FNF:3
FNH:3
FNDA:9,addToQueue
FNDA:4,mergeByVersion
FNDA:3,detectConflict
DA:34,9
DA:50,4
DA:51,1
DA:53,3
DA:54,1
DA:58,2
DA:59,2
DA:61,2
DA:62,1
DA:66,1
DA:74,3
DA:75,3
DA:76,3
LF:13
LH:13
BRDA:50,0,0,1
BRDA:50,0,1,3
BRDA:51,1,0,1
BRDA:51,1,1,0
BRDA:53,2,0,1
BRDA:53,2,1,2
BRDA:54,3,0,1
BRDA:54,3,1,0
BRDA:61,4,0,1
BRDA:61,4,1,1
BRDA:62,5,0,1
BRDA:62,5,1,0
BRDA:66,6,0,1
BRDA:66,6,1,0
BRDA:76,7,0,3
BRDA:76,7,1,2
BRF:16
BRH:12
end_of_record
TN:
SF:src\features\sync\infra\SyncQueueRepository.ts
FN:15,mapRow
FN:29,(anonymous_1)
FN:47,(anonymous_2)
FN:56,(anonymous_3)
FN:64,(anonymous_4)
FN:72,(anonymous_5)
FN:77,(anonymous_6)
FNF:7
FNH:7
FNDA:3,mapRow
FNDA:4,(anonymous_1)
FNDA:2,(anonymous_2)
FNDA:5,(anonymous_3)
FNDA:1,(anonymous_4)
FNDA:2,(anonymous_5)
FNDA:1,(anonymous_6)
DA:16,3
DA:30,4
DA:31,4
DA:48,2
DA:49,2
DA:53,2
DA:57,5
DA:58,5
DA:65,1
DA:66,1
DA:73,2
DA:74,2
DA:78,1
DA:79,1
DA:82,1
LF:15
LH:15
BRDA:21,0,0,3
BRDA:21,0,1,0
BRDA:39,1,0,4
BRDA:39,1,1,0
BRDA:47,2,0,2
BRDA:82,3,0,1
BRDA:82,3,1,1
BRF:7
BRH:5
end_of_record
TN:
SF:src\features\transactions\application\createTransaction.ts
FN:21,createTransaction
FNF:1
FNH:1
FNDA:10,createTransaction
DA:6,2
DA:16,2
DA:24,10
DA:26,10
DA:27,10
DA:29,10
DA:46,10
LF:7
LH:7
BRDA:34,0,0,10
BRDA:34,0,1,0
BRF:2
BRH:1
end_of_record
TN:
SF:src\features\transactions\application\getTransactionSummary.ts
FN:26,formatDate
FN:34,formatLastDate
FN:36,(anonymous_2)
FN:40,getTransactionSummary
FN:50,(anonymous_4)
FNF:5
FNH:5
FNDA:7,formatDate
FNDA:12,formatLastDate
FNDA:7,(anonymous_2)
FNDA:6,getTransactionSummary
FNDA:7,(anonymous_4)
DA:4,1
DA:27,7
DA:35,12
DA:36,7
DA:37,6
DA:43,6
DA:45,6
DA:46,6
DA:47,6
DA:48,6
DA:50,6
DA:51,7
DA:52,5
DA:53,5
DA:54,2
DA:55,2
DA:56,2
DA:59,7
DA:69,6
DA:70,6
DA:72,6
DA:74,6
DA:98,6
LF:23
LH:23
BRDA:35,0,0,6
BRDA:35,0,1,6
BRDA:51,1,0,5
BRDA:51,1,1,2
BRDA:54,2,0,2
BRDA:54,2,1,0
BRDA:63,3,0,5
BRDA:63,3,1,2
BRDA:78,4,0,2
BRDA:78,4,1,4
BRDA:85,5,0,4
BRDA:85,5,1,2
BRDA:92,6,0,4
BRDA:92,6,1,2
BRF:14
BRH:13
end_of_record
TN:
SF:src\features\transactions\domain\calculateSummary.ts
FN:18,calculateSummary
FN:50,formatLastTransactionDate
FNF:2
FNH:2
FNDA:7,calculateSummary
FNDA:2,formatLastTransactionDate
DA:19,7
DA:20,7
DA:21,7
DA:22,7
DA:24,7
DA:25,15
DA:26,15
DA:28,15
DA:29,8
DA:30,8
DA:31,5
DA:34,7
DA:35,7
DA:36,5
DA:41,7
DA:51,2
DA:52,1
DA:54,1
LF:18
LH:18
BRDA:28,0,0,8
BRDA:28,0,1,7
BRDA:30,1,0,5
BRDA:30,1,1,3
BRDA:30,2,0,8
BRDA:30,2,1,4
BRDA:35,3,0,5
BRDA:35,3,1,2
BRDA:35,4,0,7
BRDA:35,4,1,3
BRDA:51,5,0,1
BRDA:51,5,1,1
BRF:12
BRH:12
end_of_record
TN:
SF:src\features\transactions\domain\editDeleteRules.ts
FN:15,validateTransactionEdit
FN:29,effectiveAmount
FN:34,computeBalanceImpact
FNF:3
FNH:3
FNDA:5,validateTransactionEdit
FNDA:8,effectiveAmount
FNDA:5,computeBalanceImpact
DA:16,5
DA:18,5
DA:19,1
DA:22,5
DA:23,2
DA:26,5
DA:30,8
DA:31,2
DA:39,5
DA:40,2
DA:43,3
DA:45,3
LF:12
LH:12
BRDA:18,0,0,1
BRDA:18,0,1,4
BRDA:18,1,0,5
BRDA:18,1,1,3
BRDA:22,2,0,2
BRDA:22,2,1,3
BRDA:22,3,0,5
BRDA:22,3,1,3
BRDA:30,4,0,6
BRDA:30,4,1,2
BRDA:39,5,0,2
BRDA:39,5,1,3
BRDA:43,6,0,0
BRDA:43,6,1,3
BRF:14
BRH:13
end_of_record
TN:
SF:src\features\transactions\domain\installments.ts
FN:16,generateInstallments
FNF:1
FNH:1
FNDA:11,generateInstallments
DA:26,11
DA:28,11
DA:29,1
DA:32,10
DA:33,1
DA:36,9
DA:37,9
DA:38,9
DA:39,9
DA:40,9
DA:42,9
DA:44,9
DA:45,28
DA:46,28
DA:48,28
DA:70,9
LF:16
LH:16
BRDA:28,0,0,1
BRDA:28,0,1,10
BRDA:32,1,0,1
BRDA:32,1,1,9
BRDA:46,2,0,1
BRDA:46,2,1,27
BRF:6
BRH:6
end_of_record
TN:
SF:src\features\transactions\domain\recurring.ts
FN:18,advanceDate
FN:31,generateRecurringTransactions
FNF:2
FNH:2
FNDA:32,advanceDate
FNDA:10,generateRecurringTransactions
DA:19,32
DA:21,0
DA:23,4
DA:25,25
DA:27,3
DA:42,10
DA:44,10
DA:45,10
DA:46,10
DA:47,10
DA:49,10
DA:51,10
DA:52,32
DA:70,32
DA:73,10
LF:15
LH:14
BRDA:19,0,0,0
BRDA:19,0,1,4
BRDA:19,0,2,25
BRDA:19,0,3,3
BRDA:51,1,0,42
BRDA:51,1,1,19
BRF:6
BRH:5
end_of_record
TN:
SF:src\features\transactions\infra\TransactionRepository.ts
FN:5,(anonymous_0)
FN:35,(anonymous_1)
FN:37,(anonymous_2)
FN:68,(anonymous_3)
FN:89,(anonymous_4)
FN:94,(anonymous_5)
FN:102,(anonymous_6)
FN:127,(anonymous_7)
FN:135,(anonymous_8)
FN:166,mapRow
FNF:10
FNH:3
FNDA:10,(anonymous_0)
FNDA:0,(anonymous_1)
FNDA:0,(anonymous_2)
FNDA:0,(anonymous_3)
FNDA:0,(anonymous_4)
FNDA:0,(anonymous_5)
FNDA:8,(anonymous_6)
FNDA:0,(anonymous_7)
FNDA:0,(anonymous_8)
FNDA:9,mapRow
DA:6,10
DA:7,10
DA:32,10
DA:36,0
DA:37,0
DA:38,0
DA:39,0
DA:69,0
DA:70,0
DA:71,0
DA:86,0
DA:90,0
DA:91,0
DA:95,0
DA:96,0
DA:99,0
DA:106,8
DA:107,8
DA:108,8
DA:110,8
DA:111,0
DA:112,0
DA:115,8
DA:116,2
DA:118,2
DA:121,8
DA:123,8
DA:124,8
DA:128,0
DA:129,0
DA:132,0
DA:136,0
DA:137,0
DA:140,0
DA:167,9
LF:35
LH:14
BRDA:20,0,0,10
BRDA:20,0,1,10
BRDA:21,1,0,10
BRDA:21,1,1,10
BRDA:22,2,0,10
BRDA:22,2,1,10
BRDA:23,3,0,10
BRDA:23,3,1,10
BRDA:24,4,0,10
BRDA:24,4,1,10
BRDA:52,5,0,0
BRDA:52,5,1,0
BRDA:53,6,0,0
BRDA:53,6,1,0
BRDA:54,7,0,0
BRDA:54,7,1,0
BRDA:55,8,0,0
BRDA:55,8,1,0
BRDA:56,9,0,0
BRDA:56,9,1,0
BRDA:99,10,0,0
BRDA:99,10,1,0
BRDA:110,11,0,0
BRDA:110,11,1,8
BRDA:115,12,0,2
BRDA:115,12,1,6
BRDA:115,13,0,8
BRDA:115,13,1,2
BRDA:177,14,0,9
BRDA:177,14,1,9
BRDA:178,15,0,9
BRDA:178,15,1,9
BRDA:179,16,0,9
BRDA:179,16,1,9
BRDA:180,17,0,9
BRDA:180,17,1,9
BRDA:181,18,0,9
BRDA:181,18,1,9
BRF:38
BRH:25
end_of_record
TN:
SF:src\shared\domain\errors\AppError.ts
FN:14,(anonymous_0)
FNF:1
FNH:1
FNDA:25,(anonymous_0)
DA:15,25
DA:16,25
DA:17,25
DA:18,25
LF:4
LH:4
BRF:0
BRH:0
end_of_record
TN:
SF:src\shared\domain\value-objects\Money.ts
FN:2,(anonymous_0)
FN:4,(anonymous_1)
FN:11,(anonymous_2)
FN:15,(anonymous_3)
FN:23,(anonymous_4)
FN:27,(anonymous_5)
FN:31,(anonymous_6)
FN:35,(anonymous_7)
FN:42,(anonymous_8)
FN:46,(anonymous_9)
FN:50,(anonymous_10)
FN:54,(anonymous_11)
FN:58,(anonymous_12)
FN:62,(anonymous_13)
FN:66,(anonymous_14)
FN:70,(anonymous_15)
FN:74,(anonymous_16)
FN:78,(anonymous_17)
FN:82,(anonymous_18)
FNF:19
FNH:19
FNDA:74,(anonymous_0)
FNDA:58,(anonymous_1)
FNDA:9,(anonymous_2)
FNDA:2,(anonymous_3)
FNDA:1,(anonymous_4)
FNDA:15,(anonymous_5)
FNDA:1,(anonymous_6)
FNDA:36,(anonymous_7)
FNDA:2,(anonymous_8)
FNDA:1,(anonymous_9)
FNDA:2,(anonymous_10)
FNDA:2,(anonymous_11)
FNDA:2,(anonymous_12)
FNDA:2,(anonymous_13)
FNDA:1,(anonymous_14)
FNDA:1,(anonymous_15)
FNDA:1,(anonymous_16)
FNDA:1,(anonymous_17)
FNDA:1,(anonymous_18)
DA:5,58
DA:6,1
DA:8,57
DA:12,9
DA:16,2
DA:17,2
DA:18,1
DA:20,1
DA:24,1
DA:28,15
DA:32,1
DA:36,36
DA:43,2
DA:47,1
DA:51,2
DA:55,2
DA:59,2
DA:63,2
DA:67,1
DA:71,1
DA:75,1
DA:79,1
DA:83,1
LF:23
LH:23
BRDA:5,0,0,1
BRDA:5,0,1,57
BRDA:17,1,0,1
BRDA:17,1,1,1
BRDA:35,2,0,35
BRDA:35,3,0,35
BRF:6
BRH:6
end_of_record
TN:
SF:src\shared\infra\database\database.ts
FN:6,getDatabase
FN:21,closeDatabase
FNF:2
FNH:2
FNDA:51,getDatabase
FNDA:39,closeDatabase
DA:4,10
DA:7,51
DA:9,27
DA:11,27
DA:12,27
DA:14,27
DA:15,189
DA:18,27
DA:22,39
DA:23,20
DA:24,20
LF:11
LH:11
BRDA:7,0,0,24
BRDA:7,0,1,27
BRDA:22,1,0,20
BRDA:22,1,1,19
BRF:4
BRH:4
end_of_record
TN:
SF:src\shared\infra\database\schema.ts
FNF:0
FNH:0
DA:1,10
DA:18,10
DA:37,10
DA:62,10
DA:82,10
DA:100,10
DA:118,10
DA:131,10
LF:8
LH:8
BRF:0
BRH:0
end_of_record
TN:
SF:src\shared\utils\categories.ts
FNF:0
FNH:0
DA:1,3
LF:1
LH:1
BRF:0
BRH:0
end_of_record
